Classic Timing Analyzer report for vl2
Wed Nov 02 18:00:16 2022
Quartus II Version 9.1 Build 350 03/24/2010 Service Pack 2 SJ Web Edition


---------------------
; Table of Contents ;
---------------------
  1. Legal Notice
  2. Timing Analyzer Summary
  3. Timing Analyzer Settings
  4. Clock Settings Summary
  5. Parallel Compilation
  6. Clock Setup: 'fin'
  7. Clock Setup: 'P19'
  8. tsu
  9. tco
 10. th
 11. Timing Analyzer Messages



----------------
; Legal Notice ;
----------------
Copyright (C) 1991-2010 Altera Corporation
Your use of Altera Corporation's design tools, logic functions 
and other software and tools, and its AMPP partner logic 
functions, and any output files from any of the foregoing 
(including device programming or simulation files), and any 
associated documentation or information are expressly subject 
to the terms and conditions of the Altera Program License 
Subscription Agreement, Altera MegaCore Function License 
Agreement, or other applicable license agreement, including, 
without limitation, that your use is for the sole purpose of 
programming logic devices manufactured by Altera and sold by 
Altera or its authorized distributors.  Please refer to the 
applicable agreement for further details.



+----------------------------------------------------------------------------------------------------------------------------------------------------------------------------------------------+
; Timing Analyzer Summary                                                                                                                                                                      ;
+------------------------------+-------+---------------+----------------------------------+------------------------------+------------------------------+------------+----------+--------------+
; Type                         ; Slack ; Required Time ; Actual Time                      ; From                         ; To                           ; From Clock ; To Clock ; Failed Paths ;
+------------------------------+-------+---------------+----------------------------------+------------------------------+------------------------------+------------+----------+--------------+
; Worst-case tsu               ; N/A   ; None          ; -0.200 ns                        ; P5                           ; P5_d                         ; --         ; fin      ; 0            ;
; Worst-case tco               ; N/A   ; None          ; 26.800 ns                        ; lpm_counter:qb_rtl_0|dffs[1] ; qb[1]                        ; fin        ; --       ; 0            ;
; Worst-case th                ; N/A   ; None          ; 4.400 ns                         ; P5                           ; P5_d                         ; --         ; fin      ; 0            ;
; Clock Setup: 'P19'           ; N/A   ; None          ; 70.92 MHz ( period = 14.100 ns ) ; lpm_counter:qb_rtl_0|dffs[2] ; lpm_counter:qb_rtl_0|dffs[1] ; P19        ; P19      ; 0            ;
; Clock Setup: 'fin'           ; N/A   ; None          ; 70.92 MHz ( period = 14.100 ns ) ; lpm_counter:qb_rtl_0|dffs[2] ; lpm_counter:qb_rtl_0|dffs[1] ; fin        ; fin      ; 0            ;
; Total number of failed paths ;       ;               ;                                  ;                              ;                              ;            ;          ; 0            ;
+------------------------------+-------+---------------+----------------------------------+------------------------------+------------------------------+------------+----------+--------------+


+-----------------------------------------------------------------------------------------------------------------------------------------------------+
; Timing Analyzer Settings                                                                                                                            ;
+------------------------------------------------------------------------------------------------------+--------------------+------+----+-------------+
; Option                                                                                               ; Setting            ; From ; To ; Entity Name ;
+------------------------------------------------------------------------------------------------------+--------------------+------+----+-------------+
; Device Name                                                                                          ; EPM3064ALC44-10    ;      ;    ;             ;
; Timing Models                                                                                        ; Final              ;      ;    ;             ;
; Default hold multicycle                                                                              ; Same as Multicycle ;      ;    ;             ;
; Cut paths between unrelated clock domains                                                            ; On                 ;      ;    ;             ;
; Cut off read during write signal paths                                                               ; On                 ;      ;    ;             ;
; Cut off feedback from I/O pins                                                                       ; On                 ;      ;    ;             ;
; Report Combined Fast/Slow Timing                                                                     ; Off                ;      ;    ;             ;
; Ignore Clock Settings                                                                                ; Off                ;      ;    ;             ;
; Analyze latches as synchronous elements                                                              ; On                 ;      ;    ;             ;
; Enable Recovery/Removal analysis                                                                     ; Off                ;      ;    ;             ;
; Enable Clock Latency                                                                                 ; Off                ;      ;    ;             ;
; Use TimeQuest Timing Analyzer                                                                        ; Off                ;      ;    ;             ;
; Minimum Core Junction Temperature                                                                    ; 0                  ;      ;    ;             ;
; Maximum Core Junction Temperature                                                                    ; 85                 ;      ;    ;             ;
; Number of source nodes to report per destination node                                                ; 10                 ;      ;    ;             ;
; Number of destination nodes to report                                                                ; 10                 ;      ;    ;             ;
; Number of paths to report                                                                            ; 200                ;      ;    ;             ;
; Report Minimum Timing Checks                                                                         ; Off                ;      ;    ;             ;
; Use Fast Timing Models                                                                               ; Off                ;      ;    ;             ;
; Report IO Paths Separately                                                                           ; Off                ;      ;    ;             ;
; Perform Multicorner Analysis                                                                         ; Off                ;      ;    ;             ;
; Reports the worst-case path for each clock domain and analysis                                       ; Off                ;      ;    ;             ;
; Reports worst-case timing paths for each clock domain and analysis                                   ; On                 ;      ;    ;             ;
; Specifies the maximum number of worst-case timing paths to report for each clock domain and analysis ; 100                ;      ;    ;             ;
; Removes common clock path pessimism (CCPP) during slack computation                                  ; Off                ;      ;    ;             ;
; Output I/O Timing Endpoint                                                                           ; Near End           ;      ;    ;             ;
+------------------------------------------------------------------------------------------------------+--------------------+------+----+-------------+


+------------------------------------------------------------------------------------------------------------------------------------------------------------------------------------+
; Clock Settings Summary                                                                                                                                                             ;
+-----------------+--------------------+----------+------------------+---------------+--------------+----------+-----------------------+---------------------+--------+--------------+
; Clock Node Name ; Clock Setting Name ; Type     ; Fmax Requirement ; Early Latency ; Late Latency ; Based on ; Multiply Base Fmax by ; Divide Base Fmax by ; Offset ; Phase offset ;
+-----------------+--------------------+----------+------------------+---------------+--------------+----------+-----------------------+---------------------+--------+--------------+
; fin             ;                    ; User Pin ; None             ; 0.000 ns      ; 0.000 ns     ; --       ; N/A                   ; N/A                 ; N/A    ;              ;
; P19             ;                    ; User Pin ; None             ; 0.000 ns      ; 0.000 ns     ; --       ; N/A                   ; N/A                 ; N/A    ;              ;
+-----------------+--------------------+----------+------------------+---------------+--------------+----------+-----------------------+---------------------+--------+--------------+


Parallel compilation was disabled, but you have multiple processors available. Enable parallel compilation to reduce compilation time.
+-------------------------------------+
; Parallel Compilation                ;
+----------------------------+--------+
; Processors                 ; Number ;
+----------------------------+--------+
; Number detected on machine ; 6      ;
; Maximum allowed            ; 1      ;
+----------------------------+--------+


+-----------------------------------------------------------------------------------------------------------------------------------------------------------------------------------------------------------------------------+
; Clock Setup: 'fin'                                                                                                                                                                                                          ;
+-------+-----------------------------------+----------------------------------+----------------------------------+------------+----------+-----------------------------+---------------------------+-------------------------+
; Slack ; Actual fmax (period)              ; From                             ; To                               ; From Clock ; To Clock ; Required Setup Relationship ; Required Longest P2P Time ; Actual Longest P2P Time ;
+-------+-----------------------------------+----------------------------------+----------------------------------+------------+----------+-----------------------------+---------------------------+-------------------------+
; N/A   ; 70.92 MHz ( period = 14.100 ns )  ; lpm_counter:qb_rtl_0|dffs[1]     ; qa[1]~reg0                       ; fin        ; fin      ; None                        ; None                      ; 9.600 ns                ;
; N/A   ; 70.92 MHz ( period = 14.100 ns )  ; lpm_counter:qb_rtl_0|dffs[0]     ; qa[1]~reg0                       ; fin        ; fin      ; None                        ; None                      ; 9.600 ns                ;
; N/A   ; 70.92 MHz ( period = 14.100 ns )  ; lpm_counter:qb_rtl_0|dffs[2]     ; qa[1]~reg0                       ; fin        ; fin      ; None                        ; None                      ; 9.600 ns                ;
; N/A   ; 70.92 MHz ( period = 14.100 ns )  ; qa[1]~reg0                       ; lpm_counter:qb_rtl_0|dffs[1]     ; fin        ; fin      ; None                        ; None                      ; 9.600 ns                ;
; N/A   ; 70.92 MHz ( period = 14.100 ns )  ; lpm_counter:qb_rtl_0|dffs[2]     ; lpm_counter:qb_rtl_0|dffs[1]     ; fin        ; fin      ; None                        ; None                      ; 9.600 ns                ;
; N/A   ; 90.09 MHz ( period = 11.100 ns )  ; qa[1]~reg0                       ; qa[0]~reg0                       ; fin        ; fin      ; None                        ; None                      ; 6.600 ns                ;
; N/A   ; 90.09 MHz ( period = 11.100 ns )  ; lpm_counter:qb_rtl_0|dffs[1]     ; qa[0]~reg0                       ; fin        ; fin      ; None                        ; None                      ; 6.600 ns                ;
; N/A   ; 90.09 MHz ( period = 11.100 ns )  ; lpm_counter:qb_rtl_0|dffs[0]     ; qa[0]~reg0                       ; fin        ; fin      ; None                        ; None                      ; 6.600 ns                ;
; N/A   ; 90.09 MHz ( period = 11.100 ns )  ; lpm_counter:qb_rtl_0|dffs[2]     ; qa[0]~reg0                       ; fin        ; fin      ; None                        ; None                      ; 6.600 ns                ;
; N/A   ; 90.09 MHz ( period = 11.100 ns )  ; lpm_counter:qb_rtl_0|dffs[3]     ; qa[0]~reg0                       ; fin        ; fin      ; None                        ; None                      ; 6.600 ns                ;
; N/A   ; 90.91 MHz ( period = 11.000 ns )  ; lpm_counter:count_rtl_1|dffs[0]  ; lpm_counter:count_rtl_1|dffs[7]  ; fin        ; fin      ; None                        ; None                      ; 6.500 ns                ;
; N/A   ; 90.91 MHz ( period = 11.000 ns )  ; lpm_counter:count_rtl_1|dffs[12] ; lpm_counter:count_rtl_1|dffs[7]  ; fin        ; fin      ; None                        ; None                      ; 6.500 ns                ;
; N/A   ; 90.91 MHz ( period = 11.000 ns )  ; lpm_counter:count_rtl_1|dffs[1]  ; lpm_counter:count_rtl_1|dffs[7]  ; fin        ; fin      ; None                        ; None                      ; 6.500 ns                ;
; N/A   ; 90.91 MHz ( period = 11.000 ns )  ; lpm_counter:count_rtl_1|dffs[6]  ; lpm_counter:count_rtl_1|dffs[7]  ; fin        ; fin      ; None                        ; None                      ; 6.500 ns                ;
; N/A   ; 90.91 MHz ( period = 11.000 ns )  ; lpm_counter:count_rtl_1|dffs[0]  ; lpm_counter:count_rtl_1|dffs[6]  ; fin        ; fin      ; None                        ; None                      ; 6.500 ns                ;
; N/A   ; 90.91 MHz ( period = 11.000 ns )  ; lpm_counter:count_rtl_1|dffs[11] ; lpm_counter:count_rtl_1|dffs[6]  ; fin        ; fin      ; None                        ; None                      ; 6.500 ns                ;
; N/A   ; 90.91 MHz ( period = 11.000 ns )  ; lpm_counter:count_rtl_1|dffs[12] ; lpm_counter:count_rtl_1|dffs[6]  ; fin        ; fin      ; None                        ; None                      ; 6.500 ns                ;
; N/A   ; 90.91 MHz ( period = 11.000 ns )  ; lpm_counter:count_rtl_1|dffs[1]  ; lpm_counter:count_rtl_1|dffs[6]  ; fin        ; fin      ; None                        ; None                      ; 6.500 ns                ;
; N/A   ; 90.91 MHz ( period = 11.000 ns )  ; lpm_counter:count_rtl_1|dffs[7]  ; lpm_counter:count_rtl_1|dffs[3]  ; fin        ; fin      ; None                        ; None                      ; 6.500 ns                ;
; N/A   ; 90.91 MHz ( period = 11.000 ns )  ; lpm_counter:count_rtl_1|dffs[11] ; lpm_counter:count_rtl_1|dffs[3]  ; fin        ; fin      ; None                        ; None                      ; 6.500 ns                ;
; N/A   ; 90.91 MHz ( period = 11.000 ns )  ; lpm_counter:count_rtl_1|dffs[12] ; lpm_counter:count_rtl_1|dffs[3]  ; fin        ; fin      ; None                        ; None                      ; 6.500 ns                ;
; N/A   ; 90.91 MHz ( period = 11.000 ns )  ; lpm_counter:count_rtl_1|dffs[10] ; lpm_counter:count_rtl_1|dffs[3]  ; fin        ; fin      ; None                        ; None                      ; 6.500 ns                ;
; N/A   ; 90.91 MHz ( period = 11.000 ns )  ; lpm_counter:count_rtl_1|dffs[8]  ; lpm_counter:count_rtl_1|dffs[3]  ; fin        ; fin      ; None                        ; None                      ; 6.500 ns                ;
; N/A   ; 90.91 MHz ( period = 11.000 ns )  ; lpm_counter:count_rtl_1|dffs[9]  ; lpm_counter:count_rtl_1|dffs[3]  ; fin        ; fin      ; None                        ; None                      ; 6.500 ns                ;
; N/A   ; 90.91 MHz ( period = 11.000 ns )  ; lpm_counter:count_rtl_1|dffs[7]  ; lpm_counter:count_rtl_1|dffs[4]  ; fin        ; fin      ; None                        ; None                      ; 6.500 ns                ;
; N/A   ; 90.91 MHz ( period = 11.000 ns )  ; lpm_counter:count_rtl_1|dffs[11] ; lpm_counter:count_rtl_1|dffs[4]  ; fin        ; fin      ; None                        ; None                      ; 6.500 ns                ;
; N/A   ; 90.91 MHz ( period = 11.000 ns )  ; lpm_counter:count_rtl_1|dffs[12] ; lpm_counter:count_rtl_1|dffs[4]  ; fin        ; fin      ; None                        ; None                      ; 6.500 ns                ;
; N/A   ; 90.91 MHz ( period = 11.000 ns )  ; lpm_counter:count_rtl_1|dffs[10] ; lpm_counter:count_rtl_1|dffs[4]  ; fin        ; fin      ; None                        ; None                      ; 6.500 ns                ;
; N/A   ; 90.91 MHz ( period = 11.000 ns )  ; lpm_counter:count_rtl_1|dffs[8]  ; lpm_counter:count_rtl_1|dffs[4]  ; fin        ; fin      ; None                        ; None                      ; 6.500 ns                ;
; N/A   ; 90.91 MHz ( period = 11.000 ns )  ; lpm_counter:count_rtl_1|dffs[9]  ; lpm_counter:count_rtl_1|dffs[4]  ; fin        ; fin      ; None                        ; None                      ; 6.500 ns                ;
; N/A   ; 90.91 MHz ( period = 11.000 ns )  ; lpm_counter:count_rtl_1|dffs[6]  ; lpm_counter:count_rtl_1|dffs[4]  ; fin        ; fin      ; None                        ; None                      ; 6.500 ns                ;
; N/A   ; 90.91 MHz ( period = 11.000 ns )  ; lpm_counter:count_rtl_1|dffs[7]  ; lpm_counter:count_rtl_1|dffs[5]  ; fin        ; fin      ; None                        ; None                      ; 6.500 ns                ;
; N/A   ; 90.91 MHz ( period = 11.000 ns )  ; lpm_counter:count_rtl_1|dffs[11] ; lpm_counter:count_rtl_1|dffs[5]  ; fin        ; fin      ; None                        ; None                      ; 6.500 ns                ;
; N/A   ; 90.91 MHz ( period = 11.000 ns )  ; lpm_counter:count_rtl_1|dffs[12] ; lpm_counter:count_rtl_1|dffs[5]  ; fin        ; fin      ; None                        ; None                      ; 6.500 ns                ;
; N/A   ; 90.91 MHz ( period = 11.000 ns )  ; lpm_counter:count_rtl_1|dffs[1]  ; lpm_counter:count_rtl_1|dffs[5]  ; fin        ; fin      ; None                        ; None                      ; 6.500 ns                ;
; N/A   ; 90.91 MHz ( period = 11.000 ns )  ; lpm_counter:count_rtl_1|dffs[10] ; lpm_counter:count_rtl_1|dffs[5]  ; fin        ; fin      ; None                        ; None                      ; 6.500 ns                ;
; N/A   ; 90.91 MHz ( period = 11.000 ns )  ; lpm_counter:count_rtl_1|dffs[8]  ; lpm_counter:count_rtl_1|dffs[5]  ; fin        ; fin      ; None                        ; None                      ; 6.500 ns                ;
; N/A   ; 90.91 MHz ( period = 11.000 ns )  ; lpm_counter:count_rtl_1|dffs[9]  ; lpm_counter:count_rtl_1|dffs[5]  ; fin        ; fin      ; None                        ; None                      ; 6.500 ns                ;
; N/A   ; 90.91 MHz ( period = 11.000 ns )  ; lpm_counter:count_rtl_1|dffs[6]  ; lpm_counter:count_rtl_1|dffs[5]  ; fin        ; fin      ; None                        ; None                      ; 6.500 ns                ;
; N/A   ; 91.74 MHz ( period = 10.900 ns )  ; lpm_counter:count_rtl_1|dffs[2]  ; lpm_counter:count_rtl_1|dffs[7]  ; fin        ; fin      ; None                        ; None                      ; 6.400 ns                ;
; N/A   ; 91.74 MHz ( period = 10.900 ns )  ; lpm_counter:count_rtl_1|dffs[3]  ; lpm_counter:count_rtl_1|dffs[7]  ; fin        ; fin      ; None                        ; None                      ; 6.400 ns                ;
; N/A   ; 91.74 MHz ( period = 10.900 ns )  ; lpm_counter:count_rtl_1|dffs[4]  ; lpm_counter:count_rtl_1|dffs[7]  ; fin        ; fin      ; None                        ; None                      ; 6.400 ns                ;
; N/A   ; 91.74 MHz ( period = 10.900 ns )  ; lpm_counter:count_rtl_1|dffs[5]  ; lpm_counter:count_rtl_1|dffs[7]  ; fin        ; fin      ; None                        ; None                      ; 6.400 ns                ;
; N/A   ; 91.74 MHz ( period = 10.900 ns )  ; lpm_counter:count_rtl_1|dffs[2]  ; lpm_counter:count_rtl_1|dffs[6]  ; fin        ; fin      ; None                        ; None                      ; 6.400 ns                ;
; N/A   ; 91.74 MHz ( period = 10.900 ns )  ; lpm_counter:count_rtl_1|dffs[3]  ; lpm_counter:count_rtl_1|dffs[6]  ; fin        ; fin      ; None                        ; None                      ; 6.400 ns                ;
; N/A   ; 91.74 MHz ( period = 10.900 ns )  ; lpm_counter:count_rtl_1|dffs[4]  ; lpm_counter:count_rtl_1|dffs[6]  ; fin        ; fin      ; None                        ; None                      ; 6.400 ns                ;
; N/A   ; 91.74 MHz ( period = 10.900 ns )  ; lpm_counter:count_rtl_1|dffs[5]  ; lpm_counter:count_rtl_1|dffs[6]  ; fin        ; fin      ; None                        ; None                      ; 6.400 ns                ;
; N/A   ; 91.74 MHz ( period = 10.900 ns )  ; lpm_counter:count_rtl_1|dffs[5]  ; lpm_counter:count_rtl_1|dffs[5]  ; fin        ; fin      ; None                        ; None                      ; 6.400 ns                ;
; N/A   ; 91.74 MHz ( period = 10.900 ns )  ; qa[0]~reg0                       ; qa[0]~reg0                       ; fin        ; fin      ; None                        ; None                      ; 6.400 ns                ;
; N/A   ; 98.04 MHz ( period = 10.200 ns )  ; qa[1]~reg0                       ; qa[1]~reg0                       ; fin        ; fin      ; None                        ; None                      ; 5.700 ns                ;
; N/A   ; 98.04 MHz ( period = 10.200 ns )  ; lpm_counter:qb_rtl_0|dffs[3]     ; qa[1]~reg0                       ; fin        ; fin      ; None                        ; None                      ; 5.700 ns                ;
; N/A   ; 98.04 MHz ( period = 10.200 ns )  ; lpm_counter:qb_rtl_0|dffs[1]     ; lpm_counter:qb_rtl_0|dffs[1]     ; fin        ; fin      ; None                        ; None                      ; 5.700 ns                ;
; N/A   ; 98.04 MHz ( period = 10.200 ns )  ; lpm_counter:qb_rtl_0|dffs[0]     ; lpm_counter:qb_rtl_0|dffs[1]     ; fin        ; fin      ; None                        ; None                      ; 5.700 ns                ;
; N/A   ; 98.04 MHz ( period = 10.200 ns )  ; lpm_counter:qb_rtl_0|dffs[3]     ; lpm_counter:qb_rtl_0|dffs[1]     ; fin        ; fin      ; None                        ; None                      ; 5.700 ns                ;
; N/A   ; 98.04 MHz ( period = 10.200 ns )  ; qa[1]~reg0                       ; lpm_counter:qb_rtl_0|dffs[0]     ; fin        ; fin      ; None                        ; None                      ; 5.700 ns                ;
; N/A   ; 98.04 MHz ( period = 10.200 ns )  ; lpm_counter:qb_rtl_0|dffs[1]     ; lpm_counter:qb_rtl_0|dffs[0]     ; fin        ; fin      ; None                        ; None                      ; 5.700 ns                ;
; N/A   ; 98.04 MHz ( period = 10.200 ns )  ; lpm_counter:qb_rtl_0|dffs[0]     ; lpm_counter:qb_rtl_0|dffs[0]     ; fin        ; fin      ; None                        ; None                      ; 5.700 ns                ;
; N/A   ; 98.04 MHz ( period = 10.200 ns )  ; lpm_counter:qb_rtl_0|dffs[2]     ; lpm_counter:qb_rtl_0|dffs[0]     ; fin        ; fin      ; None                        ; None                      ; 5.700 ns                ;
; N/A   ; 98.04 MHz ( period = 10.200 ns )  ; lpm_counter:qb_rtl_0|dffs[3]     ; lpm_counter:qb_rtl_0|dffs[0]     ; fin        ; fin      ; None                        ; None                      ; 5.700 ns                ;
; N/A   ; 98.04 MHz ( period = 10.200 ns )  ; qa[1]~reg0                       ; lpm_counter:qb_rtl_0|dffs[2]     ; fin        ; fin      ; None                        ; None                      ; 5.700 ns                ;
; N/A   ; 98.04 MHz ( period = 10.200 ns )  ; lpm_counter:qb_rtl_0|dffs[1]     ; lpm_counter:qb_rtl_0|dffs[2]     ; fin        ; fin      ; None                        ; None                      ; 5.700 ns                ;
; N/A   ; 98.04 MHz ( period = 10.200 ns )  ; lpm_counter:qb_rtl_0|dffs[0]     ; lpm_counter:qb_rtl_0|dffs[2]     ; fin        ; fin      ; None                        ; None                      ; 5.700 ns                ;
; N/A   ; 98.04 MHz ( period = 10.200 ns )  ; lpm_counter:qb_rtl_0|dffs[2]     ; lpm_counter:qb_rtl_0|dffs[2]     ; fin        ; fin      ; None                        ; None                      ; 5.700 ns                ;
; N/A   ; 98.04 MHz ( period = 10.200 ns )  ; lpm_counter:qb_rtl_0|dffs[3]     ; lpm_counter:qb_rtl_0|dffs[2]     ; fin        ; fin      ; None                        ; None                      ; 5.700 ns                ;
; N/A   ; 98.04 MHz ( period = 10.200 ns )  ; qa[1]~reg0                       ; lpm_counter:qb_rtl_0|dffs[3]     ; fin        ; fin      ; None                        ; None                      ; 5.700 ns                ;
; N/A   ; 98.04 MHz ( period = 10.200 ns )  ; lpm_counter:qb_rtl_0|dffs[1]     ; lpm_counter:qb_rtl_0|dffs[3]     ; fin        ; fin      ; None                        ; None                      ; 5.700 ns                ;
; N/A   ; 98.04 MHz ( period = 10.200 ns )  ; lpm_counter:qb_rtl_0|dffs[0]     ; lpm_counter:qb_rtl_0|dffs[3]     ; fin        ; fin      ; None                        ; None                      ; 5.700 ns                ;
; N/A   ; 98.04 MHz ( period = 10.200 ns )  ; lpm_counter:qb_rtl_0|dffs[2]     ; lpm_counter:qb_rtl_0|dffs[3]     ; fin        ; fin      ; None                        ; None                      ; 5.700 ns                ;
; N/A   ; 98.04 MHz ( period = 10.200 ns )  ; lpm_counter:qb_rtl_0|dffs[3]     ; lpm_counter:qb_rtl_0|dffs[3]     ; fin        ; fin      ; None                        ; None                      ; 5.700 ns                ;
; N/A   ; 99.01 MHz ( period = 10.100 ns )  ; lpm_counter:count_rtl_1|dffs[0]  ; lpm_counter:count_rtl_1|dffs[0]  ; fin        ; fin      ; None                        ; None                      ; 5.600 ns                ;
; N/A   ; 99.01 MHz ( period = 10.100 ns )  ; lpm_counter:count_rtl_1|dffs[7]  ; lpm_counter:count_rtl_1|dffs[0]  ; fin        ; fin      ; None                        ; None                      ; 5.600 ns                ;
; N/A   ; 99.01 MHz ( period = 10.100 ns )  ; lpm_counter:count_rtl_1|dffs[11] ; lpm_counter:count_rtl_1|dffs[0]  ; fin        ; fin      ; None                        ; None                      ; 5.600 ns                ;
; N/A   ; 99.01 MHz ( period = 10.100 ns )  ; lpm_counter:count_rtl_1|dffs[12] ; lpm_counter:count_rtl_1|dffs[0]  ; fin        ; fin      ; None                        ; None                      ; 5.600 ns                ;
; N/A   ; 99.01 MHz ( period = 10.100 ns )  ; lpm_counter:count_rtl_1|dffs[10] ; lpm_counter:count_rtl_1|dffs[0]  ; fin        ; fin      ; None                        ; None                      ; 5.600 ns                ;
; N/A   ; 99.01 MHz ( period = 10.100 ns )  ; lpm_counter:count_rtl_1|dffs[8]  ; lpm_counter:count_rtl_1|dffs[0]  ; fin        ; fin      ; None                        ; None                      ; 5.600 ns                ;
; N/A   ; 99.01 MHz ( period = 10.100 ns )  ; lpm_counter:count_rtl_1|dffs[9]  ; lpm_counter:count_rtl_1|dffs[0]  ; fin        ; fin      ; None                        ; None                      ; 5.600 ns                ;
; N/A   ; 99.01 MHz ( period = 10.100 ns )  ; lpm_counter:count_rtl_1|dffs[6]  ; lpm_counter:count_rtl_1|dffs[0]  ; fin        ; fin      ; None                        ; None                      ; 5.600 ns                ;
; N/A   ; 99.01 MHz ( period = 10.100 ns )  ; lpm_counter:count_rtl_1|dffs[7]  ; lpm_counter:count_rtl_1|dffs[7]  ; fin        ; fin      ; None                        ; None                      ; 5.600 ns                ;
; N/A   ; 99.01 MHz ( period = 10.100 ns )  ; lpm_counter:count_rtl_1|dffs[11] ; lpm_counter:count_rtl_1|dffs[7]  ; fin        ; fin      ; None                        ; None                      ; 5.600 ns                ;
; N/A   ; 99.01 MHz ( period = 10.100 ns )  ; lpm_counter:count_rtl_1|dffs[10] ; lpm_counter:count_rtl_1|dffs[7]  ; fin        ; fin      ; None                        ; None                      ; 5.600 ns                ;
; N/A   ; 99.01 MHz ( period = 10.100 ns )  ; lpm_counter:count_rtl_1|dffs[8]  ; lpm_counter:count_rtl_1|dffs[7]  ; fin        ; fin      ; None                        ; None                      ; 5.600 ns                ;
; N/A   ; 99.01 MHz ( period = 10.100 ns )  ; lpm_counter:count_rtl_1|dffs[9]  ; lpm_counter:count_rtl_1|dffs[7]  ; fin        ; fin      ; None                        ; None                      ; 5.600 ns                ;
; N/A   ; 99.01 MHz ( period = 10.100 ns )  ; lpm_counter:count_rtl_1|dffs[0]  ; lpm_counter:count_rtl_1|dffs[11] ; fin        ; fin      ; None                        ; None                      ; 5.600 ns                ;
; N/A   ; 99.01 MHz ( period = 10.100 ns )  ; lpm_counter:count_rtl_1|dffs[7]  ; lpm_counter:count_rtl_1|dffs[11] ; fin        ; fin      ; None                        ; None                      ; 5.600 ns                ;
; N/A   ; 99.01 MHz ( period = 10.100 ns )  ; lpm_counter:count_rtl_1|dffs[11] ; lpm_counter:count_rtl_1|dffs[11] ; fin        ; fin      ; None                        ; None                      ; 5.600 ns                ;
; N/A   ; 99.01 MHz ( period = 10.100 ns )  ; lpm_counter:count_rtl_1|dffs[12] ; lpm_counter:count_rtl_1|dffs[11] ; fin        ; fin      ; None                        ; None                      ; 5.600 ns                ;
; N/A   ; 99.01 MHz ( period = 10.100 ns )  ; lpm_counter:count_rtl_1|dffs[1]  ; lpm_counter:count_rtl_1|dffs[11] ; fin        ; fin      ; None                        ; None                      ; 5.600 ns                ;
; N/A   ; 99.01 MHz ( period = 10.100 ns )  ; lpm_counter:count_rtl_1|dffs[10] ; lpm_counter:count_rtl_1|dffs[11] ; fin        ; fin      ; None                        ; None                      ; 5.600 ns                ;
; N/A   ; 99.01 MHz ( period = 10.100 ns )  ; lpm_counter:count_rtl_1|dffs[8]  ; lpm_counter:count_rtl_1|dffs[11] ; fin        ; fin      ; None                        ; None                      ; 5.600 ns                ;
; N/A   ; 99.01 MHz ( period = 10.100 ns )  ; lpm_counter:count_rtl_1|dffs[9]  ; lpm_counter:count_rtl_1|dffs[11] ; fin        ; fin      ; None                        ; None                      ; 5.600 ns                ;
; N/A   ; 99.01 MHz ( period = 10.100 ns )  ; lpm_counter:count_rtl_1|dffs[6]  ; lpm_counter:count_rtl_1|dffs[11] ; fin        ; fin      ; None                        ; None                      ; 5.600 ns                ;
; N/A   ; 99.01 MHz ( period = 10.100 ns )  ; lpm_counter:count_rtl_1|dffs[0]  ; lpm_counter:count_rtl_1|dffs[12] ; fin        ; fin      ; None                        ; None                      ; 5.600 ns                ;
; N/A   ; 99.01 MHz ( period = 10.100 ns )  ; lpm_counter:count_rtl_1|dffs[7]  ; lpm_counter:count_rtl_1|dffs[12] ; fin        ; fin      ; None                        ; None                      ; 5.600 ns                ;
; N/A   ; 99.01 MHz ( period = 10.100 ns )  ; lpm_counter:count_rtl_1|dffs[11] ; lpm_counter:count_rtl_1|dffs[12] ; fin        ; fin      ; None                        ; None                      ; 5.600 ns                ;
; N/A   ; 99.01 MHz ( period = 10.100 ns )  ; lpm_counter:count_rtl_1|dffs[12] ; lpm_counter:count_rtl_1|dffs[12] ; fin        ; fin      ; None                        ; None                      ; 5.600 ns                ;
; N/A   ; 99.01 MHz ( period = 10.100 ns )  ; lpm_counter:count_rtl_1|dffs[1]  ; lpm_counter:count_rtl_1|dffs[12] ; fin        ; fin      ; None                        ; None                      ; 5.600 ns                ;
; N/A   ; 99.01 MHz ( period = 10.100 ns )  ; lpm_counter:count_rtl_1|dffs[10] ; lpm_counter:count_rtl_1|dffs[12] ; fin        ; fin      ; None                        ; None                      ; 5.600 ns                ;
; N/A   ; 99.01 MHz ( period = 10.100 ns )  ; lpm_counter:count_rtl_1|dffs[8]  ; lpm_counter:count_rtl_1|dffs[12] ; fin        ; fin      ; None                        ; None                      ; 5.600 ns                ;
; N/A   ; 99.01 MHz ( period = 10.100 ns )  ; lpm_counter:count_rtl_1|dffs[9]  ; lpm_counter:count_rtl_1|dffs[12] ; fin        ; fin      ; None                        ; None                      ; 5.600 ns                ;
; N/A   ; 99.01 MHz ( period = 10.100 ns )  ; lpm_counter:count_rtl_1|dffs[6]  ; lpm_counter:count_rtl_1|dffs[12] ; fin        ; fin      ; None                        ; None                      ; 5.600 ns                ;
; N/A   ; 99.01 MHz ( period = 10.100 ns )  ; lpm_counter:count_rtl_1|dffs[0]  ; lpm_counter:count_rtl_1|dffs[1]  ; fin        ; fin      ; None                        ; None                      ; 5.600 ns                ;
; N/A   ; 99.01 MHz ( period = 10.100 ns )  ; lpm_counter:count_rtl_1|dffs[7]  ; lpm_counter:count_rtl_1|dffs[1]  ; fin        ; fin      ; None                        ; None                      ; 5.600 ns                ;
; N/A   ; 99.01 MHz ( period = 10.100 ns )  ; lpm_counter:count_rtl_1|dffs[11] ; lpm_counter:count_rtl_1|dffs[1]  ; fin        ; fin      ; None                        ; None                      ; 5.600 ns                ;
; N/A   ; 99.01 MHz ( period = 10.100 ns )  ; lpm_counter:count_rtl_1|dffs[12] ; lpm_counter:count_rtl_1|dffs[1]  ; fin        ; fin      ; None                        ; None                      ; 5.600 ns                ;
; N/A   ; 99.01 MHz ( period = 10.100 ns )  ; lpm_counter:count_rtl_1|dffs[1]  ; lpm_counter:count_rtl_1|dffs[1]  ; fin        ; fin      ; None                        ; None                      ; 5.600 ns                ;
; N/A   ; 99.01 MHz ( period = 10.100 ns )  ; lpm_counter:count_rtl_1|dffs[10] ; lpm_counter:count_rtl_1|dffs[1]  ; fin        ; fin      ; None                        ; None                      ; 5.600 ns                ;
; N/A   ; 99.01 MHz ( period = 10.100 ns )  ; lpm_counter:count_rtl_1|dffs[8]  ; lpm_counter:count_rtl_1|dffs[1]  ; fin        ; fin      ; None                        ; None                      ; 5.600 ns                ;
; N/A   ; 99.01 MHz ( period = 10.100 ns )  ; lpm_counter:count_rtl_1|dffs[9]  ; lpm_counter:count_rtl_1|dffs[1]  ; fin        ; fin      ; None                        ; None                      ; 5.600 ns                ;
; N/A   ; 99.01 MHz ( period = 10.100 ns )  ; lpm_counter:count_rtl_1|dffs[6]  ; lpm_counter:count_rtl_1|dffs[1]  ; fin        ; fin      ; None                        ; None                      ; 5.600 ns                ;
; N/A   ; 99.01 MHz ( period = 10.100 ns )  ; lpm_counter:count_rtl_1|dffs[0]  ; lpm_counter:count_rtl_1|dffs[10] ; fin        ; fin      ; None                        ; None                      ; 5.600 ns                ;
; N/A   ; 99.01 MHz ( period = 10.100 ns )  ; lpm_counter:count_rtl_1|dffs[7]  ; lpm_counter:count_rtl_1|dffs[10] ; fin        ; fin      ; None                        ; None                      ; 5.600 ns                ;
; N/A   ; 99.01 MHz ( period = 10.100 ns )  ; lpm_counter:count_rtl_1|dffs[11] ; lpm_counter:count_rtl_1|dffs[10] ; fin        ; fin      ; None                        ; None                      ; 5.600 ns                ;
; N/A   ; 99.01 MHz ( period = 10.100 ns )  ; lpm_counter:count_rtl_1|dffs[12] ; lpm_counter:count_rtl_1|dffs[10] ; fin        ; fin      ; None                        ; None                      ; 5.600 ns                ;
; N/A   ; 99.01 MHz ( period = 10.100 ns )  ; lpm_counter:count_rtl_1|dffs[1]  ; lpm_counter:count_rtl_1|dffs[10] ; fin        ; fin      ; None                        ; None                      ; 5.600 ns                ;
; N/A   ; 99.01 MHz ( period = 10.100 ns )  ; lpm_counter:count_rtl_1|dffs[10] ; lpm_counter:count_rtl_1|dffs[10] ; fin        ; fin      ; None                        ; None                      ; 5.600 ns                ;
; N/A   ; 99.01 MHz ( period = 10.100 ns )  ; lpm_counter:count_rtl_1|dffs[8]  ; lpm_counter:count_rtl_1|dffs[10] ; fin        ; fin      ; None                        ; None                      ; 5.600 ns                ;
; N/A   ; 99.01 MHz ( period = 10.100 ns )  ; lpm_counter:count_rtl_1|dffs[9]  ; lpm_counter:count_rtl_1|dffs[10] ; fin        ; fin      ; None                        ; None                      ; 5.600 ns                ;
; N/A   ; 99.01 MHz ( period = 10.100 ns )  ; lpm_counter:count_rtl_1|dffs[6]  ; lpm_counter:count_rtl_1|dffs[10] ; fin        ; fin      ; None                        ; None                      ; 5.600 ns                ;
; N/A   ; 99.01 MHz ( period = 10.100 ns )  ; lpm_counter:count_rtl_1|dffs[0]  ; lpm_counter:count_rtl_1|dffs[8]  ; fin        ; fin      ; None                        ; None                      ; 5.600 ns                ;
; N/A   ; 99.01 MHz ( period = 10.100 ns )  ; lpm_counter:count_rtl_1|dffs[7]  ; lpm_counter:count_rtl_1|dffs[8]  ; fin        ; fin      ; None                        ; None                      ; 5.600 ns                ;
; N/A   ; 99.01 MHz ( period = 10.100 ns )  ; lpm_counter:count_rtl_1|dffs[11] ; lpm_counter:count_rtl_1|dffs[8]  ; fin        ; fin      ; None                        ; None                      ; 5.600 ns                ;
; N/A   ; 99.01 MHz ( period = 10.100 ns )  ; lpm_counter:count_rtl_1|dffs[12] ; lpm_counter:count_rtl_1|dffs[8]  ; fin        ; fin      ; None                        ; None                      ; 5.600 ns                ;
; N/A   ; 99.01 MHz ( period = 10.100 ns )  ; lpm_counter:count_rtl_1|dffs[1]  ; lpm_counter:count_rtl_1|dffs[8]  ; fin        ; fin      ; None                        ; None                      ; 5.600 ns                ;
; N/A   ; 99.01 MHz ( period = 10.100 ns )  ; lpm_counter:count_rtl_1|dffs[10] ; lpm_counter:count_rtl_1|dffs[8]  ; fin        ; fin      ; None                        ; None                      ; 5.600 ns                ;
; N/A   ; 99.01 MHz ( period = 10.100 ns )  ; lpm_counter:count_rtl_1|dffs[8]  ; lpm_counter:count_rtl_1|dffs[8]  ; fin        ; fin      ; None                        ; None                      ; 5.600 ns                ;
; N/A   ; 99.01 MHz ( period = 10.100 ns )  ; lpm_counter:count_rtl_1|dffs[9]  ; lpm_counter:count_rtl_1|dffs[8]  ; fin        ; fin      ; None                        ; None                      ; 5.600 ns                ;
; N/A   ; 99.01 MHz ( period = 10.100 ns )  ; lpm_counter:count_rtl_1|dffs[6]  ; lpm_counter:count_rtl_1|dffs[8]  ; fin        ; fin      ; None                        ; None                      ; 5.600 ns                ;
; N/A   ; 99.01 MHz ( period = 10.100 ns )  ; lpm_counter:count_rtl_1|dffs[0]  ; lpm_counter:count_rtl_1|dffs[9]  ; fin        ; fin      ; None                        ; None                      ; 5.600 ns                ;
; N/A   ; 99.01 MHz ( period = 10.100 ns )  ; lpm_counter:count_rtl_1|dffs[7]  ; lpm_counter:count_rtl_1|dffs[9]  ; fin        ; fin      ; None                        ; None                      ; 5.600 ns                ;
; N/A   ; 99.01 MHz ( period = 10.100 ns )  ; lpm_counter:count_rtl_1|dffs[11] ; lpm_counter:count_rtl_1|dffs[9]  ; fin        ; fin      ; None                        ; None                      ; 5.600 ns                ;
; N/A   ; 99.01 MHz ( period = 10.100 ns )  ; lpm_counter:count_rtl_1|dffs[12] ; lpm_counter:count_rtl_1|dffs[9]  ; fin        ; fin      ; None                        ; None                      ; 5.600 ns                ;
; N/A   ; 99.01 MHz ( period = 10.100 ns )  ; lpm_counter:count_rtl_1|dffs[1]  ; lpm_counter:count_rtl_1|dffs[9]  ; fin        ; fin      ; None                        ; None                      ; 5.600 ns                ;
; N/A   ; 99.01 MHz ( period = 10.100 ns )  ; lpm_counter:count_rtl_1|dffs[10] ; lpm_counter:count_rtl_1|dffs[9]  ; fin        ; fin      ; None                        ; None                      ; 5.600 ns                ;
; N/A   ; 99.01 MHz ( period = 10.100 ns )  ; lpm_counter:count_rtl_1|dffs[8]  ; lpm_counter:count_rtl_1|dffs[9]  ; fin        ; fin      ; None                        ; None                      ; 5.600 ns                ;
; N/A   ; 99.01 MHz ( period = 10.100 ns )  ; lpm_counter:count_rtl_1|dffs[9]  ; lpm_counter:count_rtl_1|dffs[9]  ; fin        ; fin      ; None                        ; None                      ; 5.600 ns                ;
; N/A   ; 99.01 MHz ( period = 10.100 ns )  ; lpm_counter:count_rtl_1|dffs[6]  ; lpm_counter:count_rtl_1|dffs[9]  ; fin        ; fin      ; None                        ; None                      ; 5.600 ns                ;
; N/A   ; 99.01 MHz ( period = 10.100 ns )  ; lpm_counter:count_rtl_1|dffs[7]  ; lpm_counter:count_rtl_1|dffs[6]  ; fin        ; fin      ; None                        ; None                      ; 5.600 ns                ;
; N/A   ; 99.01 MHz ( period = 10.100 ns )  ; lpm_counter:count_rtl_1|dffs[10] ; lpm_counter:count_rtl_1|dffs[6]  ; fin        ; fin      ; None                        ; None                      ; 5.600 ns                ;
; N/A   ; 99.01 MHz ( period = 10.100 ns )  ; lpm_counter:count_rtl_1|dffs[8]  ; lpm_counter:count_rtl_1|dffs[6]  ; fin        ; fin      ; None                        ; None                      ; 5.600 ns                ;
; N/A   ; 99.01 MHz ( period = 10.100 ns )  ; lpm_counter:count_rtl_1|dffs[9]  ; lpm_counter:count_rtl_1|dffs[6]  ; fin        ; fin      ; None                        ; None                      ; 5.600 ns                ;
; N/A   ; 99.01 MHz ( period = 10.100 ns )  ; lpm_counter:count_rtl_1|dffs[6]  ; lpm_counter:count_rtl_1|dffs[6]  ; fin        ; fin      ; None                        ; None                      ; 5.600 ns                ;
; N/A   ; 99.01 MHz ( period = 10.100 ns )  ; lpm_counter:count_rtl_1|dffs[0]  ; lpm_counter:count_rtl_1|dffs[2]  ; fin        ; fin      ; None                        ; None                      ; 5.600 ns                ;
; N/A   ; 99.01 MHz ( period = 10.100 ns )  ; lpm_counter:count_rtl_1|dffs[7]  ; lpm_counter:count_rtl_1|dffs[2]  ; fin        ; fin      ; None                        ; None                      ; 5.600 ns                ;
; N/A   ; 99.01 MHz ( period = 10.100 ns )  ; lpm_counter:count_rtl_1|dffs[11] ; lpm_counter:count_rtl_1|dffs[2]  ; fin        ; fin      ; None                        ; None                      ; 5.600 ns                ;
; N/A   ; 99.01 MHz ( period = 10.100 ns )  ; lpm_counter:count_rtl_1|dffs[12] ; lpm_counter:count_rtl_1|dffs[2]  ; fin        ; fin      ; None                        ; None                      ; 5.600 ns                ;
; N/A   ; 99.01 MHz ( period = 10.100 ns )  ; lpm_counter:count_rtl_1|dffs[1]  ; lpm_counter:count_rtl_1|dffs[2]  ; fin        ; fin      ; None                        ; None                      ; 5.600 ns                ;
; N/A   ; 99.01 MHz ( period = 10.100 ns )  ; lpm_counter:count_rtl_1|dffs[10] ; lpm_counter:count_rtl_1|dffs[2]  ; fin        ; fin      ; None                        ; None                      ; 5.600 ns                ;
; N/A   ; 99.01 MHz ( period = 10.100 ns )  ; lpm_counter:count_rtl_1|dffs[8]  ; lpm_counter:count_rtl_1|dffs[2]  ; fin        ; fin      ; None                        ; None                      ; 5.600 ns                ;
; N/A   ; 99.01 MHz ( period = 10.100 ns )  ; lpm_counter:count_rtl_1|dffs[9]  ; lpm_counter:count_rtl_1|dffs[2]  ; fin        ; fin      ; None                        ; None                      ; 5.600 ns                ;
; N/A   ; 99.01 MHz ( period = 10.100 ns )  ; lpm_counter:count_rtl_1|dffs[6]  ; lpm_counter:count_rtl_1|dffs[2]  ; fin        ; fin      ; None                        ; None                      ; 5.600 ns                ;
; N/A   ; 99.01 MHz ( period = 10.100 ns )  ; lpm_counter:count_rtl_1|dffs[0]  ; lpm_counter:count_rtl_1|dffs[3]  ; fin        ; fin      ; None                        ; None                      ; 5.600 ns                ;
; N/A   ; 99.01 MHz ( period = 10.100 ns )  ; lpm_counter:count_rtl_1|dffs[1]  ; lpm_counter:count_rtl_1|dffs[3]  ; fin        ; fin      ; None                        ; None                      ; 5.600 ns                ;
; N/A   ; 99.01 MHz ( period = 10.100 ns )  ; lpm_counter:count_rtl_1|dffs[6]  ; lpm_counter:count_rtl_1|dffs[3]  ; fin        ; fin      ; None                        ; None                      ; 5.600 ns                ;
; N/A   ; 99.01 MHz ( period = 10.100 ns )  ; lpm_counter:count_rtl_1|dffs[0]  ; lpm_counter:count_rtl_1|dffs[4]  ; fin        ; fin      ; None                        ; None                      ; 5.600 ns                ;
; N/A   ; 99.01 MHz ( period = 10.100 ns )  ; lpm_counter:count_rtl_1|dffs[1]  ; lpm_counter:count_rtl_1|dffs[4]  ; fin        ; fin      ; None                        ; None                      ; 5.600 ns                ;
; N/A   ; 99.01 MHz ( period = 10.100 ns )  ; lpm_counter:count_rtl_1|dffs[0]  ; lpm_counter:count_rtl_1|dffs[5]  ; fin        ; fin      ; None                        ; None                      ; 5.600 ns                ;
; N/A   ; 99.01 MHz ( period = 10.100 ns )  ; lpm_counter:count_rtl_1|dffs[7]  ; clk                              ; fin        ; fin      ; None                        ; None                      ; 5.600 ns                ;
; N/A   ; 99.01 MHz ( period = 10.100 ns )  ; lpm_counter:count_rtl_1|dffs[11] ; clk                              ; fin        ; fin      ; None                        ; None                      ; 5.600 ns                ;
; N/A   ; 99.01 MHz ( period = 10.100 ns )  ; lpm_counter:count_rtl_1|dffs[12] ; clk                              ; fin        ; fin      ; None                        ; None                      ; 5.600 ns                ;
; N/A   ; 99.01 MHz ( period = 10.100 ns )  ; lpm_counter:count_rtl_1|dffs[10] ; clk                              ; fin        ; fin      ; None                        ; None                      ; 5.600 ns                ;
; N/A   ; 99.01 MHz ( period = 10.100 ns )  ; lpm_counter:count_rtl_1|dffs[8]  ; clk                              ; fin        ; fin      ; None                        ; None                      ; 5.600 ns                ;
; N/A   ; 99.01 MHz ( period = 10.100 ns )  ; lpm_counter:count_rtl_1|dffs[9]  ; clk                              ; fin        ; fin      ; None                        ; None                      ; 5.600 ns                ;
; N/A   ; 99.01 MHz ( period = 10.100 ns )  ; lpm_counter:count_rtl_1|dffs[6]  ; clk                              ; fin        ; fin      ; None                        ; None                      ; 5.600 ns                ;
; N/A   ; 100.00 MHz ( period = 10.000 ns ) ; lpm_counter:count_rtl_1|dffs[2]  ; lpm_counter:count_rtl_1|dffs[11] ; fin        ; fin      ; None                        ; None                      ; 5.500 ns                ;
; N/A   ; 100.00 MHz ( period = 10.000 ns ) ; lpm_counter:count_rtl_1|dffs[3]  ; lpm_counter:count_rtl_1|dffs[11] ; fin        ; fin      ; None                        ; None                      ; 5.500 ns                ;
; N/A   ; 100.00 MHz ( period = 10.000 ns ) ; lpm_counter:count_rtl_1|dffs[4]  ; lpm_counter:count_rtl_1|dffs[11] ; fin        ; fin      ; None                        ; None                      ; 5.500 ns                ;
; N/A   ; 100.00 MHz ( period = 10.000 ns ) ; lpm_counter:count_rtl_1|dffs[5]  ; lpm_counter:count_rtl_1|dffs[11] ; fin        ; fin      ; None                        ; None                      ; 5.500 ns                ;
; N/A   ; 100.00 MHz ( period = 10.000 ns ) ; lpm_counter:count_rtl_1|dffs[2]  ; lpm_counter:count_rtl_1|dffs[12] ; fin        ; fin      ; None                        ; None                      ; 5.500 ns                ;
; N/A   ; 100.00 MHz ( period = 10.000 ns ) ; lpm_counter:count_rtl_1|dffs[3]  ; lpm_counter:count_rtl_1|dffs[12] ; fin        ; fin      ; None                        ; None                      ; 5.500 ns                ;
; N/A   ; 100.00 MHz ( period = 10.000 ns ) ; lpm_counter:count_rtl_1|dffs[4]  ; lpm_counter:count_rtl_1|dffs[12] ; fin        ; fin      ; None                        ; None                      ; 5.500 ns                ;
; N/A   ; 100.00 MHz ( period = 10.000 ns ) ; lpm_counter:count_rtl_1|dffs[5]  ; lpm_counter:count_rtl_1|dffs[12] ; fin        ; fin      ; None                        ; None                      ; 5.500 ns                ;
; N/A   ; 100.00 MHz ( period = 10.000 ns ) ; lpm_counter:count_rtl_1|dffs[2]  ; lpm_counter:count_rtl_1|dffs[10] ; fin        ; fin      ; None                        ; None                      ; 5.500 ns                ;
; N/A   ; 100.00 MHz ( period = 10.000 ns ) ; lpm_counter:count_rtl_1|dffs[3]  ; lpm_counter:count_rtl_1|dffs[10] ; fin        ; fin      ; None                        ; None                      ; 5.500 ns                ;
; N/A   ; 100.00 MHz ( period = 10.000 ns ) ; lpm_counter:count_rtl_1|dffs[4]  ; lpm_counter:count_rtl_1|dffs[10] ; fin        ; fin      ; None                        ; None                      ; 5.500 ns                ;
; N/A   ; 100.00 MHz ( period = 10.000 ns ) ; lpm_counter:count_rtl_1|dffs[5]  ; lpm_counter:count_rtl_1|dffs[10] ; fin        ; fin      ; None                        ; None                      ; 5.500 ns                ;
; N/A   ; 100.00 MHz ( period = 10.000 ns ) ; lpm_counter:count_rtl_1|dffs[2]  ; lpm_counter:count_rtl_1|dffs[8]  ; fin        ; fin      ; None                        ; None                      ; 5.500 ns                ;
; N/A   ; 100.00 MHz ( period = 10.000 ns ) ; lpm_counter:count_rtl_1|dffs[3]  ; lpm_counter:count_rtl_1|dffs[8]  ; fin        ; fin      ; None                        ; None                      ; 5.500 ns                ;
; N/A   ; 100.00 MHz ( period = 10.000 ns ) ; lpm_counter:count_rtl_1|dffs[4]  ; lpm_counter:count_rtl_1|dffs[8]  ; fin        ; fin      ; None                        ; None                      ; 5.500 ns                ;
; N/A   ; 100.00 MHz ( period = 10.000 ns ) ; lpm_counter:count_rtl_1|dffs[5]  ; lpm_counter:count_rtl_1|dffs[8]  ; fin        ; fin      ; None                        ; None                      ; 5.500 ns                ;
; N/A   ; 100.00 MHz ( period = 10.000 ns ) ; lpm_counter:count_rtl_1|dffs[2]  ; lpm_counter:count_rtl_1|dffs[9]  ; fin        ; fin      ; None                        ; None                      ; 5.500 ns                ;
; N/A   ; 100.00 MHz ( period = 10.000 ns ) ; lpm_counter:count_rtl_1|dffs[3]  ; lpm_counter:count_rtl_1|dffs[9]  ; fin        ; fin      ; None                        ; None                      ; 5.500 ns                ;
; N/A   ; 100.00 MHz ( period = 10.000 ns ) ; lpm_counter:count_rtl_1|dffs[4]  ; lpm_counter:count_rtl_1|dffs[9]  ; fin        ; fin      ; None                        ; None                      ; 5.500 ns                ;
; N/A   ; 100.00 MHz ( period = 10.000 ns ) ; lpm_counter:count_rtl_1|dffs[5]  ; lpm_counter:count_rtl_1|dffs[9]  ; fin        ; fin      ; None                        ; None                      ; 5.500 ns                ;
; N/A   ; 100.00 MHz ( period = 10.000 ns ) ; lpm_counter:count_rtl_1|dffs[2]  ; lpm_counter:count_rtl_1|dffs[2]  ; fin        ; fin      ; None                        ; None                      ; 5.500 ns                ;
; N/A   ; 100.00 MHz ( period = 10.000 ns ) ; lpm_counter:count_rtl_1|dffs[2]  ; lpm_counter:count_rtl_1|dffs[3]  ; fin        ; fin      ; None                        ; None                      ; 5.500 ns                ;
; N/A   ; 100.00 MHz ( period = 10.000 ns ) ; lpm_counter:count_rtl_1|dffs[3]  ; lpm_counter:count_rtl_1|dffs[3]  ; fin        ; fin      ; None                        ; None                      ; 5.500 ns                ;
; N/A   ; 100.00 MHz ( period = 10.000 ns ) ; lpm_counter:count_rtl_1|dffs[2]  ; lpm_counter:count_rtl_1|dffs[4]  ; fin        ; fin      ; None                        ; None                      ; 5.500 ns                ;
; N/A   ; 100.00 MHz ( period = 10.000 ns ) ; lpm_counter:count_rtl_1|dffs[3]  ; lpm_counter:count_rtl_1|dffs[4]  ; fin        ; fin      ; None                        ; None                      ; 5.500 ns                ;
; N/A   ; 100.00 MHz ( period = 10.000 ns ) ; lpm_counter:count_rtl_1|dffs[4]  ; lpm_counter:count_rtl_1|dffs[4]  ; fin        ; fin      ; None                        ; None                      ; 5.500 ns                ;
; N/A   ; 100.00 MHz ( period = 10.000 ns ) ; lpm_counter:count_rtl_1|dffs[2]  ; lpm_counter:count_rtl_1|dffs[5]  ; fin        ; fin      ; None                        ; None                      ; 5.500 ns                ;
; N/A   ; 100.00 MHz ( period = 10.000 ns ) ; lpm_counter:count_rtl_1|dffs[3]  ; lpm_counter:count_rtl_1|dffs[5]  ; fin        ; fin      ; None                        ; None                      ; 5.500 ns                ;
; N/A   ; 100.00 MHz ( period = 10.000 ns ) ; lpm_counter:count_rtl_1|dffs[4]  ; lpm_counter:count_rtl_1|dffs[5]  ; fin        ; fin      ; None                        ; None                      ; 5.500 ns                ;
; N/A   ; 100.00 MHz ( period = 10.000 ns ) ; clk                              ; clk                              ; fin        ; fin      ; None                        ; None                      ; 5.500 ns                ;
; N/A   ; 100.00 MHz ( period = 10.000 ns ) ; qa[0]~reg0                       ; qa[1]~reg0                       ; fin        ; fin      ; None                        ; None                      ; 5.500 ns                ;
+-------+-----------------------------------+----------------------------------+----------------------------------+------------+----------+-----------------------------+---------------------------+-------------------------+


+---------------------------------------------------------------------------------------------------------------------------------------------------------------------------------------------------------------------+
; Clock Setup: 'P19'                                                                                                                                                                                                  ;
+-------+-----------------------------------+------------------------------+------------------------------+------------+----------+-----------------------------+---------------------------+-------------------------+
; Slack ; Actual fmax (period)              ; From                         ; To                           ; From Clock ; To Clock ; Required Setup Relationship ; Required Longest P2P Time ; Actual Longest P2P Time ;
+-------+-----------------------------------+------------------------------+------------------------------+------------+----------+-----------------------------+---------------------------+-------------------------+
; N/A   ; 70.92 MHz ( period = 14.100 ns )  ; lpm_counter:qb_rtl_0|dffs[1] ; qa[1]~reg0                   ; P19        ; P19      ; None                        ; None                      ; 9.600 ns                ;
; N/A   ; 70.92 MHz ( period = 14.100 ns )  ; lpm_counter:qb_rtl_0|dffs[0] ; qa[1]~reg0                   ; P19        ; P19      ; None                        ; None                      ; 9.600 ns                ;
; N/A   ; 70.92 MHz ( period = 14.100 ns )  ; lpm_counter:qb_rtl_0|dffs[2] ; qa[1]~reg0                   ; P19        ; P19      ; None                        ; None                      ; 9.600 ns                ;
; N/A   ; 70.92 MHz ( period = 14.100 ns )  ; qa[1]~reg0                   ; lpm_counter:qb_rtl_0|dffs[1] ; P19        ; P19      ; None                        ; None                      ; 9.600 ns                ;
; N/A   ; 70.92 MHz ( period = 14.100 ns )  ; lpm_counter:qb_rtl_0|dffs[2] ; lpm_counter:qb_rtl_0|dffs[1] ; P19        ; P19      ; None                        ; None                      ; 9.600 ns                ;
; N/A   ; 90.09 MHz ( period = 11.100 ns )  ; qa[1]~reg0                   ; qa[0]~reg0                   ; P19        ; P19      ; None                        ; None                      ; 6.600 ns                ;
; N/A   ; 90.09 MHz ( period = 11.100 ns )  ; lpm_counter:qb_rtl_0|dffs[1] ; qa[0]~reg0                   ; P19        ; P19      ; None                        ; None                      ; 6.600 ns                ;
; N/A   ; 90.09 MHz ( period = 11.100 ns )  ; lpm_counter:qb_rtl_0|dffs[0] ; qa[0]~reg0                   ; P19        ; P19      ; None                        ; None                      ; 6.600 ns                ;
; N/A   ; 90.09 MHz ( period = 11.100 ns )  ; lpm_counter:qb_rtl_0|dffs[2] ; qa[0]~reg0                   ; P19        ; P19      ; None                        ; None                      ; 6.600 ns                ;
; N/A   ; 90.09 MHz ( period = 11.100 ns )  ; lpm_counter:qb_rtl_0|dffs[3] ; qa[0]~reg0                   ; P19        ; P19      ; None                        ; None                      ; 6.600 ns                ;
; N/A   ; 91.74 MHz ( period = 10.900 ns )  ; qa[0]~reg0                   ; qa[0]~reg0                   ; P19        ; P19      ; None                        ; None                      ; 6.400 ns                ;
; N/A   ; 98.04 MHz ( period = 10.200 ns )  ; qa[1]~reg0                   ; qa[1]~reg0                   ; P19        ; P19      ; None                        ; None                      ; 5.700 ns                ;
; N/A   ; 98.04 MHz ( period = 10.200 ns )  ; lpm_counter:qb_rtl_0|dffs[3] ; qa[1]~reg0                   ; P19        ; P19      ; None                        ; None                      ; 5.700 ns                ;
; N/A   ; 98.04 MHz ( period = 10.200 ns )  ; lpm_counter:qb_rtl_0|dffs[1] ; lpm_counter:qb_rtl_0|dffs[1] ; P19        ; P19      ; None                        ; None                      ; 5.700 ns                ;
; N/A   ; 98.04 MHz ( period = 10.200 ns )  ; lpm_counter:qb_rtl_0|dffs[0] ; lpm_counter:qb_rtl_0|dffs[1] ; P19        ; P19      ; None                        ; None                      ; 5.700 ns                ;
; N/A   ; 98.04 MHz ( period = 10.200 ns )  ; lpm_counter:qb_rtl_0|dffs[3] ; lpm_counter:qb_rtl_0|dffs[1] ; P19        ; P19      ; None                        ; None                      ; 5.700 ns                ;
; N/A   ; 98.04 MHz ( period = 10.200 ns )  ; qa[1]~reg0                   ; lpm_counter:qb_rtl_0|dffs[0] ; P19        ; P19      ; None                        ; None                      ; 5.700 ns                ;
; N/A   ; 98.04 MHz ( period = 10.200 ns )  ; lpm_counter:qb_rtl_0|dffs[1] ; lpm_counter:qb_rtl_0|dffs[0] ; P19        ; P19      ; None                        ; None                      ; 5.700 ns                ;
; N/A   ; 98.04 MHz ( period = 10.200 ns )  ; lpm_counter:qb_rtl_0|dffs[0] ; lpm_counter:qb_rtl_0|dffs[0] ; P19        ; P19      ; None                        ; None                      ; 5.700 ns                ;
; N/A   ; 98.04 MHz ( period = 10.200 ns )  ; lpm_counter:qb_rtl_0|dffs[2] ; lpm_counter:qb_rtl_0|dffs[0] ; P19        ; P19      ; None                        ; None                      ; 5.700 ns                ;
; N/A   ; 98.04 MHz ( period = 10.200 ns )  ; lpm_counter:qb_rtl_0|dffs[3] ; lpm_counter:qb_rtl_0|dffs[0] ; P19        ; P19      ; None                        ; None                      ; 5.700 ns                ;
; N/A   ; 98.04 MHz ( period = 10.200 ns )  ; qa[1]~reg0                   ; lpm_counter:qb_rtl_0|dffs[2] ; P19        ; P19      ; None                        ; None                      ; 5.700 ns                ;
; N/A   ; 98.04 MHz ( period = 10.200 ns )  ; lpm_counter:qb_rtl_0|dffs[1] ; lpm_counter:qb_rtl_0|dffs[2] ; P19        ; P19      ; None                        ; None                      ; 5.700 ns                ;
; N/A   ; 98.04 MHz ( period = 10.200 ns )  ; lpm_counter:qb_rtl_0|dffs[0] ; lpm_counter:qb_rtl_0|dffs[2] ; P19        ; P19      ; None                        ; None                      ; 5.700 ns                ;
; N/A   ; 98.04 MHz ( period = 10.200 ns )  ; lpm_counter:qb_rtl_0|dffs[2] ; lpm_counter:qb_rtl_0|dffs[2] ; P19        ; P19      ; None                        ; None                      ; 5.700 ns                ;
; N/A   ; 98.04 MHz ( period = 10.200 ns )  ; lpm_counter:qb_rtl_0|dffs[3] ; lpm_counter:qb_rtl_0|dffs[2] ; P19        ; P19      ; None                        ; None                      ; 5.700 ns                ;
; N/A   ; 98.04 MHz ( period = 10.200 ns )  ; qa[1]~reg0                   ; lpm_counter:qb_rtl_0|dffs[3] ; P19        ; P19      ; None                        ; None                      ; 5.700 ns                ;
; N/A   ; 98.04 MHz ( period = 10.200 ns )  ; lpm_counter:qb_rtl_0|dffs[1] ; lpm_counter:qb_rtl_0|dffs[3] ; P19        ; P19      ; None                        ; None                      ; 5.700 ns                ;
; N/A   ; 98.04 MHz ( period = 10.200 ns )  ; lpm_counter:qb_rtl_0|dffs[0] ; lpm_counter:qb_rtl_0|dffs[3] ; P19        ; P19      ; None                        ; None                      ; 5.700 ns                ;
; N/A   ; 98.04 MHz ( period = 10.200 ns )  ; lpm_counter:qb_rtl_0|dffs[2] ; lpm_counter:qb_rtl_0|dffs[3] ; P19        ; P19      ; None                        ; None                      ; 5.700 ns                ;
; N/A   ; 98.04 MHz ( period = 10.200 ns )  ; lpm_counter:qb_rtl_0|dffs[3] ; lpm_counter:qb_rtl_0|dffs[3] ; P19        ; P19      ; None                        ; None                      ; 5.700 ns                ;
; N/A   ; 100.00 MHz ( period = 10.000 ns ) ; qa[0]~reg0                   ; qa[1]~reg0                   ; P19        ; P19      ; None                        ; None                      ; 5.500 ns                ;
+-------+-----------------------------------+------------------------------+------------------------------+------------+----------+-----------------------------+---------------------------+-------------------------+


+---------------------------------------------------------------------+
; tsu                                                                 ;
+-------+--------------+------------+---------+------------+----------+
; Slack ; Required tsu ; Actual tsu ; From    ; To         ; To Clock ;
+-------+--------------+------------+---------+------------+----------+
; N/A   ; None         ; -0.200 ns  ; P20_sel ; P20_sel_d  ; fin      ;
; N/A   ; None         ; -0.200 ns  ; P22     ; OneHz_in_d ; fin      ;
; N/A   ; None         ; -0.200 ns  ; P21     ; P21_d      ; fin      ;
; N/A   ; None         ; -0.200 ns  ; P7      ; P7_d       ; fin      ;
; N/A   ; None         ; -0.200 ns  ; P5      ; P5_d       ; fin      ;
+-------+--------------+------------+---------+------------+----------+


+---------------------------------------------------------------------------------------+
; tco                                                                                   ;
+-------+--------------+------------+------------------------------+-------+------------+
; Slack ; Required tco ; Actual tco ; From                         ; To    ; From Clock ;
+-------+--------------+------------+------------------------------+-------+------------+
; N/A   ; None         ; 26.800 ns  ; lpm_counter:qb_rtl_0|dffs[0] ; qb[0] ; fin        ;
; N/A   ; None         ; 26.800 ns  ; qa[1]~reg0                   ; qa[1] ; fin        ;
; N/A   ; None         ; 26.800 ns  ; qa[0]~reg0                   ; qa[0] ; fin        ;
; N/A   ; None         ; 26.800 ns  ; lpm_counter:qb_rtl_0|dffs[3] ; qb[3] ; fin        ;
; N/A   ; None         ; 26.800 ns  ; lpm_counter:qb_rtl_0|dffs[2] ; qb[2] ; fin        ;
; N/A   ; None         ; 26.800 ns  ; lpm_counter:qb_rtl_0|dffs[1] ; qb[1] ; fin        ;
; N/A   ; None         ; 20.200 ns  ; P5_d                         ; P8    ; fin        ;
; N/A   ; None         ; 20.200 ns  ; P7_d                         ; P8    ; fin        ;
; N/A   ; None         ; 20.200 ns  ; OneHz_in_d                   ; P8    ; fin        ;
; N/A   ; None         ; 20.200 ns  ; P20_sel_d                    ; P8    ; fin        ;
; N/A   ; None         ; 20.200 ns  ; P7_d                         ; P6    ; fin        ;
; N/A   ; None         ; 20.200 ns  ; P20_sel_d                    ; P6    ; fin        ;
; N/A   ; None         ; 20.200 ns  ; OneHz_in_d                   ; P4    ; fin        ;
; N/A   ; None         ; 20.200 ns  ; P20_sel_d                    ; P4    ; fin        ;
; N/A   ; None         ; 16.600 ns  ; lpm_counter:qb_rtl_0|dffs[0] ; qb[0] ; P19        ;
; N/A   ; None         ; 16.600 ns  ; qa[1]~reg0                   ; qa[1] ; P19        ;
; N/A   ; None         ; 16.600 ns  ; qa[0]~reg0                   ; qa[0] ; P19        ;
; N/A   ; None         ; 16.600 ns  ; lpm_counter:qb_rtl_0|dffs[3] ; qb[3] ; P19        ;
; N/A   ; None         ; 16.600 ns  ; lpm_counter:qb_rtl_0|dffs[2] ; qb[2] ; P19        ;
; N/A   ; None         ; 16.600 ns  ; lpm_counter:qb_rtl_0|dffs[1] ; qb[1] ; P19        ;
+-------+--------------+------------+------------------------------+-------+------------+


+---------------------------------------------------------------------------+
; th                                                                        ;
+---------------+-------------+-----------+---------+------------+----------+
; Minimum Slack ; Required th ; Actual th ; From    ; To         ; To Clock ;
+---------------+-------------+-----------+---------+------------+----------+
; N/A           ; None        ; 4.400 ns  ; P20_sel ; P20_sel_d  ; fin      ;
; N/A           ; None        ; 4.400 ns  ; P22     ; OneHz_in_d ; fin      ;
; N/A           ; None        ; 4.400 ns  ; P21     ; P21_d      ; fin      ;
; N/A           ; None        ; 4.400 ns  ; P7      ; P7_d       ; fin      ;
; N/A           ; None        ; 4.400 ns  ; P5      ; P5_d       ; fin      ;
+---------------+-------------+-----------+---------+------------+----------+


+--------------------------+
; Timing Analyzer Messages ;
+--------------------------+
Info: *******************************************************************
Info: Running Quartus II Classic Timing Analyzer
    Info: Version 9.1 Build 350 03/24/2010 Service Pack 2 SJ Web Edition
    Info: Processing started: Wed Nov 02 18:00:16 2022
Info: Command: quartus_tan --read_settings_files=off --write_settings_files=off vl2 -c vl2
Info: Started post-fitting delay annotation
Info: Delay annotation completed successfully
Warning: Timing Analysis does not support the analysis of latches as synchronous elements for the currently selected device family
Warning: Found pins functioning as undefined clocks and/or memory enables
    Info: Assuming node "fin" is an undefined clock
    Info: Assuming node "P19" is an undefined clock
Warning: Found 5 node(s) in clock paths which may be acting as ripple and/or gated clocks -- node(s) analyzed as buffer(s) resulting in clock skew
    Info: Detected gated clock "clk_h~9bal" as buffer
    Info: Detected ripple clock "P20_sel_d" as buffer
    Info: Detected ripple clock "OneHz_in_d" as buffer
    Info: Detected ripple clock "P21_d" as buffer
    Info: Detected ripple clock "clk" as buffer
Info: Clock "fin" has Internal fmax of 70.92 MHz between source register "lpm_counter:qb_rtl_0|dffs[1]" and destination register "qa[1]~reg0" (period= 14.1 ns)
    Info: + Longest register to register delay is 9.600 ns
        Info: 1: + IC(0.000 ns) + CELL(0.000 ns) = 0.000 ns; Loc. = LC17; Fanout = 13; REG Node = 'lpm_counter:qb_rtl_0|dffs[1]'
        Info: 2: + IC(2.500 ns) + CELL(3.900 ns) = 6.400 ns; Loc. = SEXP33; Fanout = 1; COMB Node = 'qa~9'
        Info: 3: + IC(0.000 ns) + CELL(3.200 ns) = 9.600 ns; Loc. = LC41; Fanout = 16; REG Node = 'qa[1]~reg0'
        Info: Total cell delay = 7.100 ns ( 73.96 % )
        Info: Total interconnect delay = 2.500 ns ( 26.04 % )
    Info: - Smallest clock skew is 0.000 ns
        Info: + Shortest clock path from clock "fin" to destination register is 23.400 ns
            Info: 1: + IC(0.000 ns) + CELL(2.300 ns) = 2.300 ns; Loc. = PIN_43; Fanout = 14; CLK Node = 'fin'
            Info: 2: + IC(0.000 ns) + CELL(2.900 ns) = 5.200 ns; Loc. = LC28; Fanout = 6; REG Node = 'clk'
            Info: 3: + IC(2.300 ns) + CELL(4.100 ns) = 11.600 ns; Loc. = LC18; Fanout = 3; REG Node = 'OneHz_in_d'
            Info: 4: + IC(2.300 ns) + CELL(4.500 ns) = 18.400 ns; Loc. = LC33; Fanout = 6; COMB Node = 'clk_h~9bal'
            Info: 5: + IC(2.500 ns) + CELL(2.500 ns) = 23.400 ns; Loc. = LC41; Fanout = 16; REG Node = 'qa[1]~reg0'
            Info: Total cell delay = 16.300 ns ( 69.66 % )
            Info: Total interconnect delay = 7.100 ns ( 30.34 % )
        Info: - Longest clock path from clock "fin" to source register is 23.400 ns
            Info: 1: + IC(0.000 ns) + CELL(2.300 ns) = 2.300 ns; Loc. = PIN_43; Fanout = 14; CLK Node = 'fin'
            Info: 2: + IC(0.000 ns) + CELL(2.900 ns) = 5.200 ns; Loc. = LC28; Fanout = 6; REG Node = 'clk'
            Info: 3: + IC(2.300 ns) + CELL(4.100 ns) = 11.600 ns; Loc. = LC18; Fanout = 3; REG Node = 'OneHz_in_d'
            Info: 4: + IC(2.300 ns) + CELL(4.500 ns) = 18.400 ns; Loc. = LC33; Fanout = 6; COMB Node = 'clk_h~9bal'
            Info: 5: + IC(2.500 ns) + CELL(2.500 ns) = 23.400 ns; Loc. = LC17; Fanout = 13; REG Node = 'lpm_counter:qb_rtl_0|dffs[1]'
            Info: Total cell delay = 16.300 ns ( 69.66 % )
            Info: Total interconnect delay = 7.100 ns ( 30.34 % )
    Info: + Micro clock to output delay of source is 1.600 ns
    Info: + Micro setup delay of destination is 2.900 ns
Info: Clock "P19" has Internal fmax of 70.92 MHz between source register "lpm_counter:qb_rtl_0|dffs[1]" and destination register "qa[1]~reg0" (period= 14.1 ns)
    Info: + Longest register to register delay is 9.600 ns
        Info: 1: + IC(0.000 ns) + CELL(0.000 ns) = 0.000 ns; Loc. = LC17; Fanout = 13; REG Node = 'lpm_counter:qb_rtl_0|dffs[1]'
        Info: 2: + IC(2.500 ns) + CELL(3.900 ns) = 6.400 ns; Loc. = SEXP33; Fanout = 1; COMB Node = 'qa~9'
        Info: 3: + IC(0.000 ns) + CELL(3.200 ns) = 9.600 ns; Loc. = LC41; Fanout = 16; REG Node = 'qa[1]~reg0'
        Info: Total cell delay = 7.100 ns ( 73.96 % )
        Info: Total interconnect delay = 2.500 ns ( 26.04 % )
    Info: - Smallest clock skew is 0.000 ns
        Info: + Shortest clock path from clock "P19" to destination register is 13.200 ns
            Info: 1: + IC(0.000 ns) + CELL(1.400 ns) = 1.400 ns; Loc. = PIN_19; Fanout = 1; CLK Node = 'P19'
            Info: 2: + IC(2.300 ns) + CELL(4.500 ns) = 8.200 ns; Loc. = LC33; Fanout = 6; COMB Node = 'clk_h~9bal'
            Info: 3: + IC(2.500 ns) + CELL(2.500 ns) = 13.200 ns; Loc. = LC41; Fanout = 16; REG Node = 'qa[1]~reg0'
            Info: Total cell delay = 8.400 ns ( 63.64 % )
            Info: Total interconnect delay = 4.800 ns ( 36.36 % )
        Info: - Longest clock path from clock "P19" to source register is 13.200 ns
            Info: 1: + IC(0.000 ns) + CELL(1.400 ns) = 1.400 ns; Loc. = PIN_19; Fanout = 1; CLK Node = 'P19'
            Info: 2: + IC(2.300 ns) + CELL(4.500 ns) = 8.200 ns; Loc. = LC33; Fanout = 6; COMB Node = 'clk_h~9bal'
            Info: 3: + IC(2.500 ns) + CELL(2.500 ns) = 13.200 ns; Loc. = LC17; Fanout = 13; REG Node = 'lpm_counter:qb_rtl_0|dffs[1]'
            Info: Total cell delay = 8.400 ns ( 63.64 % )
            Info: Total interconnect delay = 4.800 ns ( 36.36 % )
    Info: + Micro clock to output delay of source is 1.600 ns
    Info: + Micro setup delay of destination is 2.900 ns
Info: tsu for register "P20_sel_d" (data pin = "P20_sel", clock pin = "fin") is -0.200 ns
    Info: + Longest pin to register delay is 6.900 ns
        Info: 1: + IC(0.000 ns) + CELL(1.400 ns) = 1.400 ns; Loc. = PIN_18; Fanout = 1; PIN Node = 'P20_sel'
        Info: 2: + IC(2.300 ns) + CELL(3.200 ns) = 6.900 ns; Loc. = LC30; Fanout = 6; REG Node = 'P20_sel_d'
        Info: Total cell delay = 4.600 ns ( 66.67 % )
        Info: Total interconnect delay = 2.300 ns ( 33.33 % )
    Info: + Micro setup delay of destination is 2.900 ns
    Info: - Shortest clock path from clock "fin" to destination register is 10.000 ns
        Info: 1: + IC(0.000 ns) + CELL(2.300 ns) = 2.300 ns; Loc. = PIN_43; Fanout = 14; CLK Node = 'fin'
        Info: 2: + IC(0.000 ns) + CELL(2.900 ns) = 5.200 ns; Loc. = LC28; Fanout = 6; REG Node = 'clk'
        Info: 3: + IC(2.300 ns) + CELL(2.500 ns) = 10.000 ns; Loc. = LC30; Fanout = 6; REG Node = 'P20_sel_d'
        Info: Total cell delay = 7.700 ns ( 77.00 % )
        Info: Total interconnect delay = 2.300 ns ( 23.00 % )
Info: tco from clock "fin" to destination pin "qb[0]" through register "lpm_counter:qb_rtl_0|dffs[0]" is 26.800 ns
    Info: + Longest clock path from clock "fin" to source register is 23.400 ns
        Info: 1: + IC(0.000 ns) + CELL(2.300 ns) = 2.300 ns; Loc. = PIN_43; Fanout = 14; CLK Node = 'fin'
        Info: 2: + IC(0.000 ns) + CELL(2.900 ns) = 5.200 ns; Loc. = LC28; Fanout = 6; REG Node = 'clk'
        Info: 3: + IC(2.300 ns) + CELL(4.100 ns) = 11.600 ns; Loc. = LC18; Fanout = 3; REG Node = 'OneHz_in_d'
        Info: 4: + IC(2.300 ns) + CELL(4.500 ns) = 18.400 ns; Loc. = LC33; Fanout = 6; COMB Node = 'clk_h~9bal'
        Info: 5: + IC(2.500 ns) + CELL(2.500 ns) = 23.400 ns; Loc. = LC19; Fanout = 15; REG Node = 'lpm_counter:qb_rtl_0|dffs[0]'
        Info: Total cell delay = 16.300 ns ( 69.66 % )
        Info: Total interconnect delay = 7.100 ns ( 30.34 % )
    Info: + Micro clock to output delay of source is 1.600 ns
    Info: + Longest register to pin delay is 1.800 ns
        Info: 1: + IC(0.000 ns) + CELL(0.000 ns) = 0.000 ns; Loc. = LC19; Fanout = 15; REG Node = 'lpm_counter:qb_rtl_0|dffs[0]'
        Info: 2: + IC(0.000 ns) + CELL(1.800 ns) = 1.800 ns; Loc. = PIN_20; Fanout = 0; PIN Node = 'qb[0]'
        Info: Total cell delay = 1.800 ns ( 100.00 % )
Info: th for register "P20_sel_d" (data pin = "P20_sel", clock pin = "fin") is 4.400 ns
    Info: + Longest clock path from clock "fin" to destination register is 10.000 ns
        Info: 1: + IC(0.000 ns) + CELL(2.300 ns) = 2.300 ns; Loc. = PIN_43; Fanout = 14; CLK Node = 'fin'
        Info: 2: + IC(0.000 ns) + CELL(2.900 ns) = 5.200 ns; Loc. = LC28; Fanout = 6; REG Node = 'clk'
        Info: 3: + IC(2.300 ns) + CELL(2.500 ns) = 10.000 ns; Loc. = LC30; Fanout = 6; REG Node = 'P20_sel_d'
        Info: Total cell delay = 7.700 ns ( 77.00 % )
        Info: Total interconnect delay = 2.300 ns ( 23.00 % )
    Info: + Micro hold delay of destination is 1.300 ns
    Info: - Shortest pin to register delay is 6.900 ns
        Info: 1: + IC(0.000 ns) + CELL(1.400 ns) = 1.400 ns; Loc. = PIN_18; Fanout = 1; PIN Node = 'P20_sel'
        Info: 2: + IC(2.300 ns) + CELL(3.200 ns) = 6.900 ns; Loc. = LC30; Fanout = 6; REG Node = 'P20_sel_d'
        Info: Total cell delay = 4.600 ns ( 66.67 % )
        Info: Total interconnect delay = 2.300 ns ( 33.33 % )
Info: Quartus II Classic Timing Analyzer was successful. 0 errors, 3 warnings
    Info: Peak virtual memory: 168 megabytes
    Info: Processing ended: Wed Nov 02 18:00:16 2022
    Info: Elapsed time: 00:00:00
    Info: Total CPU time (on all processors): 00:00:00


