Flow report for vl2
Wed Nov 02 18:00:16 2022
Quartus II Version 9.1 Build 350 03/24/2010 Service Pack 2 SJ Web Edition


---------------------
; Table of Contents ;
---------------------
  1. Legal Notice
  2. Flow Summary
  3. Flow Settings
  4. Flow Non-Default Global Settings
  5. Flow Elapsed Time
  6. Flow OS Summary
  7. Flow Log



----------------
; Legal Notice ;
----------------
Copyright (C) 1991-2010 Altera Corporation
Your use of Altera Corporation's design tools, logic functions 
and other software and tools, and its AMPP partner logic 
functions, and any output files from any of the foregoing 
(including device programming or simulation files), and any 
associated documentation or information are expressly subject 
to the terms and conditions of the Altera Program License 
Subscription Agreement, Altera MegaCore Function License 
Agreement, or other applicable license agreement, including, 
without limitation, that your use is for the sole purpose of 
programming logic devices manufactured by Altera and sold by 
Altera or its authorized distributors.  Please refer to the 
applicable agreement for further details.



+------------------------------------------------------------------------+
; Flow Summary                                                           ;
+-------------------------+----------------------------------------------+
; Flow Status             ; Successful - Wed Nov 02 18:00:16 2022        ;
; Quartus II Version      ; 9.1 Build 350 03/24/2010 SP 2 SJ Web Edition ;
; Revision Name           ; vl2                                          ;
; Top-level Entity Name   ; vl2                                          ;
; Family                  ; MAX3000A                                     ;
; Device                  ; EPM3064ALC44-10                              ;
; Timing Models           ; Final                                        ;
; Met timing requirements ; Yes                                          ;
; Total macrocells        ; 35 / 64 ( 55 % )                             ;
; Total pins              ; 21 / 34 ( 62 % )                             ;
+-------------------------+----------------------------------------------+


+-----------------------------------------+
; Flow Settings                           ;
+-------------------+---------------------+
; Option            ; Setting             ;
+-------------------+---------------------+
; Start date & time ; 11/02/2022 18:00:12 ;
; Main task         ; Compilation         ;
; Revision Name     ; vl2                 ;
+-------------------+---------------------+


+---------------------------------------------------------------------------------------------------------------------------------------------------+
; Flow Non-Default Global Settings                                                                                                                  ;
+--------------------------+-----------------------------------------------------------------------------+---------------+-------------+------------+
; Assignment Name          ; Value                                                                       ; Default Value ; Entity Name ; Section Id ;
+--------------------------+-----------------------------------------------------------------------------+---------------+-------------+------------+
; COMPILER_SIGNATURE_ID    ; 95165565747597.166738321206716                                              ; --            ; --          ; --         ;
; MAX_CORE_JUNCTION_TEMP   ; 85                                                                          ; --            ; --          ; --         ;
; MIN_CORE_JUNCTION_TEMP   ; 0                                                                           ; --            ; --          ; --         ;
; MISC_FILE                ; C:/Users/hj6hk/OneDrive/桌面/gitinitsd/logic_verilog/ok_3/verilog/vl2.dpf ; --            ; --          ; --         ;
; PROJECT_OUTPUT_DIRECTORY ; output_files                                                                ; --            ; --          ; --         ;
+--------------------------+-----------------------------------------------------------------------------+---------------+-------------+------------+


+-----------------------------------------------------------------------------------------------------------------------------+
; Flow Elapsed Time                                                                                                           ;
+-------------------------+--------------+-------------------------+---------------------+------------------------------------+
; Module Name             ; Elapsed Time ; Average Processors Used ; Peak Virtual Memory ; Total CPU Time (on all processors) ;
+-------------------------+--------------+-------------------------+---------------------+------------------------------------+
; Analysis & Synthesis    ; 00:00:01     ; 1.0                     ; 218 MB              ; 00:00:01                           ;
; Fitter                  ; 00:00:00     ; 1.0                     ; 179 MB              ; 00:00:00                           ;
; Assembler               ; 00:00:00     ; 1.0                     ; 183 MB              ; 00:00:00                           ;
; Classic Timing Analyzer ; 00:00:00     ; 1.0                     ; 154 MB              ; 00:00:00                           ;
; Total                   ; 00:00:01     ; --                      ; --                  ; 00:00:01                           ;
+-------------------------+--------------+-------------------------+---------------------+------------------------------------+


+------------------------------------------------------------------------------------------+
; Flow OS Summary                                                                          ;
+-------------------------+------------------+---------------+------------+----------------+
; Module Name             ; Machine Hostname ; OS Name       ; OS Version ; Processor type ;
+-------------------------+------------------+---------------+------------+----------------+
; Analysis & Synthesis    ; MSI              ; Windows Vista ; 6.2        ; x86_64         ;
; Fitter                  ; MSI              ; Windows Vista ; 6.2        ; x86_64         ;
; Assembler               ; MSI              ; Windows Vista ; 6.2        ; x86_64         ;
; Classic Timing Analyzer ; MSI              ; Windows Vista ; 6.2        ; x86_64         ;
+-------------------------+------------------+---------------+------------+----------------+


------------
; Flow Log ;
------------
quartus_map --read_settings_files=on --write_settings_files=off vl2 -c vl2
quartus_fit --read_settings_files=off --write_settings_files=off vl2 -c vl2
quartus_asm --read_settings_files=off --write_settings_files=off vl2 -c vl2
quartus_tan --read_settings_files=off --write_settings_files=off vl2 -c vl2



