Fitter report for vd1
Wed Nov 02 15:33:52 2022
Quartus II Version 9.1 Build 350 03/24/2010 Service Pack 2 SJ Web Edition


---------------------
; Table of Contents ;
---------------------
  1. Legal Notice
  2. Fitter Summary
  3. Fitter Settings
  4. Parallel Compilation
  5. Pin-Out File
  6. Fitter Resource Usage Summary
  7. Input Pins
  8. Output Pins
  9. All Package Pins
 10. I/O Standard
 11. Dedicated Inputs I/O
 12. Output Pin Default Load For Reported TCO
 13. Fitter Resource Utilization by Entity
 14. Control Signals
 15. Global & Other Fast Signals
 16. Non-Global High Fan-Out Signals
 17. Interconnect Usage Summary
 18. LAB Macrocells
 19. Parallel Expander
 20. Logic Cell Interconnection
 21. Fitter Device Options
 22. Fitter Messages



----------------
; Legal Notice ;
----------------
Copyright (C) 1991-2010 Altera Corporation
Your use of Altera Corporation's design tools, logic functions 
and other software and tools, and its AMPP partner logic 
functions, and any output files from any of the foregoing 
(including device programming or simulation files), and any 
associated documentation or information are expressly subject 
to the terms and conditions of the Altera Program License 
Subscription Agreement, Altera MegaCore Function License 
Agreement, or other applicable license agreement, including, 
without limitation, that your use is for the sole purpose of 
programming logic devices manufactured by Altera and sold by 
Altera or its authorized distributors.  Please refer to the 
applicable agreement for further details.



+----------------------------------------------------------------------+
; Fitter Summary                                                       ;
+-----------------------+----------------------------------------------+
; Fitter Status         ; Successful - Wed Nov 02 15:33:52 2022        ;
; Quartus II Version    ; 9.1 Build 350 03/24/2010 SP 2 SJ Web Edition ;
; Revision Name         ; vd1                                          ;
; Top-level Entity Name ; vd1                                          ;
; Family                ; MAX3000A                                     ;
; Device                ; EPM3064ALC44-10                              ;
; Timing Models         ; Final                                        ;
; Total macrocells      ; 39 / 64 ( 61 % )                             ;
; Total pins            ; 14 / 34 ( 41 % )                             ;
+-----------------------+----------------------------------------------+


+--------------------------------------------------------------------------------------------------------------+
; Fitter Settings                                                                                              ;
+----------------------------------------------------------------------------+-----------------+---------------+
; Option                                                                     ; Setting         ; Default Value ;
+----------------------------------------------------------------------------+-----------------+---------------+
; Device                                                                     ; EPM3064ALC44-10 ;               ;
; Use smart compilation                                                      ; Off             ; Off           ;
; Enable parallel Assembler and TimeQuest Timing Analyzer during compilation ; On              ; On            ;
; Enable compact report table                                                ; Off             ; Off           ;
; Use TimeQuest Timing Analyzer                                              ; Off             ; Off           ;
; Optimize Timing for ECOs                                                   ; Off             ; Off           ;
; Regenerate full fit report during ECO compiles                             ; Off             ; Off           ;
; Optimize IOC Register Placement for Timing                                 ; On              ; On            ;
; Limit to One Fitting Attempt                                               ; Off             ; Off           ;
; Fitter Initial Placement Seed                                              ; 1               ; 1             ;
; Slow Slew Rate                                                             ; Off             ; Off           ;
; Fitter Effort                                                              ; Auto Fit        ; Auto Fit      ;
; Force Fitter to Avoid Periphery Placement Warnings                         ; Off             ; Off           ;
; Use Best Effort Settings for Compilation                                   ; Off             ; Off           ;
+----------------------------------------------------------------------------+-----------------+---------------+


Parallel compilation was disabled, but you have multiple processors available. Enable parallel compilation to reduce compilation time.
+-------------------------------------+
; Parallel Compilation                ;
+----------------------------+--------+
; Processors                 ; Number ;
+----------------------------+--------+
; Number detected on machine ; 6      ;
; Maximum allowed            ; 1      ;
+----------------------------+--------+


+--------------+
; Pin-Out File ;
+--------------+
The pin-out file can be found in C:/Users/hj6hk/OneDrive/桌面/test1/vd1.pin.


+---------------------------------------------------------------------+
; Fitter Resource Usage Summary                                       ;
+-----------------------------------+---------------------------------+
; Resource                          ; Usage                           ;
+-----------------------------------+---------------------------------+
; Logic cells                       ; 39 / 64 ( 61 % )                ;
; Registers                         ; 26 / 64 ( 41 % )                ;
; Number of pterms used             ; 149                             ;
; User inserted logic elements      ; 0                               ;
; I/O pins                          ; 14 / 34 ( 41 % )                ;
;     -- Clock pins                 ; 1 / 2 ( 50 % )                  ;
;     -- Dedicated input pins       ; 0 / 2 ( 0 % )                   ;
; Global signals                    ; 1                               ;
; Shareable expanders               ; 0 / 64 ( 0 % )                  ;
; Parallel expanders                ; 13 / 60 ( 22 % )                ;
; Cells using turbo bit             ; 39 / 64 ( 61 % )                ;
; Maximum fan-out node              ; lpm_counter:code1_rtl_0|dffs[1] ;
; Maximum fan-out                   ; 20                              ;
; Highest non-global fan-out signal ; lpm_counter:code1_rtl_0|dffs[1] ;
; Highest non-global fan-out        ; 20                              ;
; Total fan-out                     ; 259                             ;
; Average fan-out                   ; 4.89                            ;
+-----------------------------------+---------------------------------+


+------------------------------------------------------------------------------------------------------------------------------------+
; Input Pins                                                                                                                         ;
+---------------+-------+----------+-----+-----------------------+--------------------+--------+--------------+----------------------+
; Name          ; Pin # ; I/O Bank ; LAB ; Combinational Fan-Out ; Registered Fan-Out ; Global ; I/O Standard ; Location assigned by ;
+---------------+-------+----------+-----+-----------------------+--------------------+--------+--------------+----------------------+
; clk           ; 43    ; --       ; --  ; 2                     ; 0                  ; yes    ; 3.3-V LVTTL  ; User                 ;
; p2_CountSpeed ; 34    ; --       ; 4   ; 1                     ; 0                  ; no     ; 3.3-V LVTTL  ; User                 ;
; p3_rst        ; 31    ; --       ; 3   ; 16                    ; 0                  ; no     ; 3.3-V LVTTL  ; User                 ;
; p4_ScanSpeed  ; 28    ; --       ; 3   ; 1                     ; 0                  ; no     ; 3.3-V LVTTL  ; User                 ;
+---------------+-------+----------+-----+-----------------------+--------------------+--------+--------------+----------------------+


+------------------------------------------------------------------------------------------------------------------------------------------------------------------------------------------------+
; Output Pins                                                                                                                                                                                    ;
+------------+-------+----------+-----+-----------------+----------------+------------+---------------+--------------+----------------------+-------+----------------------+---------------------+
; Name       ; Pin # ; I/O Bank ; LAB ; Output Register ; Slow Slew Rate ; Open Drain ; TRI Primitive ; I/O Standard ; Location assigned by ; Load  ; Output Enable Source ; Output Enable Group ;
+------------+-------+----------+-----+-----------------+----------------+------------+---------------+--------------+----------------------+-------+----------------------+---------------------+
; bcdcode[0] ; 26    ; --       ; 3   ; no              ; no             ; no         ; no            ; 3.3-V LVTTL  ; User                 ; 10 pF ; -                    ; -                   ;
; bcdcode[1] ; 24    ; --       ; 3   ; no              ; no             ; no         ; no            ; 3.3-V LVTTL  ; User                 ; 10 pF ; -                    ; -                   ;
; bcdcode[2] ; 12    ; --       ; 1   ; no              ; no             ; no         ; no            ; 3.3-V LVTTL  ; User                 ; 10 pF ; -                    ; -                   ;
; bcdcode[3] ; 16    ; --       ; 2   ; no              ; no             ; no         ; no            ; 3.3-V LVTTL  ; User                 ; 10 pF ; -                    ; -                   ;
; scan[0]    ; 19    ; --       ; 2   ; no              ; no             ; no         ; no            ; 3.3-V LVTTL  ; User                 ; 10 pF ; -                    ; -                   ;
; scan[1]    ; 21    ; --       ; 2   ; no              ; no             ; no         ; no            ; 3.3-V LVTTL  ; User                 ; 10 pF ; -                    ; -                   ;
+------------+-------+----------+-----+-----------------+----------------+------------+---------------+--------------+----------------------+-------+----------------------+---------------------+


+-------------------------------------------------------------------------------------------------------+
; All Package Pins                                                                                      ;
+----------+------------+----------+----------------+--------+--------------+---------+-----------------+
; Location ; Pad Number ; I/O Bank ; Pin Name/Usage ; Dir.   ; I/O Standard ; Voltage ; User Assignment ;
+----------+------------+----------+----------------+--------+--------------+---------+-----------------+
; 1        ; 0          ; --       ; GND+           ;        ;              ;         ;                 ;
; 2        ; 1          ; --       ; GND+           ;        ;              ;         ;                 ;
; 3        ; 2          ; --       ; VCCINT         ; power  ;              ; 3.3V    ;                 ;
; 4        ; 3          ; --       ; RESERVED       ;        ;              ;         ;                 ;
; 5        ; 4          ; --       ; RESERVED       ;        ;              ;         ;                 ;
; 6        ; 5          ; --       ; RESERVED       ;        ;              ;         ;                 ;
; 7        ; 6          ; --       ; TDI            ; input  ; 3.3-V LVTTL  ;         ; N               ;
; 8        ; 7          ; --       ; RESERVED       ;        ;              ;         ;                 ;
; 9        ; 8          ; --       ; RESERVED       ;        ;              ;         ;                 ;
; 10       ; 9          ; --       ; GND            ; gnd    ;              ;         ;                 ;
; 11       ; 10         ; --       ; RESERVED       ;        ;              ;         ;                 ;
; 12       ; 11         ; --       ; bcdcode[2]     ; output ; 3.3-V LVTTL  ;         ; Y               ;
; 13       ; 12         ; --       ; TMS            ; input  ; 3.3-V LVTTL  ;         ; N               ;
; 14       ; 13         ; --       ; RESERVED       ;        ;              ;         ;                 ;
; 15       ; 14         ; --       ; VCCIO          ; power  ;              ; 3.3V    ;                 ;
; 16       ; 15         ; --       ; bcdcode[3]     ; output ; 3.3-V LVTTL  ;         ; Y               ;
; 17       ; 16         ; --       ; GND            ; gnd    ;              ;         ;                 ;
; 18       ; 17         ; --       ; RESERVED       ;        ;              ;         ;                 ;
; 19       ; 18         ; --       ; scan[0]        ; output ; 3.3-V LVTTL  ;         ; Y               ;
; 20       ; 19         ; --       ; RESERVED       ;        ;              ;         ;                 ;
; 21       ; 20         ; --       ; scan[1]        ; output ; 3.3-V LVTTL  ;         ; Y               ;
; 22       ; 21         ; --       ; GND            ; gnd    ;              ;         ;                 ;
; 23       ; 22         ; --       ; VCCINT         ; power  ;              ; 3.3V    ;                 ;
; 24       ; 23         ; --       ; bcdcode[1]     ; output ; 3.3-V LVTTL  ;         ; Y               ;
; 25       ; 24         ; --       ; RESERVED       ;        ;              ;         ;                 ;
; 26       ; 25         ; --       ; bcdcode[0]     ; output ; 3.3-V LVTTL  ;         ; Y               ;
; 27       ; 26         ; --       ; RESERVED       ;        ;              ;         ;                 ;
; 28       ; 27         ; --       ; p4_ScanSpeed   ; input  ; 3.3-V LVTTL  ;         ; Y               ;
; 29       ; 28         ; --       ; RESERVED       ;        ;              ;         ;                 ;
; 30       ; 29         ; --       ; GND            ; gnd    ;              ;         ;                 ;
; 31       ; 30         ; --       ; p3_rst         ; input  ; 3.3-V LVTTL  ;         ; Y               ;
; 32       ; 31         ; --       ; TCK            ; input  ; 3.3-V LVTTL  ;         ; N               ;
; 33       ; 32         ; --       ; RESERVED       ;        ;              ;         ;                 ;
; 34       ; 33         ; --       ; p2_CountSpeed  ; input  ; 3.3-V LVTTL  ;         ; Y               ;
; 35       ; 34         ; --       ; VCCIO          ; power  ;              ; 3.3V    ;                 ;
; 36       ; 35         ; --       ; GND            ; gnd    ;              ;         ;                 ;
; 37       ; 36         ; --       ; RESERVED       ;        ;              ;         ;                 ;
; 38       ; 37         ; --       ; TDO            ; output ; 3.3-V LVTTL  ;         ; N               ;
; 39       ; 38         ; --       ; RESERVED       ;        ;              ;         ;                 ;
; 40       ; 39         ; --       ; RESERVED       ;        ;              ;         ;                 ;
; 41       ; 40         ; --       ; RESERVED       ;        ;              ;         ;                 ;
; 42       ; 41         ; --       ; GND            ; gnd    ;              ;         ;                 ;
; 43       ; 42         ; --       ; clk            ; input  ; 3.3-V LVTTL  ;         ; Y               ;
; 44       ; 43         ; --       ; GND+           ;        ;              ;         ;                 ;
+----------+------------+----------+----------------+--------+--------------+---------+-----------------+
Note: Pin directions (input, output or bidir) are based on device operating in user mode.


+--------------------------------------------------------------------------------------------------+
; I/O Standard                                                                                     ;
+--------------+------------+----------------------+-------------------+-------------------+-------+
; I/O Standard ; Input Vref ; Dedicated Input Pins ; Pins in I/O Bank1 ; Pins in I/O Bank2 ; Total ;
+--------------+------------+----------------------+-------------------+-------------------+-------+
; 3.3-V LVTTL  ; -          ; 1                    ; 0                 ; 0                 ; 1     ;
+--------------+------------+----------------------+-------------------+-------------------+-------+


+--------------------------------------------------------------------+
; Dedicated Inputs I/O                                               ;
+------+-------+-------+-------+--------------+------------+---------+
; Name ; Pin # ; Type  ; VCCIO ; I/O Standard ; Input Vref ; Current ;
+------+-------+-------+-------+--------------+------------+---------+
; clk  ; 43    ; Input ; --    ; 3.3-V LVTTL  ; -          ; 0 mA    ;
+------+-------+-------+-------+--------------+------------+---------+


+-----------------------------------------------+
; Output Pin Default Load For Reported TCO      ;
+--------------+-------+------------------------+
; I/O Standard ; Load  ; Termination Resistance ;
+--------------+-------+------------------------+
; 3.3-V LVTTL  ; 10 pF ; Not Available          ;
; 3.3-V LVCMOS ; 10 pF ; Not Available          ;
; 3.3-V PCI    ; 10 pF ; 25 Ohm (Parallel)      ;
; 2.5 V        ; 10 pF ; Not Available          ;
+--------------+-------+------------------------+
Note: User assignments will override these defaults. The user specified values are listed in the Output Pins and Bidir Pins tables.


+------------------------------------------------------------------------------------------------------+
; Fitter Resource Utilization by Entity                                                                ;
+---------------------------------+------------+------+---------------------------------+--------------+
; Compilation Hierarchy Node      ; Macrocells ; Pins ; Full Hierarchy Name             ; Library Name ;
+---------------------------------+------------+------+---------------------------------+--------------+
; |vd1                            ; 39         ; 14   ; |vd1                            ; work         ;
;    |lpm_counter:code1000_rtl_3| ; 9          ; 0    ; |vd1|lpm_counter:code1000_rtl_3 ; work         ;
;    |lpm_counter:code100_rtl_2|  ; 8          ; 0    ; |vd1|lpm_counter:code100_rtl_2  ; work         ;
;    |lpm_counter:code10_rtl_1|   ; 8          ; 0    ; |vd1|lpm_counter:code10_rtl_1   ; work         ;
;    |lpm_counter:code1_rtl_0|    ; 4          ; 0    ; |vd1|lpm_counter:code1_rtl_0    ; work         ;
+---------------------------------+------------+------+---------------------------------+--------------+


+-------------------------------------------------------------------------------------------------------+
; Control Signals                                                                                       ;
+----------------+----------+---------+--------------+--------+----------------------+------------------+
; Name           ; Location ; Fan-Out ; Usage        ; Global ; Global Resource Used ; Global Line Name ;
+----------------+----------+---------+--------------+--------+----------------------+------------------+
; ENB_CountSpeed ; LC51     ; 16      ; Clock        ; no     ; --                   ; --               ;
; ENB_ScanSpeed  ; LC49     ; 8       ; Clock        ; no     ; --                   ; --               ;
; clk            ; PIN_43   ; 2       ; Clock        ; yes    ; On                   ; --               ;
; p3_rst         ; PIN_31   ; 16      ; Async. clear ; no     ; --                   ; --               ;
+----------------+----------+---------+--------------+--------+----------------------+------------------+


+---------------------------------------------------------------------+
; Global & Other Fast Signals                                         ;
+------+----------+---------+----------------------+------------------+
; Name ; Location ; Fan-Out ; Global Resource Used ; Global Line Name ;
+------+----------+---------+----------------------+------------------+
; clk  ; PIN_43   ; 2       ; On                   ; --               ;
+------+----------+---------+----------------------+------------------+


+-------------------------------------------------+
; Non-Global High Fan-Out Signals                 ;
+---------------------------------------+---------+
; Name                                  ; Fan-Out ;
+---------------------------------------+---------+
; lpm_counter:code1_rtl_0|dffs[3]       ; 20      ;
; lpm_counter:code1_rtl_0|dffs[1]       ; 20      ;
; lpm_counter:code1_rtl_0|dffs[2]       ; 19      ;
; lpm_counter:code10_rtl_1|dffs[3]      ; 17      ;
; lpm_counter:code10_rtl_1|dffs[0]      ; 17      ;
; lpm_counter:code1_rtl_0|dffs[0]       ; 17      ;
; p3_rst                                ; 16      ;
; lpm_counter:code10_rtl_1|dffs[1]      ; 16      ;
; ENB_CountSpeed                        ; 16      ;
; lpm_counter:code10_rtl_1|dffs[2]      ; 14      ;
; lpm_counter:code100_rtl_2|dffs[3]     ; 9       ;
; lpm_counter:code100_rtl_2|dffs[1]     ; 9       ;
; lpm_counter:code100_rtl_2|dffs[0]     ; 9       ;
; lpm_counter:code100_rtl_2|dffs[2]     ; 8       ;
; ENB_ScanSpeed                         ; 8       ;
; shiftflag[0]                          ; 6       ;
; shiftflag[1]                          ; 5       ;
; lpm_counter:code1000_rtl_3|dffs[0]    ; 4       ;
; lpm_counter:code1000_rtl_3|dffs[1]    ; 3       ;
; lpm_counter:code1000_rtl_3|dffs[2]    ; 2       ;
; p4_ScanSpeed                          ; 1       ;
; p2_CountSpeed                         ; 1       ;
; lpm_counter:code1000_rtl_3|dffs[3]~57 ; 1       ;
; lpm_counter:code1000_rtl_3|dffs[3]~55 ; 1       ;
; lpm_counter:code1000_rtl_3|dffs[2]~49 ; 1       ;
; lpm_counter:code1000_rtl_3|dffs[1]~44 ; 1       ;
; lpm_counter:code1000_rtl_3|dffs[0]~40 ; 1       ;
; lpm_counter:code100_rtl_2|dffs[3]~57  ; 1       ;
; lpm_counter:code100_rtl_2|dffs[2]~52  ; 1       ;
; lpm_counter:code100_rtl_2|dffs[1]~48  ; 1       ;
; lpm_counter:code100_rtl_2|dffs[0]~44  ; 1       ;
; lpm_counter:code10_rtl_1|dffs[3]~52   ; 1       ;
; lpm_counter:code10_rtl_1|dffs[2]~47   ; 1       ;
; lpm_counter:code10_rtl_1|dffs[1]~43   ; 1       ;
; lpm_counter:code10_rtl_1|dffs[0]~41   ; 1       ;
; bcdcode[3]~reg0                       ; 1       ;
; lpm_counter:code1000_rtl_3|dffs[3]    ; 1       ;
; bcdcode[2]~reg0                       ; 1       ;
; bcdcode[1]~reg0                       ; 1       ;
; bcdcode[0]~reg0                       ; 1       ;
; scan[1]~reg0                          ; 1       ;
; scan[0]~reg0                          ; 1       ;
+---------------------------------------+---------+


+------------------------------------------------+
; Interconnect Usage Summary                     ;
+----------------------------+-------------------+
; Interconnect Resource Type ; Usage             ;
+----------------------------+-------------------+
; Output enables             ; 0 / 6 ( 0 % )     ;
; PIA buffers                ; 47 / 144 ( 33 % ) ;
+----------------------------+-------------------+


+----------------------------------------------------------------------+
; LAB Macrocells                                                       ;
+----------------------------------------+-----------------------------+
; Number of Macrocells  (Average = 9.75) ; Number of LABs  (Total = 4) ;
+----------------------------------------+-----------------------------+
; 0                                      ; 0                           ;
; 1                                      ; 0                           ;
; 2                                      ; 1                           ;
; 3                                      ; 0                           ;
; 4                                      ; 0                           ;
; 5                                      ; 1                           ;
; 6                                      ; 0                           ;
; 7                                      ; 0                           ;
; 8                                      ; 0                           ;
; 9                                      ; 0                           ;
; 10                                     ; 0                           ;
; 11                                     ; 0                           ;
; 12                                     ; 0                           ;
; 13                                     ; 0                           ;
; 14                                     ; 0                           ;
; 15                                     ; 0                           ;
; 16                                     ; 2                           ;
+----------------------------------------+-----------------------------+


+---------------------------------------------------------+
; Parallel Expander                                       ;
+--------------------------+------------------------------+
; Parallel Expander Length ; Number of Parallel Expanders ;
+--------------------------+------------------------------+
; 0                        ; 0                            ;
; 1                        ; 11                           ;
; 2                        ; 1                            ;
+--------------------------+------------------------------+


+---------------------------------------------------------------------------------------------------------------------------------------------------------------------------------------------------------------------------------------------------------------------------------------------------------------------------------------------------------------------------------------------------------------------------------------------------------------------------------------------------------------------------------------------------------------------------------------------------------------------------------------------------------------------------------------------------------------------------------------------------------------------------------------------------------------------------------------------------------------------------------------------------------------------------------------------------------------------------------------------------------------------------------------------------------------------------------------------------------------------------------+
; Logic Cell Interconnection                                                                                                                                                                                                                                                                                                                                                                                                                                                                                                                                                                                                                                                                                                                                                                                                                                                                                                                                                                                                                                                                                                      ;
+-----+------------+-----------------------------------------------------------------------------------------------------------------------------------------------------------------------------------------------------------------------------------------------------------------------------------------------------------------------------------------------------------------------------------------+--------------------------------------------------------------------------------------------------------------------------------------------------------------------------------------------------------------------------------------------------------------------------------------------------------------------------------------------------------------------------------------------------------------------------------------------------------------------------------------------------------------------------------------------------------------------------------------------------------------------------------------------------------------------------------------------------------------------+
; LAB ; Logic Cell ; Input                                                                                                                                                                                                                                                                                                                                                                                   ; Output                                                                                                                                                                                                                                                                                                                                                                                                                                                                                                                                                                                                                                                                                                             ;
+-----+------------+-----------------------------------------------------------------------------------------------------------------------------------------------------------------------------------------------------------------------------------------------------------------------------------------------------------------------------------------------------------------------------------------+--------------------------------------------------------------------------------------------------------------------------------------------------------------------------------------------------------------------------------------------------------------------------------------------------------------------------------------------------------------------------------------------------------------------------------------------------------------------------------------------------------------------------------------------------------------------------------------------------------------------------------------------------------------------------------------------------------------------+
;  A  ; LC3        ; lpm_counter:code10_rtl_1|dffs[3]~52, lpm_counter:code10_rtl_1|dffs[2], lpm_counter:code10_rtl_1|dffs[1], lpm_counter:code10_rtl_1|dffs[0], lpm_counter:code1_rtl_0|dffs[3], lpm_counter:code10_rtl_1|dffs[3], lpm_counter:code1_rtl_0|dffs[0], lpm_counter:code1_rtl_0|dffs[2], lpm_counter:code1_rtl_0|dffs[1], ENB_CountSpeed, p3_rst                                                 ; lpm_counter:code10_rtl_1|dffs[0], lpm_counter:code10_rtl_1|dffs[1], lpm_counter:code10_rtl_1|dffs[2], lpm_counter:code10_rtl_1|dffs[3], lpm_counter:code100_rtl_2|dffs[0], lpm_counter:code100_rtl_2|dffs[1], lpm_counter:code100_rtl_2|dffs[2], lpm_counter:code100_rtl_2|dffs[3], lpm_counter:code1000_rtl_3|dffs[0], lpm_counter:code1000_rtl_3|dffs[1], lpm_counter:code1000_rtl_3|dffs[2], lpm_counter:code1000_rtl_3|dffs[3], bcdcode[3]~reg0, lpm_counter:code10_rtl_1|dffs[0]~41, lpm_counter:code10_rtl_1|dffs[1]~43, lpm_counter:code10_rtl_1|dffs[2]~47, lpm_counter:code10_rtl_1|dffs[3]~52                                                                                                            ;
;  A  ; LC1        ; lpm_counter:code1000_rtl_3|dffs[2], shiftflag[0], shiftflag[1], lpm_counter:code10_rtl_1|dffs[2], lpm_counter:code1_rtl_0|dffs[2], lpm_counter:code100_rtl_2|dffs[2], ENB_ScanSpeed                                                                                                                                                                                                     ; bcdcode[2]                                                                                                                                                                                                                                                                                                                                                                                                                                                                                                                                                                                                                                                                                                         ;
;  A  ; LC7        ; lpm_counter:code100_rtl_2|dffs[3]~57, lpm_counter:code1_rtl_0|dffs[2], lpm_counter:code1_rtl_0|dffs[1], lpm_counter:code1_rtl_0|dffs[0], lpm_counter:code10_rtl_1|dffs[2], lpm_counter:code10_rtl_1|dffs[1], lpm_counter:code10_rtl_1|dffs[0], lpm_counter:code10_rtl_1|dffs[3], ENB_CountSpeed, p3_rst                                                                                 ; bcdcode[3]~reg0, lpm_counter:code100_rtl_2|dffs[0]~44, lpm_counter:code100_rtl_2|dffs[1]~48, lpm_counter:code100_rtl_2|dffs[2]~52, lpm_counter:code100_rtl_2|dffs[3]~57, lpm_counter:code1000_rtl_3|dffs[0]~40, lpm_counter:code1000_rtl_3|dffs[1]~44, lpm_counter:code1000_rtl_3|dffs[2]~49, lpm_counter:code1000_rtl_3|dffs[3]~57                                                                                                                                                                                                                                                                                                                                                                                ;
;  A  ; LC5        ; lpm_counter:code100_rtl_2|dffs[1]~48, lpm_counter:code10_rtl_1|dffs[2], lpm_counter:code10_rtl_1|dffs[1], lpm_counter:code10_rtl_1|dffs[0], lpm_counter:code1_rtl_0|dffs[3], lpm_counter:code10_rtl_1|dffs[3], ENB_CountSpeed, p3_rst                                                                                                                                                   ; bcdcode[1]~reg0, lpm_counter:code100_rtl_2|dffs[0]~44, lpm_counter:code100_rtl_2|dffs[1]~48, lpm_counter:code100_rtl_2|dffs[2]~52, lpm_counter:code100_rtl_2|dffs[3]~57, lpm_counter:code1000_rtl_3|dffs[0]~40, lpm_counter:code1000_rtl_3|dffs[1]~44, lpm_counter:code1000_rtl_3|dffs[2]~49, lpm_counter:code1000_rtl_3|dffs[3]~55                                                                                                                                                                                                                                                                                                                                                                                ;
;  A  ; LC16       ; lpm_counter:code1000_rtl_3|dffs[0]~40, lpm_counter:code1_rtl_0|dffs[2], lpm_counter:code1_rtl_0|dffs[1], lpm_counter:code1_rtl_0|dffs[0], lpm_counter:code10_rtl_1|dffs[2], lpm_counter:code10_rtl_1|dffs[1], lpm_counter:code10_rtl_1|dffs[0], lpm_counter:code10_rtl_1|dffs[3], ENB_CountSpeed, p3_rst                                                                                ; bcdcode[0]~reg0, lpm_counter:code1000_rtl_3|dffs[1], lpm_counter:code1000_rtl_3|dffs[2], lpm_counter:code1000_rtl_3|dffs[3]                                                                                                                                                                                                                                                                                                                                                                                                                                                                                                                                                                                        ;
;  A  ; LC12       ; lpm_counter:code1_rtl_0|dffs[2], lpm_counter:code1_rtl_0|dffs[1], lpm_counter:code1_rtl_0|dffs[0], lpm_counter:code1_rtl_0|dffs[3], ENB_CountSpeed, p3_rst                                                                                                                                                                                                                              ; lpm_counter:code1_rtl_0|dffs[0], lpm_counter:code1_rtl_0|dffs[1], lpm_counter:code1_rtl_0|dffs[2], lpm_counter:code1_rtl_0|dffs[3], lpm_counter:code10_rtl_1|dffs[0], lpm_counter:code10_rtl_1|dffs[1], lpm_counter:code10_rtl_1|dffs[2], lpm_counter:code10_rtl_1|dffs[3], lpm_counter:code100_rtl_2|dffs[1], lpm_counter:code1000_rtl_3|dffs[1], lpm_counter:code1000_rtl_3|dffs[2], lpm_counter:code1000_rtl_3|dffs[3], bcdcode[3]~reg0, lpm_counter:code10_rtl_1|dffs[1]~43, lpm_counter:code10_rtl_1|dffs[2]~47, lpm_counter:code10_rtl_1|dffs[3]~52, lpm_counter:code100_rtl_2|dffs[0]~44, lpm_counter:code100_rtl_2|dffs[2]~52, lpm_counter:code100_rtl_2|dffs[3]~57, lpm_counter:code1000_rtl_3|dffs[0]~40 ;
;  A  ; LC9        ; lpm_counter:code10_rtl_1|dffs[0]~41, lpm_counter:code10_rtl_1|dffs[3], lpm_counter:code10_rtl_1|dffs[1], lpm_counter:code10_rtl_1|dffs[0], lpm_counter:code1_rtl_0|dffs[2], lpm_counter:code1_rtl_0|dffs[1], lpm_counter:code1_rtl_0|dffs[0], lpm_counter:code1_rtl_0|dffs[3], ENB_CountSpeed, p3_rst                                                                                   ; lpm_counter:code10_rtl_1|dffs[0], lpm_counter:code10_rtl_1|dffs[1], lpm_counter:code10_rtl_1|dffs[2], lpm_counter:code10_rtl_1|dffs[3], lpm_counter:code100_rtl_2|dffs[0], lpm_counter:code100_rtl_2|dffs[1], lpm_counter:code100_rtl_2|dffs[2], lpm_counter:code100_rtl_2|dffs[3], lpm_counter:code1000_rtl_3|dffs[0], bcdcode[0]~reg0, lpm_counter:code10_rtl_1|dffs[0]~41, lpm_counter:code10_rtl_1|dffs[1]~43, lpm_counter:code10_rtl_1|dffs[2]~47, lpm_counter:code10_rtl_1|dffs[3]~52, lpm_counter:code1000_rtl_3|dffs[1]~44, lpm_counter:code1000_rtl_3|dffs[2]~49, lpm_counter:code1000_rtl_3|dffs[3]~57                                                                                                   ;
;  A  ; LC14       ; lpm_counter:code10_rtl_1|dffs[1]~43, lpm_counter:code10_rtl_1|dffs[3], lpm_counter:code10_rtl_1|dffs[0], lpm_counter:code10_rtl_1|dffs[1], lpm_counter:code1_rtl_0|dffs[0], lpm_counter:code1_rtl_0|dffs[3], lpm_counter:code1_rtl_0|dffs[2], lpm_counter:code1_rtl_0|dffs[1], ENB_CountSpeed, p3_rst                                                                                   ; lpm_counter:code10_rtl_1|dffs[0], lpm_counter:code10_rtl_1|dffs[1], lpm_counter:code10_rtl_1|dffs[2], lpm_counter:code10_rtl_1|dffs[3], lpm_counter:code100_rtl_2|dffs[0], lpm_counter:code100_rtl_2|dffs[1], lpm_counter:code100_rtl_2|dffs[2], lpm_counter:code100_rtl_2|dffs[3], lpm_counter:code1000_rtl_3|dffs[0], bcdcode[1]~reg0, lpm_counter:code10_rtl_1|dffs[1]~43, lpm_counter:code10_rtl_1|dffs[2]~47, lpm_counter:code10_rtl_1|dffs[3]~52, lpm_counter:code1000_rtl_3|dffs[1]~44, lpm_counter:code1000_rtl_3|dffs[2]~49, lpm_counter:code1000_rtl_3|dffs[3]~57                                                                                                                                        ;
;  A  ; LC11       ; lpm_counter:code10_rtl_1|dffs[2]~47, lpm_counter:code10_rtl_1|dffs[1], lpm_counter:code10_rtl_1|dffs[3], lpm_counter:code10_rtl_1|dffs[0], lpm_counter:code1_rtl_0|dffs[3], lpm_counter:code10_rtl_1|dffs[2], lpm_counter:code1_rtl_0|dffs[0], lpm_counter:code1_rtl_0|dffs[2], lpm_counter:code1_rtl_0|dffs[1], ENB_CountSpeed, p3_rst                                                 ; lpm_counter:code10_rtl_1|dffs[2], lpm_counter:code10_rtl_1|dffs[3], lpm_counter:code100_rtl_2|dffs[0], lpm_counter:code100_rtl_2|dffs[1], lpm_counter:code100_rtl_2|dffs[2], lpm_counter:code100_rtl_2|dffs[3], lpm_counter:code1000_rtl_3|dffs[0], bcdcode[2]~reg0, lpm_counter:code10_rtl_1|dffs[0]~41, lpm_counter:code10_rtl_1|dffs[2]~47, lpm_counter:code10_rtl_1|dffs[3]~52, lpm_counter:code1000_rtl_3|dffs[1]~44, lpm_counter:code1000_rtl_3|dffs[2]~49, lpm_counter:code1000_rtl_3|dffs[3]~57                                                                                                                                                                                                            ;
;  A  ; LC8        ; lpm_counter:code10_rtl_1|dffs[2], lpm_counter:code10_rtl_1|dffs[3], lpm_counter:code10_rtl_1|dffs[0]                                                                                                                                                                                                                                                                                    ; lpm_counter:code10_rtl_1|dffs[0]                                                                                                                                                                                                                                                                                                                                                                                                                                                                                                                                                                                                                                                                                   ;
;  A  ; LC13       ; lpm_counter:code10_rtl_1|dffs[3], lpm_counter:code10_rtl_1|dffs[0], lpm_counter:code10_rtl_1|dffs[1], lpm_counter:code1_rtl_0|dffs[2], lpm_counter:code1_rtl_0|dffs[3], lpm_counter:code1_rtl_0|dffs[1]                                                                                                                                                                                 ; lpm_counter:code10_rtl_1|dffs[1]                                                                                                                                                                                                                                                                                                                                                                                                                                                                                                                                                                                                                                                                                   ;
;  A  ; LC10       ; lpm_counter:code10_rtl_1|dffs[3], lpm_counter:code10_rtl_1|dffs[0], lpm_counter:code10_rtl_1|dffs[2], lpm_counter:code10_rtl_1|dffs[1], lpm_counter:code1_rtl_0|dffs[3], lpm_counter:code1_rtl_0|dffs[2], lpm_counter:code1_rtl_0|dffs[1]                                                                                                                                               ; lpm_counter:code10_rtl_1|dffs[2]                                                                                                                                                                                                                                                                                                                                                                                                                                                                                                                                                                                                                                                                                   ;
;  A  ; LC2        ; lpm_counter:code10_rtl_1|dffs[2], lpm_counter:code10_rtl_1|dffs[1], lpm_counter:code10_rtl_1|dffs[0], lpm_counter:code10_rtl_1|dffs[3], lpm_counter:code1_rtl_0|dffs[3], lpm_counter:code1_rtl_0|dffs[2], lpm_counter:code1_rtl_0|dffs[1]                                                                                                                                               ; lpm_counter:code10_rtl_1|dffs[3]                                                                                                                                                                                                                                                                                                                                                                                                                                                                                                                                                                                                                                                                                   ;
;  A  ; LC4        ; lpm_counter:code100_rtl_2|dffs[3], lpm_counter:code100_rtl_2|dffs[0], lpm_counter:code100_rtl_2|dffs[1], lpm_counter:code1_rtl_0|dffs[2], lpm_counter:code1_rtl_0|dffs[1], lpm_counter:code1_rtl_0|dffs[0]                                                                                                                                                                              ; lpm_counter:code100_rtl_2|dffs[1]                                                                                                                                                                                                                                                                                                                                                                                                                                                                                                                                                                                                                                                                                  ;
;  A  ; LC6        ; lpm_counter:code100_rtl_2|dffs[2], lpm_counter:code100_rtl_2|dffs[1], lpm_counter:code100_rtl_2|dffs[0], lpm_counter:code100_rtl_2|dffs[3], lpm_counter:code1_rtl_0|dffs[3]                                                                                                                                                                                                             ; lpm_counter:code100_rtl_2|dffs[3]                                                                                                                                                                                                                                                                                                                                                                                                                                                                                                                                                                                                                                                                                  ;
;  A  ; LC15       ; lpm_counter:code100_rtl_2|dffs[2], lpm_counter:code100_rtl_2|dffs[1], lpm_counter:code100_rtl_2|dffs[0], lpm_counter:code100_rtl_2|dffs[3], lpm_counter:code1_rtl_0|dffs[3]                                                                                                                                                                                                             ; lpm_counter:code1000_rtl_3|dffs[0]                                                                                                                                                                                                                                                                                                                                                                                                                                                                                                                                                                                                                                                                                 ;
;  B  ; LC26       ; ENB_ScanSpeed                                                                                                                                                                                                                                                                                                                                                                           ; scan[0]~reg0, shiftflag[1], bcdcode[0]~reg0, bcdcode[1]~reg0, bcdcode[2]~reg0, bcdcode[3]~reg0                                                                                                                                                                                                                                                                                                                                                                                                                                                                                                                                                                                                                     ;
;  B  ; LC20       ; shiftflag[0], ENB_ScanSpeed                                                                                                                                                                                                                                                                                                                                                             ; scan[0]                                                                                                                                                                                                                                                                                                                                                                                                                                                                                                                                                                                                                                                                                                            ;
;  B  ; LC22       ; shiftflag[0], ENB_ScanSpeed                                                                                                                                                                                                                                                                                                                                                             ; scan[1]~reg0, bcdcode[0]~reg0, bcdcode[1]~reg0, bcdcode[2]~reg0, bcdcode[3]~reg0                                                                                                                                                                                                                                                                                                                                                                                                                                                                                                                                                                                                                                   ;
;  B  ; LC17       ; shiftflag[1], ENB_ScanSpeed                                                                                                                                                                                                                                                                                                                                                             ; scan[1]                                                                                                                                                                                                                                                                                                                                                                                                                                                                                                                                                                                                                                                                                                            ;
;  B  ; LC25       ; lpm_counter:code1000_rtl_3|dffs[3], shiftflag[0], shiftflag[1], lpm_counter:code10_rtl_1|dffs[3], lpm_counter:code1_rtl_0|dffs[3], lpm_counter:code100_rtl_2|dffs[3], ENB_ScanSpeed                                                                                                                                                                                                     ; bcdcode[3]                                                                                                                                                                                                                                                                                                                                                                                                                                                                                                                                                                                                                                                                                                         ;
;  C  ; LC33       ; lpm_counter:code1000_rtl_3|dffs[1], shiftflag[0], shiftflag[1], lpm_counter:code10_rtl_1|dffs[1], lpm_counter:code1_rtl_0|dffs[1], lpm_counter:code100_rtl_2|dffs[1], ENB_ScanSpeed                                                                                                                                                                                                     ; bcdcode[1]                                                                                                                                                                                                                                                                                                                                                                                                                                                                                                                                                                                                                                                                                                         ;
;  C  ; LC38       ; lpm_counter:code1000_rtl_3|dffs[2]~49, lpm_counter:code1000_rtl_3|dffs[0], lpm_counter:code1_rtl_0|dffs[3], lpm_counter:code10_rtl_1|dffs[3], ENB_CountSpeed, p3_rst                                                                                                                                                                                                                    ; bcdcode[2]~reg0, lpm_counter:code1000_rtl_3|dffs[3]~57                                                                                                                                                                                                                                                                                                                                                                                                                                                                                                                                                                                                                                                             ;
;  C  ; LC48       ; lpm_counter:code1000_rtl_3|dffs[3]~57, lpm_counter:code1000_rtl_3|dffs[0], lpm_counter:code1_rtl_0|dffs[3], lpm_counter:code10_rtl_1|dffs[3], ENB_CountSpeed, p3_rst                                                                                                                                                                                                                    ; bcdcode[3]~reg0                                                                                                                                                                                                                                                                                                                                                                                                                                                                                                                                                                                                                                                                                                    ;
;  C  ; LC36       ; lpm_counter:code1000_rtl_3|dffs[0], shiftflag[0], shiftflag[1], lpm_counter:code10_rtl_1|dffs[0], lpm_counter:code1_rtl_0|dffs[0], lpm_counter:code100_rtl_2|dffs[0], ENB_ScanSpeed                                                                                                                                                                                                     ; bcdcode[0]                                                                                                                                                                                                                                                                                                                                                                                                                                                                                                                                                                                                                                                                                                         ;
;  C  ; LC43       ; lpm_counter:code1_rtl_0|dffs[3], lpm_counter:code1_rtl_0|dffs[0], lpm_counter:code1_rtl_0|dffs[2], lpm_counter:code1_rtl_0|dffs[1], ENB_CountSpeed, p3_rst                                                                                                                                                                                                                              ; lpm_counter:code1_rtl_0|dffs[0], lpm_counter:code1_rtl_0|dffs[1], lpm_counter:code1_rtl_0|dffs[2], lpm_counter:code1_rtl_0|dffs[3], lpm_counter:code10_rtl_1|dffs[0], lpm_counter:code10_rtl_1|dffs[1], lpm_counter:code10_rtl_1|dffs[2], lpm_counter:code10_rtl_1|dffs[3], lpm_counter:code100_rtl_2|dffs[0], lpm_counter:code100_rtl_2|dffs[2], lpm_counter:code100_rtl_2|dffs[3], lpm_counter:code1000_rtl_3|dffs[0], bcdcode[0]~reg0, lpm_counter:code100_rtl_2|dffs[1]~48, lpm_counter:code1000_rtl_3|dffs[1]~44, lpm_counter:code1000_rtl_3|dffs[2]~49, lpm_counter:code1000_rtl_3|dffs[3]~57                                                                                                                ;
;  C  ; LC40       ; lpm_counter:code1_rtl_0|dffs[3], lpm_counter:code1_rtl_0|dffs[1], lpm_counter:code1_rtl_0|dffs[0], ENB_CountSpeed, p3_rst                                                                                                                                                                                                                                                               ; lpm_counter:code1_rtl_0|dffs[0], lpm_counter:code1_rtl_0|dffs[1], lpm_counter:code1_rtl_0|dffs[2], lpm_counter:code1_rtl_0|dffs[3], lpm_counter:code10_rtl_1|dffs[0], lpm_counter:code10_rtl_1|dffs[1], lpm_counter:code10_rtl_1|dffs[2], lpm_counter:code10_rtl_1|dffs[3], lpm_counter:code100_rtl_2|dffs[0], lpm_counter:code100_rtl_2|dffs[2], lpm_counter:code100_rtl_2|dffs[3], lpm_counter:code1000_rtl_3|dffs[0], bcdcode[1]~reg0, lpm_counter:code10_rtl_1|dffs[1]~43, lpm_counter:code10_rtl_1|dffs[2]~47, lpm_counter:code10_rtl_1|dffs[3]~52, lpm_counter:code100_rtl_2|dffs[1]~48, lpm_counter:code1000_rtl_3|dffs[1]~44, lpm_counter:code1000_rtl_3|dffs[2]~49, lpm_counter:code1000_rtl_3|dffs[3]~57 ;
;  C  ; LC39       ; lpm_counter:code1_rtl_0|dffs[3], lpm_counter:code1_rtl_0|dffs[1], lpm_counter:code1_rtl_0|dffs[0], lpm_counter:code1_rtl_0|dffs[2], ENB_CountSpeed, p3_rst                                                                                                                                                                                                                              ; lpm_counter:code1_rtl_0|dffs[0], lpm_counter:code1_rtl_0|dffs[2], lpm_counter:code1_rtl_0|dffs[3], lpm_counter:code10_rtl_1|dffs[0], lpm_counter:code10_rtl_1|dffs[1], lpm_counter:code10_rtl_1|dffs[2], lpm_counter:code10_rtl_1|dffs[3], lpm_counter:code100_rtl_2|dffs[0], lpm_counter:code100_rtl_2|dffs[2], lpm_counter:code100_rtl_2|dffs[3], lpm_counter:code1000_rtl_3|dffs[0], bcdcode[2]~reg0, lpm_counter:code10_rtl_1|dffs[1]~43, lpm_counter:code10_rtl_1|dffs[2]~47, lpm_counter:code10_rtl_1|dffs[3]~52, lpm_counter:code100_rtl_2|dffs[1]~48, lpm_counter:code1000_rtl_3|dffs[1]~44, lpm_counter:code1000_rtl_3|dffs[2]~49, lpm_counter:code1000_rtl_3|dffs[3]~57                                  ;
;  C  ; LC45       ; lpm_counter:code100_rtl_2|dffs[0]~44, lpm_counter:code1_rtl_0|dffs[2], lpm_counter:code1_rtl_0|dffs[1], lpm_counter:code1_rtl_0|dffs[0], lpm_counter:code10_rtl_1|dffs[2], lpm_counter:code10_rtl_1|dffs[1], lpm_counter:code10_rtl_1|dffs[0], lpm_counter:code10_rtl_1|dffs[3], ENB_CountSpeed, p3_rst                                                                                 ; bcdcode[0]~reg0, lpm_counter:code100_rtl_2|dffs[0]~44, lpm_counter:code100_rtl_2|dffs[1]~48, lpm_counter:code100_rtl_2|dffs[2]~52, lpm_counter:code100_rtl_2|dffs[3]~57, lpm_counter:code1000_rtl_3|dffs[0]~40, lpm_counter:code1000_rtl_3|dffs[1]~44, lpm_counter:code1000_rtl_3|dffs[2]~49, lpm_counter:code1000_rtl_3|dffs[3]~55                                                                                                                                                                                                                                                                                                                                                                                ;
;  C  ; LC44       ; lpm_counter:code100_rtl_2|dffs[2], lpm_counter:code100_rtl_2|dffs[3], lpm_counter:code100_rtl_2|dffs[0], lpm_counter:code100_rtl_2|dffs[1], lpm_counter:code1_rtl_0|dffs[3]                                                                                                                                                                                                             ; lpm_counter:code100_rtl_2|dffs[0]                                                                                                                                                                                                                                                                                                                                                                                                                                                                                                                                                                                                                                                                                  ;
;  C  ; LC35       ; lpm_counter:code100_rtl_2|dffs[2]~52, lpm_counter:code1_rtl_0|dffs[2], lpm_counter:code1_rtl_0|dffs[1], lpm_counter:code1_rtl_0|dffs[0], lpm_counter:code10_rtl_1|dffs[2], lpm_counter:code10_rtl_1|dffs[1], lpm_counter:code10_rtl_1|dffs[0], lpm_counter:code10_rtl_1|dffs[3], ENB_CountSpeed, p3_rst                                                                                 ; bcdcode[2]~reg0, lpm_counter:code100_rtl_2|dffs[0]~44, lpm_counter:code100_rtl_2|dffs[2]~52, lpm_counter:code100_rtl_2|dffs[3]~57, lpm_counter:code1000_rtl_3|dffs[0]~40, lpm_counter:code1000_rtl_3|dffs[1]~44, lpm_counter:code1000_rtl_3|dffs[2]~49, lpm_counter:code1000_rtl_3|dffs[3]~55                                                                                                                                                                                                                                                                                                                                                                                                                      ;
;  C  ; LC34       ; lpm_counter:code100_rtl_2|dffs[3], lpm_counter:code100_rtl_2|dffs[1], lpm_counter:code100_rtl_2|dffs[0], lpm_counter:code100_rtl_2|dffs[2], lpm_counter:code1_rtl_0|dffs[3]                                                                                                                                                                                                             ; lpm_counter:code100_rtl_2|dffs[2]                                                                                                                                                                                                                                                                                                                                                                                                                                                                                                                                                                                                                                                                                  ;
;  C  ; LC47       ; lpm_counter:code1000_rtl_3|dffs[3]~55, lpm_counter:code1_rtl_0|dffs[2], lpm_counter:code1_rtl_0|dffs[1], lpm_counter:code1_rtl_0|dffs[0], lpm_counter:code10_rtl_1|dffs[2], lpm_counter:code10_rtl_1|dffs[1], lpm_counter:code10_rtl_1|dffs[0], lpm_counter:code1000_rtl_3|dffs[2], lpm_counter:code1000_rtl_3|dffs[1], lpm_counter:code100_rtl_2|dffs[3]                               ; lpm_counter:code1000_rtl_3|dffs[3]                                                                                                                                                                                                                                                                                                                                                                                                                                                                                                                                                                                                                                                                                 ;
;  C  ; LC42       ; lpm_counter:code1000_rtl_3|dffs[1]~44, lpm_counter:code1000_rtl_3|dffs[0], lpm_counter:code1_rtl_0|dffs[3], lpm_counter:code10_rtl_1|dffs[3], ENB_CountSpeed, p3_rst                                                                                                                                                                                                                    ; bcdcode[1]~reg0, lpm_counter:code1000_rtl_3|dffs[2]~49, lpm_counter:code1000_rtl_3|dffs[3]~57                                                                                                                                                                                                                                                                                                                                                                                                                                                                                                                                                                                                                      ;
;  C  ; LC41       ; lpm_counter:code100_rtl_2|dffs[2], lpm_counter:code100_rtl_2|dffs[1], lpm_counter:code100_rtl_2|dffs[0], lpm_counter:code1_rtl_0|dffs[2], lpm_counter:code1_rtl_0|dffs[1], lpm_counter:code1_rtl_0|dffs[0], lpm_counter:code10_rtl_1|dffs[2], lpm_counter:code10_rtl_1|dffs[1], lpm_counter:code10_rtl_1|dffs[0], lpm_counter:code100_rtl_2|dffs[3]                                     ; lpm_counter:code1000_rtl_3|dffs[1]                                                                                                                                                                                                                                                                                                                                                                                                                                                                                                                                                                                                                                                                                 ;
;  C  ; LC37       ; lpm_counter:code100_rtl_2|dffs[2], lpm_counter:code100_rtl_2|dffs[1], lpm_counter:code100_rtl_2|dffs[0], lpm_counter:code1_rtl_0|dffs[2], lpm_counter:code1_rtl_0|dffs[1], lpm_counter:code1_rtl_0|dffs[0], lpm_counter:code10_rtl_1|dffs[2], lpm_counter:code10_rtl_1|dffs[1], lpm_counter:code10_rtl_1|dffs[0], lpm_counter:code1000_rtl_3|dffs[1], lpm_counter:code100_rtl_2|dffs[3] ; lpm_counter:code1000_rtl_3|dffs[2]                                                                                                                                                                                                                                                                                                                                                                                                                                                                                                                                                                                                                                                                                 ;
;  C  ; LC46       ; lpm_counter:code100_rtl_2|dffs[2], lpm_counter:code100_rtl_2|dffs[1], lpm_counter:code100_rtl_2|dffs[0]                                                                                                                                                                                                                                                                                 ; lpm_counter:code1000_rtl_3|dffs[3]~57                                                                                                                                                                                                                                                                                                                                                                                                                                                                                                                                                                                                                                                                              ;
;  D  ; LC51       ; clk, p2_CountSpeed                                                                                                                                                                                                                                                                                                                                                                      ; lpm_counter:code1_rtl_0|dffs[0], lpm_counter:code1_rtl_0|dffs[1], lpm_counter:code1_rtl_0|dffs[2], lpm_counter:code1_rtl_0|dffs[3], lpm_counter:code10_rtl_1|dffs[0], lpm_counter:code10_rtl_1|dffs[1], lpm_counter:code10_rtl_1|dffs[2], lpm_counter:code10_rtl_1|dffs[3], lpm_counter:code100_rtl_2|dffs[0], lpm_counter:code100_rtl_2|dffs[1], lpm_counter:code100_rtl_2|dffs[2], lpm_counter:code100_rtl_2|dffs[3], lpm_counter:code1000_rtl_3|dffs[0], lpm_counter:code1000_rtl_3|dffs[1], lpm_counter:code1000_rtl_3|dffs[2], lpm_counter:code1000_rtl_3|dffs[3]                                                                                                                                             ;
;  D  ; LC49       ; clk, p4_ScanSpeed                                                                                                                                                                                                                                                                                                                                                                       ; shiftflag[0], scan[0]~reg0, shiftflag[1], scan[1]~reg0, bcdcode[0]~reg0, bcdcode[1]~reg0, bcdcode[2]~reg0, bcdcode[3]~reg0                                                                                                                                                                                                                                                                                                                                                                                                                                                                                                                                                                                         ;
+-----+------------+-----------------------------------------------------------------------------------------------------------------------------------------------------------------------------------------------------------------------------------------------------------------------------------------------------------------------------------------------------------------------------------------+--------------------------------------------------------------------------------------------------------------------------------------------------------------------------------------------------------------------------------------------------------------------------------------------------------------------------------------------------------------------------------------------------------------------------------------------------------------------------------------------------------------------------------------------------------------------------------------------------------------------------------------------------------------------------------------------------------------------+


+---------------------------------------------------------------+
; Fitter Device Options                                         ;
+----------------------------------------------+----------------+
; Option                                       ; Setting        ;
+----------------------------------------------+----------------+
; Enable user-supplied start-up clock (CLKUSR) ; Off            ;
; Enable device-wide reset (DEV_CLRn)          ; Off            ;
; Enable device-wide output enable (DEV_OE)    ; Off            ;
; Enable INIT_DONE output                      ; Off            ;
; Configuration scheme                         ; Passive Serial ;
; Security bit                                 ; Off            ;
; Base pin-out file on sameframe device        ; Off            ;
+----------------------------------------------+----------------+


+-----------------+
; Fitter Messages ;
+-----------------+
Info: *******************************************************************
Info: Running Quartus II Fitter
    Info: Version 9.1 Build 350 03/24/2010 Service Pack 2 SJ Web Edition
    Info: Processing started: Wed Nov 02 15:33:52 2022
Info: Command: quartus_fit --read_settings_files=off --write_settings_files=off vd1 -c vd1
Info: Selected device EPM3064ALC44-10 for design "vd1"
Info: Quartus II Fitter was successful. 0 errors, 0 warnings
    Info: Peak virtual memory: 205 megabytes
    Info: Processing ended: Wed Nov 02 15:33:52 2022
    Info: Elapsed time: 00:00:00
    Info: Total CPU time (on all processors): 00:00:00


