Analysis & Synthesis report for vd1
Wed Nov 02 15:33:51 2022
Quartus II Version 9.1 Build 350 03/24/2010 Service Pack 2 SJ Web Edition


---------------------
; Table of Contents ;
---------------------
  1. Legal Notice
  2. Analysis & Synthesis Summary
  3. Analysis & Synthesis Settings
  4. Parallel Compilation
  5. Analysis & Synthesis Source Files Read
  6. Analysis & Synthesis Resource Usage Summary
  7. Analysis & Synthesis Resource Utilization by Entity
  8. Source assignments for lpm_counter:code1_rtl_0
  9. Source assignments for lpm_counter:code10_rtl_1
 10. Source assignments for lpm_counter:code100_rtl_2
 11. Source assignments for lpm_counter:code1000_rtl_3
 12. Parameter Settings for Inferred Entity Instance: lpm_counter:code1_rtl_0
 13. Parameter Settings for Inferred Entity Instance: lpm_counter:code10_rtl_1
 14. Parameter Settings for Inferred Entity Instance: lpm_counter:code100_rtl_2
 15. Parameter Settings for Inferred Entity Instance: lpm_counter:code1000_rtl_3
 16. Analysis & Synthesis Messages



----------------
; Legal Notice ;
----------------
Copyright (C) 1991-2010 Altera Corporation
Your use of Altera Corporation's design tools, logic functions 
and other software and tools, and its AMPP partner logic 
functions, and any output files from any of the foregoing 
(including device programming or simulation files), and any 
associated documentation or information are expressly subject 
to the terms and conditions of the Altera Program License 
Subscription Agreement, Altera MegaCore Function License 
Agreement, or other applicable license agreement, including, 
without limitation, that your use is for the sole purpose of 
programming logic devices manufactured by Altera and sold by 
Altera or its authorized distributors.  Please refer to the 
applicable agreement for further details.



+----------------------------------------------------------------------------+
; Analysis & Synthesis Summary                                               ;
+-----------------------------+----------------------------------------------+
; Analysis & Synthesis Status ; Successful - Wed Nov 02 15:33:51 2022        ;
; Quartus II Version          ; 9.1 Build 350 03/24/2010 SP 2 SJ Web Edition ;
; Revision Name               ; vd1                                          ;
; Top-level Entity Name       ; vd1                                          ;
; Family                      ; MAX3000A                                     ;
; Total macrocells            ; 39                                           ;
; Total pins                  ; 10                                           ;
+-----------------------------+----------------------------------------------+


+--------------------------------------------------------------------------------------------------------------+
; Analysis & Synthesis Settings                                                                                ;
+----------------------------------------------------------------------------+-----------------+---------------+
; Option                                                                     ; Setting         ; Default Value ;
+----------------------------------------------------------------------------+-----------------+---------------+
; Device                                                                     ; EPM3064ALC44-10 ;               ;
; Top-level entity name                                                      ; vd1             ; vd1           ;
; Family name                                                                ; MAX3000A        ; Stratix II    ;
; Optimization Technique                                                     ; Balanced        ; Speed         ;
; Use Generated Physical Constraints File                                    ; Off             ;               ;
; Use smart compilation                                                      ; Off             ; Off           ;
; Enable parallel Assembler and TimeQuest Timing Analyzer during compilation ; On              ; On            ;
; Enable compact report table                                                ; Off             ; Off           ;
; Create Debugging Nodes for IP Cores                                        ; Off             ; Off           ;
; Preserve fewer node names                                                  ; On              ; On            ;
; Disable OpenCore Plus hardware evaluation                                  ; Off             ; Off           ;
; Verilog Version                                                            ; Verilog_2001    ; Verilog_2001  ;
; VHDL Version                                                               ; VHDL_1993       ; VHDL_1993     ;
; State Machine Processing                                                   ; Auto            ; Auto          ;
; Safe State Machine                                                         ; Off             ; Off           ;
; Extract Verilog State Machines                                             ; On              ; On            ;
; Extract VHDL State Machines                                                ; On              ; On            ;
; Ignore Verilog initial constructs                                          ; Off             ; Off           ;
; Iteration limit for constant Verilog loops                                 ; 5000            ; 5000          ;
; Iteration limit for non-constant Verilog loops                             ; 250             ; 250           ;
; Add Pass-Through Logic to Inferred RAMs                                    ; On              ; On            ;
; Parallel Synthesis                                                         ; On              ; On            ;
; NOT Gate Push-Back                                                         ; On              ; On            ;
; Power-Up Don't Care                                                        ; On              ; On            ;
; Remove Duplicate Registers                                                 ; On              ; On            ;
; Ignore CARRY Buffers                                                       ; Off             ; Off           ;
; Ignore CASCADE Buffers                                                     ; Off             ; Off           ;
; Ignore GLOBAL Buffers                                                      ; Off             ; Off           ;
; Ignore ROW GLOBAL Buffers                                                  ; Off             ; Off           ;
; Ignore LCELL Buffers                                                       ; Auto            ; Auto          ;
; Ignore SOFT Buffers                                                        ; Off             ; Off           ;
; Limit AHDL Integers to 32 Bits                                             ; Off             ; Off           ;
; Allow XOR Gate Usage                                                       ; On              ; On            ;
; Auto Logic Cell Insertion                                                  ; On              ; On            ;
; Parallel Expander Chain Length                                             ; 4               ; 4             ;
; Auto Parallel Expanders                                                    ; On              ; On            ;
; Auto Open-Drain Pins                                                       ; On              ; On            ;
; Auto Resource Sharing                                                      ; Off             ; Off           ;
; Maximum Fan-in Per Macrocell                                               ; 100             ; 100           ;
; Use LogicLock Constraints during Resource Balancing                        ; On              ; On            ;
; Ignore translate_off and synthesis_off directives                          ; Off             ; Off           ;
; Show Parameter Settings Tables in Synthesis Report                         ; On              ; On            ;
; HDL message level                                                          ; Level2          ; Level2        ;
; Suppress Register Optimization Related Messages                            ; Off             ; Off           ;
; Number of Removed Registers Reported in Synthesis Report                   ; 5000            ; 5000          ;
; Number of Inverted Registers Reported in Synthesis Report                  ; 100             ; 100           ;
; Block Design Naming                                                        ; Auto            ; Auto          ;
; Synthesis Effort                                                           ; Auto            ; Auto          ;
; Shift Register Replacement - Allow Asynchronous Clear Signal               ; On              ; On            ;
; Analysis & Synthesis Message Level                                         ; Medium          ; Medium        ;
; Disable Register Merging Across Hierarchies                                ; Auto            ; Auto          ;
+----------------------------------------------------------------------------+-----------------+---------------+


Parallel compilation was disabled, but you have multiple processors available. Enable parallel compilation to reduce compilation time.
+-------------------------------------+
; Parallel Compilation                ;
+----------------------------+--------+
; Processors                 ; Number ;
+----------------------------+--------+
; Number detected on machine ; 6      ;
; Maximum allowed            ; 1      ;
+----------------------------+--------+


+-----------------------------------------------------------------------------------------------------------------------------------------------+
; Analysis & Synthesis Source Files Read                                                                                                        ;
+----------------------------------+-----------------+------------------------+-----------------------------------------------------------------+
; File Name with User-Entered Path ; Used in Netlist ; File Type              ; File Name with Absolute Path                                    ;
+----------------------------------+-----------------+------------------------+-----------------------------------------------------------------+
; vd1.v                            ; yes             ; User Verilog HDL File  ; C:/Users/hj6hk/OneDrive/桌面/test1/vd1.v                      ;
; lpm_counter.tdf                  ; yes             ; Megafunction           ; c:/altera/91sp2/quartus/libraries/megafunctions/lpm_counter.tdf ;
+----------------------------------+-----------------+------------------------+-----------------------------------------------------------------+


+--------------------------------------------------------+
; Analysis & Synthesis Resource Usage Summary            ;
+----------------------+---------------------------------+
; Resource             ; Usage                           ;
+----------------------+---------------------------------+
; Logic cells          ; 39                              ;
; Total registers      ; 26                              ;
; I/O pins             ; 10                              ;
; Parallel expanders   ; 13                              ;
; Maximum fan-out node ; lpm_counter:code1_rtl_0|dffs[1] ;
; Maximum fan-out      ; 20                              ;
; Total fan-out        ; 259                             ;
; Average fan-out      ; 5.29                            ;
+----------------------+---------------------------------+


+------------------------------------------------------------------------------------------------------+
; Analysis & Synthesis Resource Utilization by Entity                                                  ;
+---------------------------------+------------+------+---------------------------------+--------------+
; Compilation Hierarchy Node      ; Macrocells ; Pins ; Full Hierarchy Name             ; Library Name ;
+---------------------------------+------------+------+---------------------------------+--------------+
; |vd1                            ; 39         ; 10   ; |vd1                            ; work         ;
;    |lpm_counter:code1000_rtl_3| ; 9          ; 0    ; |vd1|lpm_counter:code1000_rtl_3 ; work         ;
;    |lpm_counter:code100_rtl_2|  ; 8          ; 0    ; |vd1|lpm_counter:code100_rtl_2  ; work         ;
;    |lpm_counter:code10_rtl_1|   ; 8          ; 0    ; |vd1|lpm_counter:code10_rtl_1   ; work         ;
;    |lpm_counter:code1_rtl_0|    ; 4          ; 0    ; |vd1|lpm_counter:code1_rtl_0    ; work         ;
+---------------------------------+------------+------+---------------------------------+--------------+


+------------------------------------------------+
; Source assignments for lpm_counter:code1_rtl_0 ;
+---------------------------+-------+------+-----+
; Assignment                ; Value ; From ; To  ;
+---------------------------+-------+------+-----+
; SUPPRESS_DA_RULE_INTERNAL ; a101  ; -    ; -   ;
; SUPPRESS_DA_RULE_INTERNAL ; s102  ; -    ; -   ;
; SUPPRESS_DA_RULE_INTERNAL ; s103  ; -    ; -   ;
+---------------------------+-------+------+-----+


+-------------------------------------------------+
; Source assignments for lpm_counter:code10_rtl_1 ;
+---------------------------+-------+------+------+
; Assignment                ; Value ; From ; To   ;
+---------------------------+-------+------+------+
; SUPPRESS_DA_RULE_INTERNAL ; a101  ; -    ; -    ;
; SUPPRESS_DA_RULE_INTERNAL ; s102  ; -    ; -    ;
; SUPPRESS_DA_RULE_INTERNAL ; s103  ; -    ; -    ;
+---------------------------+-------+------+------+


+--------------------------------------------------+
; Source assignments for lpm_counter:code100_rtl_2 ;
+---------------------------+-------+------+-------+
; Assignment                ; Value ; From ; To    ;
+---------------------------+-------+------+-------+
; SUPPRESS_DA_RULE_INTERNAL ; a101  ; -    ; -     ;
; SUPPRESS_DA_RULE_INTERNAL ; s102  ; -    ; -     ;
; SUPPRESS_DA_RULE_INTERNAL ; s103  ; -    ; -     ;
+---------------------------+-------+------+-------+


+---------------------------------------------------+
; Source assignments for lpm_counter:code1000_rtl_3 ;
+---------------------------+-------+------+--------+
; Assignment                ; Value ; From ; To     ;
+---------------------------+-------+------+--------+
; SUPPRESS_DA_RULE_INTERNAL ; a101  ; -    ; -      ;
; SUPPRESS_DA_RULE_INTERNAL ; s102  ; -    ; -      ;
; SUPPRESS_DA_RULE_INTERNAL ; s103  ; -    ; -      ;
+---------------------------+-------+------+--------+


+--------------------------------------------------------------------------+
; Parameter Settings for Inferred Entity Instance: lpm_counter:code1_rtl_0 ;
+------------------------+-------------------+-----------------------------+
; Parameter Name         ; Value             ; Type                        ;
+------------------------+-------------------+-----------------------------+
; AUTO_CARRY_CHAINS      ; ON                ; AUTO_CARRY                  ;
; IGNORE_CARRY_BUFFERS   ; OFF               ; IGNORE_CARRY                ;
; AUTO_CASCADE_CHAINS    ; ON                ; AUTO_CASCADE                ;
; IGNORE_CASCADE_BUFFERS ; OFF               ; IGNORE_CASCADE              ;
; LPM_WIDTH              ; 4                 ; Untyped                     ;
; LPM_DIRECTION          ; UP                ; Untyped                     ;
; LPM_MODULUS            ; 0                 ; Untyped                     ;
; LPM_AVALUE             ; UNUSED            ; Untyped                     ;
; LPM_SVALUE             ; UNUSED            ; Untyped                     ;
; LPM_PORT_UPDOWN        ; PORT_CONNECTIVITY ; Untyped                     ;
; DEVICE_FAMILY          ; MAX3000A          ; Untyped                     ;
; CARRY_CHAIN            ; MANUAL            ; Untyped                     ;
; CARRY_CHAIN_LENGTH     ; 48                ; CARRY_CHAIN_LENGTH          ;
; NOT_GATE_PUSH_BACK     ; ON                ; NOT_GATE_PUSH_BACK          ;
; CARRY_CNT_EN           ; SMART             ; Untyped                     ;
; LABWIDE_SCLR           ; ON                ; Untyped                     ;
; USE_NEW_VERSION        ; TRUE              ; Untyped                     ;
; CBXI_PARAMETER         ; NOTHING           ; Untyped                     ;
+------------------------+-------------------+-----------------------------+
Note: In order to hide this table in the UI and the text report file, please set the "Show Parameter Settings Tables in Synthesis Report" option in "Analysis and Synthesis Settings -> More Settings" to "Off".


+---------------------------------------------------------------------------+
; Parameter Settings for Inferred Entity Instance: lpm_counter:code10_rtl_1 ;
+------------------------+-------------------+------------------------------+
; Parameter Name         ; Value             ; Type                         ;
+------------------------+-------------------+------------------------------+
; AUTO_CARRY_CHAINS      ; ON                ; AUTO_CARRY                   ;
; IGNORE_CARRY_BUFFERS   ; OFF               ; IGNORE_CARRY                 ;
; AUTO_CASCADE_CHAINS    ; ON                ; AUTO_CASCADE                 ;
; IGNORE_CASCADE_BUFFERS ; OFF               ; IGNORE_CASCADE               ;
; LPM_WIDTH              ; 4                 ; Untyped                      ;
; LPM_DIRECTION          ; UP                ; Untyped                      ;
; LPM_MODULUS            ; 0                 ; Untyped                      ;
; LPM_AVALUE             ; UNUSED            ; Untyped                      ;
; LPM_SVALUE             ; UNUSED            ; Untyped                      ;
; LPM_PORT_UPDOWN        ; PORT_CONNECTIVITY ; Untyped                      ;
; DEVICE_FAMILY          ; MAX3000A          ; Untyped                      ;
; CARRY_CHAIN            ; MANUAL            ; Untyped                      ;
; CARRY_CHAIN_LENGTH     ; 48                ; CARRY_CHAIN_LENGTH           ;
; NOT_GATE_PUSH_BACK     ; ON                ; NOT_GATE_PUSH_BACK           ;
; CARRY_CNT_EN           ; SMART             ; Untyped                      ;
; LABWIDE_SCLR           ; ON                ; Untyped                      ;
; USE_NEW_VERSION        ; TRUE              ; Untyped                      ;
; CBXI_PARAMETER         ; NOTHING           ; Untyped                      ;
+------------------------+-------------------+------------------------------+
Note: In order to hide this table in the UI and the text report file, please set the "Show Parameter Settings Tables in Synthesis Report" option in "Analysis and Synthesis Settings -> More Settings" to "Off".


+----------------------------------------------------------------------------+
; Parameter Settings for Inferred Entity Instance: lpm_counter:code100_rtl_2 ;
+------------------------+-------------------+-------------------------------+
; Parameter Name         ; Value             ; Type                          ;
+------------------------+-------------------+-------------------------------+
; AUTO_CARRY_CHAINS      ; ON                ; AUTO_CARRY                    ;
; IGNORE_CARRY_BUFFERS   ; OFF               ; IGNORE_CARRY                  ;
; AUTO_CASCADE_CHAINS    ; ON                ; AUTO_CASCADE                  ;
; IGNORE_CASCADE_BUFFERS ; OFF               ; IGNORE_CASCADE                ;
; LPM_WIDTH              ; 4                 ; Untyped                       ;
; LPM_DIRECTION          ; UP                ; Untyped                       ;
; LPM_MODULUS            ; 0                 ; Untyped                       ;
; LPM_AVALUE             ; UNUSED            ; Untyped                       ;
; LPM_SVALUE             ; UNUSED            ; Untyped                       ;
; LPM_PORT_UPDOWN        ; PORT_CONNECTIVITY ; Untyped                       ;
; DEVICE_FAMILY          ; MAX3000A          ; Untyped                       ;
; CARRY_CHAIN            ; MANUAL            ; Untyped                       ;
; CARRY_CHAIN_LENGTH     ; 48                ; CARRY_CHAIN_LENGTH            ;
; NOT_GATE_PUSH_BACK     ; ON                ; NOT_GATE_PUSH_BACK            ;
; CARRY_CNT_EN           ; SMART             ; Untyped                       ;
; LABWIDE_SCLR           ; ON                ; Untyped                       ;
; USE_NEW_VERSION        ; TRUE              ; Untyped                       ;
; CBXI_PARAMETER         ; NOTHING           ; Untyped                       ;
+------------------------+-------------------+-------------------------------+
Note: In order to hide this table in the UI and the text report file, please set the "Show Parameter Settings Tables in Synthesis Report" option in "Analysis and Synthesis Settings -> More Settings" to "Off".


+-----------------------------------------------------------------------------+
; Parameter Settings for Inferred Entity Instance: lpm_counter:code1000_rtl_3 ;
+------------------------+-------------------+--------------------------------+
; Parameter Name         ; Value             ; Type                           ;
+------------------------+-------------------+--------------------------------+
; AUTO_CARRY_CHAINS      ; ON                ; AUTO_CARRY                     ;
; IGNORE_CARRY_BUFFERS   ; OFF               ; IGNORE_CARRY                   ;
; AUTO_CASCADE_CHAINS    ; ON                ; AUTO_CASCADE                   ;
; IGNORE_CASCADE_BUFFERS ; OFF               ; IGNORE_CASCADE                 ;
; LPM_WIDTH              ; 4                 ; Untyped                        ;
; LPM_DIRECTION          ; UP                ; Untyped                        ;
; LPM_MODULUS            ; 0                 ; Untyped                        ;
; LPM_AVALUE             ; UNUSED            ; Untyped                        ;
; LPM_SVALUE             ; UNUSED            ; Untyped                        ;
; LPM_PORT_UPDOWN        ; PORT_CONNECTIVITY ; Untyped                        ;
; DEVICE_FAMILY          ; MAX3000A          ; Untyped                        ;
; CARRY_CHAIN            ; MANUAL            ; Untyped                        ;
; CARRY_CHAIN_LENGTH     ; 48                ; CARRY_CHAIN_LENGTH             ;
; NOT_GATE_PUSH_BACK     ; ON                ; NOT_GATE_PUSH_BACK             ;
; CARRY_CNT_EN           ; SMART             ; Untyped                        ;
; LABWIDE_SCLR           ; ON                ; Untyped                        ;
; USE_NEW_VERSION        ; TRUE              ; Untyped                        ;
; CBXI_PARAMETER         ; NOTHING           ; Untyped                        ;
+------------------------+-------------------+--------------------------------+
Note: In order to hide this table in the UI and the text report file, please set the "Show Parameter Settings Tables in Synthesis Report" option in "Analysis and Synthesis Settings -> More Settings" to "Off".


+-------------------------------+
; Analysis & Synthesis Messages ;
+-------------------------------+
Info: *******************************************************************
Info: Running Quartus II Analysis & Synthesis
    Info: Version 9.1 Build 350 03/24/2010 Service Pack 2 SJ Web Edition
    Info: Processing started: Wed Nov 02 15:33:50 2022
Info: Command: quartus_map --read_settings_files=on --write_settings_files=off vd1 -c vd1
Info: Found 1 design units, including 1 entities, in source file vd1.v
    Info: Found entity 1: vd1
Info: Elaborating entity "vd1" for the top level hierarchy
Info: Inferred 4 megafunctions from design logic
    Info: Inferred lpm_counter megafunction (LPM_WIDTH=4) from the following logic: "code1[0]~0"
    Info: Inferred lpm_counter megafunction (LPM_WIDTH=4) from the following logic: "code10[0]~0"
    Info: Inferred lpm_counter megafunction (LPM_WIDTH=4) from the following logic: "code100[0]~0"
    Info: Inferred lpm_counter megafunction (LPM_WIDTH=4) from the following logic: "code1000[0]~0"
Info: Elaborated megafunction instantiation "lpm_counter:code1_rtl_0"
Info: Instantiated megafunction "lpm_counter:code1_rtl_0" with the following parameter:
    Info: Parameter "LPM_WIDTH" = "4"
    Info: Parameter "LPM_DIRECTION" = "UP"
    Info: Parameter "LPM_TYPE" = "LPM_COUNTER"
Info: Elaborated megafunction instantiation "lpm_counter:code10_rtl_1"
Info: Instantiated megafunction "lpm_counter:code10_rtl_1" with the following parameter:
    Info: Parameter "LPM_WIDTH" = "4"
    Info: Parameter "LPM_DIRECTION" = "UP"
    Info: Parameter "LPM_TYPE" = "LPM_COUNTER"
Info: Elaborated megafunction instantiation "lpm_counter:code1000_rtl_3"
Info: Instantiated megafunction "lpm_counter:code1000_rtl_3" with the following parameter:
    Info: Parameter "LPM_WIDTH" = "4"
    Info: Parameter "LPM_DIRECTION" = "UP"
    Info: Parameter "LPM_TYPE" = "LPM_COUNTER"
Info: Promoted pin-driven signal(s) to global signal
    Info: Promoted clock signal driven by pin "clk" to global clock signal
Info: Implemented 49 device resources after synthesis - the final resource count might be different
    Info: Implemented 4 input pins
    Info: Implemented 6 output pins
    Info: Implemented 39 macrocells
Info: Quartus II Analysis & Synthesis was successful. 0 errors, 0 warnings
    Info: Peak virtual memory: 219 megabytes
    Info: Processing ended: Wed Nov 02 15:33:51 2022
    Info: Elapsed time: 00:00:01
    Info: Total CPU time (on all processors): 00:00:01


