TimeQuest Timing Analyzer report for ww
Mon Dec 05 22:53:00 2022
Quartus II 64-Bit Version 13.0.1 Build 232 06/12/2013 Service Pack 1 SJ Web Edition


---------------------
; Table of Contents ;
---------------------
  1. Legal Notice
  2. TimeQuest Timing Analyzer Summary
  3. Parallel Compilation
  4. Clocks
  5. Fmax Summary
  6. Setup Summary
  7. Hold Summary
  8. Recovery Summary
  9. Removal Summary
 10. Minimum Pulse Width Summary
 11. Setup: 'lpm_counter:count_rtl_0|dffs[15]'
 12. Setup: 'fin'
 13. Hold: 'fin'
 14. Hold: 'lpm_counter:count_rtl_0|dffs[15]'
 15. Minimum Pulse Width: 'fin'
 16. Minimum Pulse Width: 'lpm_counter:count_rtl_0|dffs[15]'
 17. Setup Times
 18. Hold Times
 19. Clock to Output Times
 20. Minimum Clock to Output Times
 21. Setup Transfers
 22. Hold Transfers
 23. Report TCCS
 24. Report RSKM
 25. Unconstrained Paths
 26. TimeQuest Timing Analyzer Messages



----------------
; Legal Notice ;
----------------
Copyright (C) 1991-2013 Altera Corporation
Your use of Altera Corporation's design tools, logic functions 
and other software and tools, and its AMPP partner logic 
functions, and any output files from any of the foregoing 
(including device programming or simulation files), and any 
associated documentation or information are expressly subject 
to the terms and conditions of the Altera Program License 
Subscription Agreement, Altera MegaCore Function License 
Agreement, or other applicable license agreement, including, 
without limitation, that your use is for the sole purpose of 
programming logic devices manufactured by Altera and sold by 
Altera or its authorized distributors.  Please refer to the 
applicable agreement for further details.



+----------------------------------------------------------------------------------------+
; TimeQuest Timing Analyzer Summary                                                      ;
+--------------------+-------------------------------------------------------------------+
; Quartus II Version ; Version 13.0.1 Build 232 06/12/2013 Service Pack 1 SJ Web Edition ;
; Revision Name      ; ww                                                                ;
; Device Family      ; MAX3000A                                                          ;
; Device Name        ; EPM3064ALC44-10                                                   ;
; Timing Models      ; Final                                                             ;
; Delay Model        ; Slow Model                                                        ;
; Rise/Fall Delays   ; Unavailable                                                       ;
+--------------------+-------------------------------------------------------------------+


Parallel compilation was disabled, but you have multiple processors available. Enable parallel compilation to reduce compilation time.
+-------------------------------------+
; Parallel Compilation                ;
+----------------------------+--------+
; Processors                 ; Number ;
+----------------------------+--------+
; Number detected on machine ; 16     ;
; Maximum allowed            ; 1      ;
+----------------------------+--------+


+------------------------------------------------------------------------------------------------------------------------------------------------------------------------------------------------------------------------------------+
; Clocks                                                                                                                                                                                                                             ;
+----------------------------------+------+--------+------------+-------+-------+------------+-----------+-------------+-------+--------+-----------+------------+----------+--------+--------+--------------------------------------+
; Clock Name                       ; Type ; Period ; Frequency  ; Rise  ; Fall  ; Duty Cycle ; Divide by ; Multiply by ; Phase ; Offset ; Edge List ; Edge Shift ; Inverted ; Master ; Source ; Targets                              ;
+----------------------------------+------+--------+------------+-------+-------+------------+-----------+-------------+-------+--------+-----------+------------+----------+--------+--------+--------------------------------------+
; fin                              ; Base ; 1.000  ; 1000.0 MHz ; 0.000 ; 0.500 ;            ;           ;             ;       ;        ;           ;            ;          ;        ;        ; { fin }                              ;
; lpm_counter:count_rtl_0|dffs[15] ; Base ; 1.000  ; 1000.0 MHz ; 0.000 ; 0.500 ;            ;           ;             ;       ;        ;           ;            ;          ;        ;        ; { lpm_counter:count_rtl_0|dffs[15] } ;
+----------------------------------+------+--------+------------+-------+-------+------------+-----------+-------------+-------+--------+-----------+------------+----------+--------+--------+--------------------------------------+


+-----------------------------------------------------------------------+
; Fmax Summary                                                          ;
+-----------+-----------------+----------------------------------+------+
; Fmax      ; Restricted Fmax ; Clock Name                       ; Note ;
+-----------+-----------------+----------------------------------+------+
; 42.37 MHz ; 42.37 MHz       ; lpm_counter:count_rtl_0|dffs[15] ;      ;
; 100.0 MHz ; 100.0 MHz       ; fin                              ;      ;
+-----------+-----------------+----------------------------------+------+
This panel reports FMAX for every clock in the design, regardless of the user-specified clock periods.  FMAX is only computed for paths where the source and destination registers or ports are driven by the same clock.  Paths of different clocks, including generated clocks, are ignored.  For paths between a clock and its inversion, FMAX is computed as if the rising and falling edges are scaled along with FMAX, such that the duty cycle (in terms of a percentage) is maintained. Altera recommends that you always use clock constraints and other slack reports for sign-off analysis.


+------------------------------------------------------------+
; Setup Summary                                              ;
+----------------------------------+---------+---------------+
; Clock                            ; Slack   ; End Point TNS ;
+----------------------------------+---------+---------------+
; lpm_counter:count_rtl_0|dffs[15] ; -11.300 ; -72.200       ;
; fin                              ; -9.000  ; -144.000      ;
+----------------------------------+---------+---------------+


+----------------------------------------------------------+
; Hold Summary                                             ;
+----------------------------------+-------+---------------+
; Clock                            ; Slack ; End Point TNS ;
+----------------------------------+-------+---------------+
; fin                              ; 0.600 ; 0.000         ;
; lpm_counter:count_rtl_0|dffs[15] ; 5.800 ; 0.000         ;
+----------------------------------+-------+---------------+


--------------------
; Recovery Summary ;
--------------------
No paths to report.


-------------------
; Removal Summary ;
-------------------
No paths to report.


+-----------------------------------------------------------+
; Minimum Pulse Width Summary                               ;
+----------------------------------+--------+---------------+
; Clock                            ; Slack  ; End Point TNS ;
+----------------------------------+--------+---------------+
; fin                              ; -3.500 ; -112.000      ;
; lpm_counter:count_rtl_0|dffs[15] ; -3.500 ; -49.000       ;
+----------------------------------+--------+---------------+


+--------------------------------------------------------------------------------------------------------------------------------------------------------------+
; Setup: 'lpm_counter:count_rtl_0|dffs[15]'                                                                                                                    ;
+---------+------------------+------------------+----------------------------------+----------------------------------+--------------+------------+------------+
; Slack   ; From Node        ; To Node          ; Launch Clock                     ; Latch Clock                      ; Relationship ; Clock Skew ; Data Delay ;
+---------+------------------+------------------+----------------------------------+----------------------------------+--------------+------------+------------+
; -11.300 ; scan_key[2]~reg0 ; keycode[3]       ; lpm_counter:count_rtl_0|dffs[15] ; lpm_counter:count_rtl_0|dffs[15] ; 0.500        ; 0.000      ; 8.900      ;
; -11.300 ; scan_key[1]~reg0 ; keycode[0]       ; lpm_counter:count_rtl_0|dffs[15] ; lpm_counter:count_rtl_0|dffs[15] ; 0.500        ; 0.000      ; 8.900      ;
; -11.300 ; scan_key[0]~reg0 ; keycode[2]       ; lpm_counter:count_rtl_0|dffs[15] ; lpm_counter:count_rtl_0|dffs[15] ; 0.500        ; 0.000      ; 8.900      ;
; -11.300 ; scan_key[2]~reg0 ; keycode[1]       ; lpm_counter:count_rtl_0|dffs[15] ; lpm_counter:count_rtl_0|dffs[15] ; 0.500        ; 0.000      ; 8.900      ;
; -11.300 ; scan_key[0]~reg0 ; keycode[3]       ; lpm_counter:count_rtl_0|dffs[15] ; lpm_counter:count_rtl_0|dffs[15] ; 0.500        ; 0.000      ; 8.900      ;
; -11.300 ; scan_key[1]~reg0 ; keycode[3]       ; lpm_counter:count_rtl_0|dffs[15] ; lpm_counter:count_rtl_0|dffs[15] ; 0.500        ; 0.000      ; 8.900      ;
; -11.300 ; scan_key[2]~reg0 ; keycode[0]       ; lpm_counter:count_rtl_0|dffs[15] ; lpm_counter:count_rtl_0|dffs[15] ; 0.500        ; 0.000      ; 8.900      ;
; -11.300 ; scan_key[0]~reg0 ; keycode[0]       ; lpm_counter:count_rtl_0|dffs[15] ; lpm_counter:count_rtl_0|dffs[15] ; 0.500        ; 0.000      ; 8.900      ;
; -11.300 ; scan_key[1]~reg0 ; keycode[2]       ; lpm_counter:count_rtl_0|dffs[15] ; lpm_counter:count_rtl_0|dffs[15] ; 0.500        ; 0.000      ; 8.900      ;
; -11.300 ; scan_key[2]~reg0 ; keycode[2]       ; lpm_counter:count_rtl_0|dffs[15] ; lpm_counter:count_rtl_0|dffs[15] ; 0.500        ; 0.000      ; 8.900      ;
; -11.300 ; scan_key[0]~reg0 ; keycode[1]       ; lpm_counter:count_rtl_0|dffs[15] ; lpm_counter:count_rtl_0|dffs[15] ; 0.500        ; 0.000      ; 8.900      ;
; -11.300 ; scan_key[1]~reg0 ; keycode[1]       ; lpm_counter:count_rtl_0|dffs[15] ; lpm_counter:count_rtl_0|dffs[15] ; 0.500        ; 0.000      ; 8.900      ;
; -10.900 ; keycode[3]       ; keycode[3]       ; lpm_counter:count_rtl_0|dffs[15] ; lpm_counter:count_rtl_0|dffs[15] ; 1.000        ; 0.000      ; 9.000      ;
; -10.900 ; keycode[0]       ; keycode[0]       ; lpm_counter:count_rtl_0|dffs[15] ; lpm_counter:count_rtl_0|dffs[15] ; 1.000        ; 0.000      ; 9.000      ;
; -10.900 ; keycode[2]       ; keycode[2]       ; lpm_counter:count_rtl_0|dffs[15] ; lpm_counter:count_rtl_0|dffs[15] ; 1.000        ; 0.000      ; 9.000      ;
; -10.900 ; keycode[1]       ; keycode[1]       ; lpm_counter:count_rtl_0|dffs[15] ; lpm_counter:count_rtl_0|dffs[15] ; 1.000        ; 0.000      ; 9.000      ;
; -9.000  ; scan_key[0]~reg0 ; scan_key[2]~reg0 ; lpm_counter:count_rtl_0|dffs[15] ; lpm_counter:count_rtl_0|dffs[15] ; 1.000        ; 0.000      ; 7.100      ;
; -9.000  ; scan_key[1]~reg0 ; scan_key[2]~reg0 ; lpm_counter:count_rtl_0|dffs[15] ; lpm_counter:count_rtl_0|dffs[15] ; 1.000        ; 0.000      ; 7.100      ;
; -9.000  ; scan_key[2]~reg0 ; scan_key[2]~reg0 ; lpm_counter:count_rtl_0|dffs[15] ; lpm_counter:count_rtl_0|dffs[15] ; 1.000        ; 0.000      ; 7.100      ;
; -9.000  ; scan_key[0]~reg0 ; scan_key[0]~reg0 ; lpm_counter:count_rtl_0|dffs[15] ; lpm_counter:count_rtl_0|dffs[15] ; 1.000        ; 0.000      ; 7.100      ;
; -9.000  ; scan_key[1]~reg0 ; scan_key[0]~reg0 ; lpm_counter:count_rtl_0|dffs[15] ; lpm_counter:count_rtl_0|dffs[15] ; 1.000        ; 0.000      ; 7.100      ;
; -9.000  ; scan_key[2]~reg0 ; scan_key[0]~reg0 ; lpm_counter:count_rtl_0|dffs[15] ; lpm_counter:count_rtl_0|dffs[15] ; 1.000        ; 0.000      ; 7.100      ;
; -9.000  ; scan_key[0]~reg0 ; scan_key[1]~reg0 ; lpm_counter:count_rtl_0|dffs[15] ; lpm_counter:count_rtl_0|dffs[15] ; 1.000        ; 0.000      ; 7.100      ;
; -9.000  ; scan_key[1]~reg0 ; scan_key[1]~reg0 ; lpm_counter:count_rtl_0|dffs[15] ; lpm_counter:count_rtl_0|dffs[15] ; 1.000        ; 0.000      ; 7.100      ;
; -9.000  ; scan_key[2]~reg0 ; scan_key[1]~reg0 ; lpm_counter:count_rtl_0|dffs[15] ; lpm_counter:count_rtl_0|dffs[15] ; 1.000        ; 0.000      ; 7.100      ;
+---------+------------------+------------------+----------------------------------+----------------------------------+--------------+------------+------------+


+----------------------------------------------------------------------------------------------------------------------------------------------------+
; Setup: 'fin'                                                                                                                                       ;
+--------+----------------------------------+----------------------------------+--------------+-------------+--------------+------------+------------+
; Slack  ; From Node                        ; To Node                          ; Launch Clock ; Latch Clock ; Relationship ; Clock Skew ; Data Delay ;
+--------+----------------------------------+----------------------------------+--------------+-------------+--------------+------------+------------+
; -9.000 ; lpm_counter:count_rtl_0|dffs[0]  ; lpm_counter:count_rtl_0|dffs[0]  ; fin          ; fin         ; 1.000        ; 0.000      ; 7.100      ;
; -9.000 ; lpm_counter:count_rtl_0|dffs[1]  ; lpm_counter:count_rtl_0|dffs[1]  ; fin          ; fin         ; 1.000        ; 0.000      ; 7.100      ;
; -9.000 ; lpm_counter:count_rtl_0|dffs[0]  ; lpm_counter:count_rtl_0|dffs[1]  ; fin          ; fin         ; 1.000        ; 0.000      ; 7.100      ;
; -9.000 ; lpm_counter:count_rtl_0|dffs[2]  ; lpm_counter:count_rtl_0|dffs[2]  ; fin          ; fin         ; 1.000        ; 0.000      ; 7.100      ;
; -9.000 ; lpm_counter:count_rtl_0|dffs[1]  ; lpm_counter:count_rtl_0|dffs[2]  ; fin          ; fin         ; 1.000        ; 0.000      ; 7.100      ;
; -9.000 ; lpm_counter:count_rtl_0|dffs[0]  ; lpm_counter:count_rtl_0|dffs[2]  ; fin          ; fin         ; 1.000        ; 0.000      ; 7.100      ;
; -9.000 ; lpm_counter:count_rtl_0|dffs[3]  ; lpm_counter:count_rtl_0|dffs[3]  ; fin          ; fin         ; 1.000        ; 0.000      ; 7.100      ;
; -9.000 ; lpm_counter:count_rtl_0|dffs[1]  ; lpm_counter:count_rtl_0|dffs[3]  ; fin          ; fin         ; 1.000        ; 0.000      ; 7.100      ;
; -9.000 ; lpm_counter:count_rtl_0|dffs[0]  ; lpm_counter:count_rtl_0|dffs[3]  ; fin          ; fin         ; 1.000        ; 0.000      ; 7.100      ;
; -9.000 ; lpm_counter:count_rtl_0|dffs[2]  ; lpm_counter:count_rtl_0|dffs[3]  ; fin          ; fin         ; 1.000        ; 0.000      ; 7.100      ;
; -9.000 ; lpm_counter:count_rtl_0|dffs[4]  ; lpm_counter:count_rtl_0|dffs[4]  ; fin          ; fin         ; 1.000        ; 0.000      ; 7.100      ;
; -9.000 ; lpm_counter:count_rtl_0|dffs[1]  ; lpm_counter:count_rtl_0|dffs[4]  ; fin          ; fin         ; 1.000        ; 0.000      ; 7.100      ;
; -9.000 ; lpm_counter:count_rtl_0|dffs[0]  ; lpm_counter:count_rtl_0|dffs[4]  ; fin          ; fin         ; 1.000        ; 0.000      ; 7.100      ;
; -9.000 ; lpm_counter:count_rtl_0|dffs[2]  ; lpm_counter:count_rtl_0|dffs[4]  ; fin          ; fin         ; 1.000        ; 0.000      ; 7.100      ;
; -9.000 ; lpm_counter:count_rtl_0|dffs[3]  ; lpm_counter:count_rtl_0|dffs[4]  ; fin          ; fin         ; 1.000        ; 0.000      ; 7.100      ;
; -9.000 ; lpm_counter:count_rtl_0|dffs[5]  ; lpm_counter:count_rtl_0|dffs[5]  ; fin          ; fin         ; 1.000        ; 0.000      ; 7.100      ;
; -9.000 ; lpm_counter:count_rtl_0|dffs[1]  ; lpm_counter:count_rtl_0|dffs[5]  ; fin          ; fin         ; 1.000        ; 0.000      ; 7.100      ;
; -9.000 ; lpm_counter:count_rtl_0|dffs[0]  ; lpm_counter:count_rtl_0|dffs[5]  ; fin          ; fin         ; 1.000        ; 0.000      ; 7.100      ;
; -9.000 ; lpm_counter:count_rtl_0|dffs[2]  ; lpm_counter:count_rtl_0|dffs[5]  ; fin          ; fin         ; 1.000        ; 0.000      ; 7.100      ;
; -9.000 ; lpm_counter:count_rtl_0|dffs[3]  ; lpm_counter:count_rtl_0|dffs[5]  ; fin          ; fin         ; 1.000        ; 0.000      ; 7.100      ;
; -9.000 ; lpm_counter:count_rtl_0|dffs[4]  ; lpm_counter:count_rtl_0|dffs[5]  ; fin          ; fin         ; 1.000        ; 0.000      ; 7.100      ;
; -9.000 ; lpm_counter:count_rtl_0|dffs[6]  ; lpm_counter:count_rtl_0|dffs[6]  ; fin          ; fin         ; 1.000        ; 0.000      ; 7.100      ;
; -9.000 ; lpm_counter:count_rtl_0|dffs[1]  ; lpm_counter:count_rtl_0|dffs[6]  ; fin          ; fin         ; 1.000        ; 0.000      ; 7.100      ;
; -9.000 ; lpm_counter:count_rtl_0|dffs[0]  ; lpm_counter:count_rtl_0|dffs[6]  ; fin          ; fin         ; 1.000        ; 0.000      ; 7.100      ;
; -9.000 ; lpm_counter:count_rtl_0|dffs[2]  ; lpm_counter:count_rtl_0|dffs[6]  ; fin          ; fin         ; 1.000        ; 0.000      ; 7.100      ;
; -9.000 ; lpm_counter:count_rtl_0|dffs[3]  ; lpm_counter:count_rtl_0|dffs[6]  ; fin          ; fin         ; 1.000        ; 0.000      ; 7.100      ;
; -9.000 ; lpm_counter:count_rtl_0|dffs[4]  ; lpm_counter:count_rtl_0|dffs[6]  ; fin          ; fin         ; 1.000        ; 0.000      ; 7.100      ;
; -9.000 ; lpm_counter:count_rtl_0|dffs[5]  ; lpm_counter:count_rtl_0|dffs[6]  ; fin          ; fin         ; 1.000        ; 0.000      ; 7.100      ;
; -9.000 ; lpm_counter:count_rtl_0|dffs[7]  ; lpm_counter:count_rtl_0|dffs[7]  ; fin          ; fin         ; 1.000        ; 0.000      ; 7.100      ;
; -9.000 ; lpm_counter:count_rtl_0|dffs[1]  ; lpm_counter:count_rtl_0|dffs[7]  ; fin          ; fin         ; 1.000        ; 0.000      ; 7.100      ;
; -9.000 ; lpm_counter:count_rtl_0|dffs[0]  ; lpm_counter:count_rtl_0|dffs[7]  ; fin          ; fin         ; 1.000        ; 0.000      ; 7.100      ;
; -9.000 ; lpm_counter:count_rtl_0|dffs[2]  ; lpm_counter:count_rtl_0|dffs[7]  ; fin          ; fin         ; 1.000        ; 0.000      ; 7.100      ;
; -9.000 ; lpm_counter:count_rtl_0|dffs[3]  ; lpm_counter:count_rtl_0|dffs[7]  ; fin          ; fin         ; 1.000        ; 0.000      ; 7.100      ;
; -9.000 ; lpm_counter:count_rtl_0|dffs[4]  ; lpm_counter:count_rtl_0|dffs[7]  ; fin          ; fin         ; 1.000        ; 0.000      ; 7.100      ;
; -9.000 ; lpm_counter:count_rtl_0|dffs[5]  ; lpm_counter:count_rtl_0|dffs[7]  ; fin          ; fin         ; 1.000        ; 0.000      ; 7.100      ;
; -9.000 ; lpm_counter:count_rtl_0|dffs[6]  ; lpm_counter:count_rtl_0|dffs[7]  ; fin          ; fin         ; 1.000        ; 0.000      ; 7.100      ;
; -9.000 ; lpm_counter:count_rtl_0|dffs[8]  ; lpm_counter:count_rtl_0|dffs[8]  ; fin          ; fin         ; 1.000        ; 0.000      ; 7.100      ;
; -9.000 ; lpm_counter:count_rtl_0|dffs[1]  ; lpm_counter:count_rtl_0|dffs[8]  ; fin          ; fin         ; 1.000        ; 0.000      ; 7.100      ;
; -9.000 ; lpm_counter:count_rtl_0|dffs[0]  ; lpm_counter:count_rtl_0|dffs[8]  ; fin          ; fin         ; 1.000        ; 0.000      ; 7.100      ;
; -9.000 ; lpm_counter:count_rtl_0|dffs[2]  ; lpm_counter:count_rtl_0|dffs[8]  ; fin          ; fin         ; 1.000        ; 0.000      ; 7.100      ;
; -9.000 ; lpm_counter:count_rtl_0|dffs[3]  ; lpm_counter:count_rtl_0|dffs[8]  ; fin          ; fin         ; 1.000        ; 0.000      ; 7.100      ;
; -9.000 ; lpm_counter:count_rtl_0|dffs[4]  ; lpm_counter:count_rtl_0|dffs[8]  ; fin          ; fin         ; 1.000        ; 0.000      ; 7.100      ;
; -9.000 ; lpm_counter:count_rtl_0|dffs[5]  ; lpm_counter:count_rtl_0|dffs[8]  ; fin          ; fin         ; 1.000        ; 0.000      ; 7.100      ;
; -9.000 ; lpm_counter:count_rtl_0|dffs[6]  ; lpm_counter:count_rtl_0|dffs[8]  ; fin          ; fin         ; 1.000        ; 0.000      ; 7.100      ;
; -9.000 ; lpm_counter:count_rtl_0|dffs[7]  ; lpm_counter:count_rtl_0|dffs[8]  ; fin          ; fin         ; 1.000        ; 0.000      ; 7.100      ;
; -9.000 ; lpm_counter:count_rtl_0|dffs[9]  ; lpm_counter:count_rtl_0|dffs[9]  ; fin          ; fin         ; 1.000        ; 0.000      ; 7.100      ;
; -9.000 ; lpm_counter:count_rtl_0|dffs[1]  ; lpm_counter:count_rtl_0|dffs[9]  ; fin          ; fin         ; 1.000        ; 0.000      ; 7.100      ;
; -9.000 ; lpm_counter:count_rtl_0|dffs[0]  ; lpm_counter:count_rtl_0|dffs[9]  ; fin          ; fin         ; 1.000        ; 0.000      ; 7.100      ;
; -9.000 ; lpm_counter:count_rtl_0|dffs[2]  ; lpm_counter:count_rtl_0|dffs[9]  ; fin          ; fin         ; 1.000        ; 0.000      ; 7.100      ;
; -9.000 ; lpm_counter:count_rtl_0|dffs[3]  ; lpm_counter:count_rtl_0|dffs[9]  ; fin          ; fin         ; 1.000        ; 0.000      ; 7.100      ;
; -9.000 ; lpm_counter:count_rtl_0|dffs[4]  ; lpm_counter:count_rtl_0|dffs[9]  ; fin          ; fin         ; 1.000        ; 0.000      ; 7.100      ;
; -9.000 ; lpm_counter:count_rtl_0|dffs[5]  ; lpm_counter:count_rtl_0|dffs[9]  ; fin          ; fin         ; 1.000        ; 0.000      ; 7.100      ;
; -9.000 ; lpm_counter:count_rtl_0|dffs[6]  ; lpm_counter:count_rtl_0|dffs[9]  ; fin          ; fin         ; 1.000        ; 0.000      ; 7.100      ;
; -9.000 ; lpm_counter:count_rtl_0|dffs[7]  ; lpm_counter:count_rtl_0|dffs[9]  ; fin          ; fin         ; 1.000        ; 0.000      ; 7.100      ;
; -9.000 ; lpm_counter:count_rtl_0|dffs[8]  ; lpm_counter:count_rtl_0|dffs[9]  ; fin          ; fin         ; 1.000        ; 0.000      ; 7.100      ;
; -9.000 ; lpm_counter:count_rtl_0|dffs[10] ; lpm_counter:count_rtl_0|dffs[10] ; fin          ; fin         ; 1.000        ; 0.000      ; 7.100      ;
; -9.000 ; lpm_counter:count_rtl_0|dffs[1]  ; lpm_counter:count_rtl_0|dffs[10] ; fin          ; fin         ; 1.000        ; 0.000      ; 7.100      ;
; -9.000 ; lpm_counter:count_rtl_0|dffs[0]  ; lpm_counter:count_rtl_0|dffs[10] ; fin          ; fin         ; 1.000        ; 0.000      ; 7.100      ;
; -9.000 ; lpm_counter:count_rtl_0|dffs[2]  ; lpm_counter:count_rtl_0|dffs[10] ; fin          ; fin         ; 1.000        ; 0.000      ; 7.100      ;
; -9.000 ; lpm_counter:count_rtl_0|dffs[3]  ; lpm_counter:count_rtl_0|dffs[10] ; fin          ; fin         ; 1.000        ; 0.000      ; 7.100      ;
; -9.000 ; lpm_counter:count_rtl_0|dffs[4]  ; lpm_counter:count_rtl_0|dffs[10] ; fin          ; fin         ; 1.000        ; 0.000      ; 7.100      ;
; -9.000 ; lpm_counter:count_rtl_0|dffs[5]  ; lpm_counter:count_rtl_0|dffs[10] ; fin          ; fin         ; 1.000        ; 0.000      ; 7.100      ;
; -9.000 ; lpm_counter:count_rtl_0|dffs[6]  ; lpm_counter:count_rtl_0|dffs[10] ; fin          ; fin         ; 1.000        ; 0.000      ; 7.100      ;
; -9.000 ; lpm_counter:count_rtl_0|dffs[7]  ; lpm_counter:count_rtl_0|dffs[10] ; fin          ; fin         ; 1.000        ; 0.000      ; 7.100      ;
; -9.000 ; lpm_counter:count_rtl_0|dffs[8]  ; lpm_counter:count_rtl_0|dffs[10] ; fin          ; fin         ; 1.000        ; 0.000      ; 7.100      ;
; -9.000 ; lpm_counter:count_rtl_0|dffs[9]  ; lpm_counter:count_rtl_0|dffs[10] ; fin          ; fin         ; 1.000        ; 0.000      ; 7.100      ;
; -9.000 ; lpm_counter:count_rtl_0|dffs[11] ; lpm_counter:count_rtl_0|dffs[11] ; fin          ; fin         ; 1.000        ; 0.000      ; 7.100      ;
; -9.000 ; lpm_counter:count_rtl_0|dffs[1]  ; lpm_counter:count_rtl_0|dffs[11] ; fin          ; fin         ; 1.000        ; 0.000      ; 7.100      ;
; -9.000 ; lpm_counter:count_rtl_0|dffs[0]  ; lpm_counter:count_rtl_0|dffs[11] ; fin          ; fin         ; 1.000        ; 0.000      ; 7.100      ;
; -9.000 ; lpm_counter:count_rtl_0|dffs[2]  ; lpm_counter:count_rtl_0|dffs[11] ; fin          ; fin         ; 1.000        ; 0.000      ; 7.100      ;
; -9.000 ; lpm_counter:count_rtl_0|dffs[3]  ; lpm_counter:count_rtl_0|dffs[11] ; fin          ; fin         ; 1.000        ; 0.000      ; 7.100      ;
; -9.000 ; lpm_counter:count_rtl_0|dffs[4]  ; lpm_counter:count_rtl_0|dffs[11] ; fin          ; fin         ; 1.000        ; 0.000      ; 7.100      ;
; -9.000 ; lpm_counter:count_rtl_0|dffs[5]  ; lpm_counter:count_rtl_0|dffs[11] ; fin          ; fin         ; 1.000        ; 0.000      ; 7.100      ;
; -9.000 ; lpm_counter:count_rtl_0|dffs[6]  ; lpm_counter:count_rtl_0|dffs[11] ; fin          ; fin         ; 1.000        ; 0.000      ; 7.100      ;
; -9.000 ; lpm_counter:count_rtl_0|dffs[7]  ; lpm_counter:count_rtl_0|dffs[11] ; fin          ; fin         ; 1.000        ; 0.000      ; 7.100      ;
; -9.000 ; lpm_counter:count_rtl_0|dffs[8]  ; lpm_counter:count_rtl_0|dffs[11] ; fin          ; fin         ; 1.000        ; 0.000      ; 7.100      ;
; -9.000 ; lpm_counter:count_rtl_0|dffs[9]  ; lpm_counter:count_rtl_0|dffs[11] ; fin          ; fin         ; 1.000        ; 0.000      ; 7.100      ;
; -9.000 ; lpm_counter:count_rtl_0|dffs[10] ; lpm_counter:count_rtl_0|dffs[11] ; fin          ; fin         ; 1.000        ; 0.000      ; 7.100      ;
; -9.000 ; lpm_counter:count_rtl_0|dffs[12] ; lpm_counter:count_rtl_0|dffs[12] ; fin          ; fin         ; 1.000        ; 0.000      ; 7.100      ;
; -9.000 ; lpm_counter:count_rtl_0|dffs[1]  ; lpm_counter:count_rtl_0|dffs[12] ; fin          ; fin         ; 1.000        ; 0.000      ; 7.100      ;
; -9.000 ; lpm_counter:count_rtl_0|dffs[0]  ; lpm_counter:count_rtl_0|dffs[12] ; fin          ; fin         ; 1.000        ; 0.000      ; 7.100      ;
; -9.000 ; lpm_counter:count_rtl_0|dffs[2]  ; lpm_counter:count_rtl_0|dffs[12] ; fin          ; fin         ; 1.000        ; 0.000      ; 7.100      ;
; -9.000 ; lpm_counter:count_rtl_0|dffs[3]  ; lpm_counter:count_rtl_0|dffs[12] ; fin          ; fin         ; 1.000        ; 0.000      ; 7.100      ;
; -9.000 ; lpm_counter:count_rtl_0|dffs[4]  ; lpm_counter:count_rtl_0|dffs[12] ; fin          ; fin         ; 1.000        ; 0.000      ; 7.100      ;
; -9.000 ; lpm_counter:count_rtl_0|dffs[5]  ; lpm_counter:count_rtl_0|dffs[12] ; fin          ; fin         ; 1.000        ; 0.000      ; 7.100      ;
; -9.000 ; lpm_counter:count_rtl_0|dffs[6]  ; lpm_counter:count_rtl_0|dffs[12] ; fin          ; fin         ; 1.000        ; 0.000      ; 7.100      ;
; -9.000 ; lpm_counter:count_rtl_0|dffs[7]  ; lpm_counter:count_rtl_0|dffs[12] ; fin          ; fin         ; 1.000        ; 0.000      ; 7.100      ;
; -9.000 ; lpm_counter:count_rtl_0|dffs[8]  ; lpm_counter:count_rtl_0|dffs[12] ; fin          ; fin         ; 1.000        ; 0.000      ; 7.100      ;
; -9.000 ; lpm_counter:count_rtl_0|dffs[9]  ; lpm_counter:count_rtl_0|dffs[12] ; fin          ; fin         ; 1.000        ; 0.000      ; 7.100      ;
; -9.000 ; lpm_counter:count_rtl_0|dffs[10] ; lpm_counter:count_rtl_0|dffs[12] ; fin          ; fin         ; 1.000        ; 0.000      ; 7.100      ;
; -9.000 ; lpm_counter:count_rtl_0|dffs[11] ; lpm_counter:count_rtl_0|dffs[12] ; fin          ; fin         ; 1.000        ; 0.000      ; 7.100      ;
; -9.000 ; lpm_counter:count_rtl_0|dffs[13] ; lpm_counter:count_rtl_0|dffs[13] ; fin          ; fin         ; 1.000        ; 0.000      ; 7.100      ;
; -9.000 ; lpm_counter:count_rtl_0|dffs[1]  ; lpm_counter:count_rtl_0|dffs[13] ; fin          ; fin         ; 1.000        ; 0.000      ; 7.100      ;
; -9.000 ; lpm_counter:count_rtl_0|dffs[0]  ; lpm_counter:count_rtl_0|dffs[13] ; fin          ; fin         ; 1.000        ; 0.000      ; 7.100      ;
; -9.000 ; lpm_counter:count_rtl_0|dffs[2]  ; lpm_counter:count_rtl_0|dffs[13] ; fin          ; fin         ; 1.000        ; 0.000      ; 7.100      ;
; -9.000 ; lpm_counter:count_rtl_0|dffs[3]  ; lpm_counter:count_rtl_0|dffs[13] ; fin          ; fin         ; 1.000        ; 0.000      ; 7.100      ;
; -9.000 ; lpm_counter:count_rtl_0|dffs[4]  ; lpm_counter:count_rtl_0|dffs[13] ; fin          ; fin         ; 1.000        ; 0.000      ; 7.100      ;
; -9.000 ; lpm_counter:count_rtl_0|dffs[5]  ; lpm_counter:count_rtl_0|dffs[13] ; fin          ; fin         ; 1.000        ; 0.000      ; 7.100      ;
; -9.000 ; lpm_counter:count_rtl_0|dffs[6]  ; lpm_counter:count_rtl_0|dffs[13] ; fin          ; fin         ; 1.000        ; 0.000      ; 7.100      ;
; -9.000 ; lpm_counter:count_rtl_0|dffs[7]  ; lpm_counter:count_rtl_0|dffs[13] ; fin          ; fin         ; 1.000        ; 0.000      ; 7.100      ;
+--------+----------------------------------+----------------------------------+--------------+-------------+--------------+------------+------------+


+-----------------------------------------------------------------------------------------------------------------------------------------------------------------------+
; Hold: 'fin'                                                                                                                                                           ;
+-------+----------------------------------+----------------------------------+----------------------------------+-------------+--------------+------------+------------+
; Slack ; From Node                        ; To Node                          ; Launch Clock                     ; Latch Clock ; Relationship ; Clock Skew ; Data Delay ;
+-------+----------------------------------+----------------------------------+----------------------------------+-------------+--------------+------------+------------+
; 0.600 ; lpm_counter:count_rtl_0|dffs[15] ; lpm_counter:count_rtl_0|dffs[15] ; lpm_counter:count_rtl_0|dffs[15] ; fin         ; 0.000        ; 3.600      ; 7.100      ;
; 1.100 ; lpm_counter:count_rtl_0|dffs[15] ; lpm_counter:count_rtl_0|dffs[15] ; lpm_counter:count_rtl_0|dffs[15] ; fin         ; -0.500       ; 3.600      ; 7.100      ;
; 5.800 ; lpm_counter:count_rtl_0|dffs[0]  ; lpm_counter:count_rtl_0|dffs[0]  ; fin                              ; fin         ; 0.000        ; 0.000      ; 7.100      ;
; 5.800 ; lpm_counter:count_rtl_0|dffs[1]  ; lpm_counter:count_rtl_0|dffs[1]  ; fin                              ; fin         ; 0.000        ; 0.000      ; 7.100      ;
; 5.800 ; lpm_counter:count_rtl_0|dffs[0]  ; lpm_counter:count_rtl_0|dffs[1]  ; fin                              ; fin         ; 0.000        ; 0.000      ; 7.100      ;
; 5.800 ; lpm_counter:count_rtl_0|dffs[2]  ; lpm_counter:count_rtl_0|dffs[2]  ; fin                              ; fin         ; 0.000        ; 0.000      ; 7.100      ;
; 5.800 ; lpm_counter:count_rtl_0|dffs[1]  ; lpm_counter:count_rtl_0|dffs[2]  ; fin                              ; fin         ; 0.000        ; 0.000      ; 7.100      ;
; 5.800 ; lpm_counter:count_rtl_0|dffs[0]  ; lpm_counter:count_rtl_0|dffs[2]  ; fin                              ; fin         ; 0.000        ; 0.000      ; 7.100      ;
; 5.800 ; lpm_counter:count_rtl_0|dffs[3]  ; lpm_counter:count_rtl_0|dffs[3]  ; fin                              ; fin         ; 0.000        ; 0.000      ; 7.100      ;
; 5.800 ; lpm_counter:count_rtl_0|dffs[1]  ; lpm_counter:count_rtl_0|dffs[3]  ; fin                              ; fin         ; 0.000        ; 0.000      ; 7.100      ;
; 5.800 ; lpm_counter:count_rtl_0|dffs[0]  ; lpm_counter:count_rtl_0|dffs[3]  ; fin                              ; fin         ; 0.000        ; 0.000      ; 7.100      ;
; 5.800 ; lpm_counter:count_rtl_0|dffs[2]  ; lpm_counter:count_rtl_0|dffs[3]  ; fin                              ; fin         ; 0.000        ; 0.000      ; 7.100      ;
; 5.800 ; lpm_counter:count_rtl_0|dffs[4]  ; lpm_counter:count_rtl_0|dffs[4]  ; fin                              ; fin         ; 0.000        ; 0.000      ; 7.100      ;
; 5.800 ; lpm_counter:count_rtl_0|dffs[1]  ; lpm_counter:count_rtl_0|dffs[4]  ; fin                              ; fin         ; 0.000        ; 0.000      ; 7.100      ;
; 5.800 ; lpm_counter:count_rtl_0|dffs[0]  ; lpm_counter:count_rtl_0|dffs[4]  ; fin                              ; fin         ; 0.000        ; 0.000      ; 7.100      ;
; 5.800 ; lpm_counter:count_rtl_0|dffs[2]  ; lpm_counter:count_rtl_0|dffs[4]  ; fin                              ; fin         ; 0.000        ; 0.000      ; 7.100      ;
; 5.800 ; lpm_counter:count_rtl_0|dffs[3]  ; lpm_counter:count_rtl_0|dffs[4]  ; fin                              ; fin         ; 0.000        ; 0.000      ; 7.100      ;
; 5.800 ; lpm_counter:count_rtl_0|dffs[5]  ; lpm_counter:count_rtl_0|dffs[5]  ; fin                              ; fin         ; 0.000        ; 0.000      ; 7.100      ;
; 5.800 ; lpm_counter:count_rtl_0|dffs[1]  ; lpm_counter:count_rtl_0|dffs[5]  ; fin                              ; fin         ; 0.000        ; 0.000      ; 7.100      ;
; 5.800 ; lpm_counter:count_rtl_0|dffs[0]  ; lpm_counter:count_rtl_0|dffs[5]  ; fin                              ; fin         ; 0.000        ; 0.000      ; 7.100      ;
; 5.800 ; lpm_counter:count_rtl_0|dffs[2]  ; lpm_counter:count_rtl_0|dffs[5]  ; fin                              ; fin         ; 0.000        ; 0.000      ; 7.100      ;
; 5.800 ; lpm_counter:count_rtl_0|dffs[3]  ; lpm_counter:count_rtl_0|dffs[5]  ; fin                              ; fin         ; 0.000        ; 0.000      ; 7.100      ;
; 5.800 ; lpm_counter:count_rtl_0|dffs[4]  ; lpm_counter:count_rtl_0|dffs[5]  ; fin                              ; fin         ; 0.000        ; 0.000      ; 7.100      ;
; 5.800 ; lpm_counter:count_rtl_0|dffs[6]  ; lpm_counter:count_rtl_0|dffs[6]  ; fin                              ; fin         ; 0.000        ; 0.000      ; 7.100      ;
; 5.800 ; lpm_counter:count_rtl_0|dffs[1]  ; lpm_counter:count_rtl_0|dffs[6]  ; fin                              ; fin         ; 0.000        ; 0.000      ; 7.100      ;
; 5.800 ; lpm_counter:count_rtl_0|dffs[0]  ; lpm_counter:count_rtl_0|dffs[6]  ; fin                              ; fin         ; 0.000        ; 0.000      ; 7.100      ;
; 5.800 ; lpm_counter:count_rtl_0|dffs[2]  ; lpm_counter:count_rtl_0|dffs[6]  ; fin                              ; fin         ; 0.000        ; 0.000      ; 7.100      ;
; 5.800 ; lpm_counter:count_rtl_0|dffs[3]  ; lpm_counter:count_rtl_0|dffs[6]  ; fin                              ; fin         ; 0.000        ; 0.000      ; 7.100      ;
; 5.800 ; lpm_counter:count_rtl_0|dffs[4]  ; lpm_counter:count_rtl_0|dffs[6]  ; fin                              ; fin         ; 0.000        ; 0.000      ; 7.100      ;
; 5.800 ; lpm_counter:count_rtl_0|dffs[5]  ; lpm_counter:count_rtl_0|dffs[6]  ; fin                              ; fin         ; 0.000        ; 0.000      ; 7.100      ;
; 5.800 ; lpm_counter:count_rtl_0|dffs[7]  ; lpm_counter:count_rtl_0|dffs[7]  ; fin                              ; fin         ; 0.000        ; 0.000      ; 7.100      ;
; 5.800 ; lpm_counter:count_rtl_0|dffs[1]  ; lpm_counter:count_rtl_0|dffs[7]  ; fin                              ; fin         ; 0.000        ; 0.000      ; 7.100      ;
; 5.800 ; lpm_counter:count_rtl_0|dffs[0]  ; lpm_counter:count_rtl_0|dffs[7]  ; fin                              ; fin         ; 0.000        ; 0.000      ; 7.100      ;
; 5.800 ; lpm_counter:count_rtl_0|dffs[2]  ; lpm_counter:count_rtl_0|dffs[7]  ; fin                              ; fin         ; 0.000        ; 0.000      ; 7.100      ;
; 5.800 ; lpm_counter:count_rtl_0|dffs[3]  ; lpm_counter:count_rtl_0|dffs[7]  ; fin                              ; fin         ; 0.000        ; 0.000      ; 7.100      ;
; 5.800 ; lpm_counter:count_rtl_0|dffs[4]  ; lpm_counter:count_rtl_0|dffs[7]  ; fin                              ; fin         ; 0.000        ; 0.000      ; 7.100      ;
; 5.800 ; lpm_counter:count_rtl_0|dffs[5]  ; lpm_counter:count_rtl_0|dffs[7]  ; fin                              ; fin         ; 0.000        ; 0.000      ; 7.100      ;
; 5.800 ; lpm_counter:count_rtl_0|dffs[6]  ; lpm_counter:count_rtl_0|dffs[7]  ; fin                              ; fin         ; 0.000        ; 0.000      ; 7.100      ;
; 5.800 ; lpm_counter:count_rtl_0|dffs[8]  ; lpm_counter:count_rtl_0|dffs[8]  ; fin                              ; fin         ; 0.000        ; 0.000      ; 7.100      ;
; 5.800 ; lpm_counter:count_rtl_0|dffs[1]  ; lpm_counter:count_rtl_0|dffs[8]  ; fin                              ; fin         ; 0.000        ; 0.000      ; 7.100      ;
; 5.800 ; lpm_counter:count_rtl_0|dffs[0]  ; lpm_counter:count_rtl_0|dffs[8]  ; fin                              ; fin         ; 0.000        ; 0.000      ; 7.100      ;
; 5.800 ; lpm_counter:count_rtl_0|dffs[2]  ; lpm_counter:count_rtl_0|dffs[8]  ; fin                              ; fin         ; 0.000        ; 0.000      ; 7.100      ;
; 5.800 ; lpm_counter:count_rtl_0|dffs[3]  ; lpm_counter:count_rtl_0|dffs[8]  ; fin                              ; fin         ; 0.000        ; 0.000      ; 7.100      ;
; 5.800 ; lpm_counter:count_rtl_0|dffs[4]  ; lpm_counter:count_rtl_0|dffs[8]  ; fin                              ; fin         ; 0.000        ; 0.000      ; 7.100      ;
; 5.800 ; lpm_counter:count_rtl_0|dffs[5]  ; lpm_counter:count_rtl_0|dffs[8]  ; fin                              ; fin         ; 0.000        ; 0.000      ; 7.100      ;
; 5.800 ; lpm_counter:count_rtl_0|dffs[6]  ; lpm_counter:count_rtl_0|dffs[8]  ; fin                              ; fin         ; 0.000        ; 0.000      ; 7.100      ;
; 5.800 ; lpm_counter:count_rtl_0|dffs[7]  ; lpm_counter:count_rtl_0|dffs[8]  ; fin                              ; fin         ; 0.000        ; 0.000      ; 7.100      ;
; 5.800 ; lpm_counter:count_rtl_0|dffs[9]  ; lpm_counter:count_rtl_0|dffs[9]  ; fin                              ; fin         ; 0.000        ; 0.000      ; 7.100      ;
; 5.800 ; lpm_counter:count_rtl_0|dffs[1]  ; lpm_counter:count_rtl_0|dffs[9]  ; fin                              ; fin         ; 0.000        ; 0.000      ; 7.100      ;
; 5.800 ; lpm_counter:count_rtl_0|dffs[0]  ; lpm_counter:count_rtl_0|dffs[9]  ; fin                              ; fin         ; 0.000        ; 0.000      ; 7.100      ;
; 5.800 ; lpm_counter:count_rtl_0|dffs[2]  ; lpm_counter:count_rtl_0|dffs[9]  ; fin                              ; fin         ; 0.000        ; 0.000      ; 7.100      ;
; 5.800 ; lpm_counter:count_rtl_0|dffs[3]  ; lpm_counter:count_rtl_0|dffs[9]  ; fin                              ; fin         ; 0.000        ; 0.000      ; 7.100      ;
; 5.800 ; lpm_counter:count_rtl_0|dffs[4]  ; lpm_counter:count_rtl_0|dffs[9]  ; fin                              ; fin         ; 0.000        ; 0.000      ; 7.100      ;
; 5.800 ; lpm_counter:count_rtl_0|dffs[5]  ; lpm_counter:count_rtl_0|dffs[9]  ; fin                              ; fin         ; 0.000        ; 0.000      ; 7.100      ;
; 5.800 ; lpm_counter:count_rtl_0|dffs[6]  ; lpm_counter:count_rtl_0|dffs[9]  ; fin                              ; fin         ; 0.000        ; 0.000      ; 7.100      ;
; 5.800 ; lpm_counter:count_rtl_0|dffs[7]  ; lpm_counter:count_rtl_0|dffs[9]  ; fin                              ; fin         ; 0.000        ; 0.000      ; 7.100      ;
; 5.800 ; lpm_counter:count_rtl_0|dffs[8]  ; lpm_counter:count_rtl_0|dffs[9]  ; fin                              ; fin         ; 0.000        ; 0.000      ; 7.100      ;
; 5.800 ; lpm_counter:count_rtl_0|dffs[10] ; lpm_counter:count_rtl_0|dffs[10] ; fin                              ; fin         ; 0.000        ; 0.000      ; 7.100      ;
; 5.800 ; lpm_counter:count_rtl_0|dffs[1]  ; lpm_counter:count_rtl_0|dffs[10] ; fin                              ; fin         ; 0.000        ; 0.000      ; 7.100      ;
; 5.800 ; lpm_counter:count_rtl_0|dffs[0]  ; lpm_counter:count_rtl_0|dffs[10] ; fin                              ; fin         ; 0.000        ; 0.000      ; 7.100      ;
; 5.800 ; lpm_counter:count_rtl_0|dffs[2]  ; lpm_counter:count_rtl_0|dffs[10] ; fin                              ; fin         ; 0.000        ; 0.000      ; 7.100      ;
; 5.800 ; lpm_counter:count_rtl_0|dffs[3]  ; lpm_counter:count_rtl_0|dffs[10] ; fin                              ; fin         ; 0.000        ; 0.000      ; 7.100      ;
; 5.800 ; lpm_counter:count_rtl_0|dffs[4]  ; lpm_counter:count_rtl_0|dffs[10] ; fin                              ; fin         ; 0.000        ; 0.000      ; 7.100      ;
; 5.800 ; lpm_counter:count_rtl_0|dffs[5]  ; lpm_counter:count_rtl_0|dffs[10] ; fin                              ; fin         ; 0.000        ; 0.000      ; 7.100      ;
; 5.800 ; lpm_counter:count_rtl_0|dffs[6]  ; lpm_counter:count_rtl_0|dffs[10] ; fin                              ; fin         ; 0.000        ; 0.000      ; 7.100      ;
; 5.800 ; lpm_counter:count_rtl_0|dffs[7]  ; lpm_counter:count_rtl_0|dffs[10] ; fin                              ; fin         ; 0.000        ; 0.000      ; 7.100      ;
; 5.800 ; lpm_counter:count_rtl_0|dffs[8]  ; lpm_counter:count_rtl_0|dffs[10] ; fin                              ; fin         ; 0.000        ; 0.000      ; 7.100      ;
; 5.800 ; lpm_counter:count_rtl_0|dffs[9]  ; lpm_counter:count_rtl_0|dffs[10] ; fin                              ; fin         ; 0.000        ; 0.000      ; 7.100      ;
; 5.800 ; lpm_counter:count_rtl_0|dffs[11] ; lpm_counter:count_rtl_0|dffs[11] ; fin                              ; fin         ; 0.000        ; 0.000      ; 7.100      ;
; 5.800 ; lpm_counter:count_rtl_0|dffs[1]  ; lpm_counter:count_rtl_0|dffs[11] ; fin                              ; fin         ; 0.000        ; 0.000      ; 7.100      ;
; 5.800 ; lpm_counter:count_rtl_0|dffs[0]  ; lpm_counter:count_rtl_0|dffs[11] ; fin                              ; fin         ; 0.000        ; 0.000      ; 7.100      ;
; 5.800 ; lpm_counter:count_rtl_0|dffs[2]  ; lpm_counter:count_rtl_0|dffs[11] ; fin                              ; fin         ; 0.000        ; 0.000      ; 7.100      ;
; 5.800 ; lpm_counter:count_rtl_0|dffs[3]  ; lpm_counter:count_rtl_0|dffs[11] ; fin                              ; fin         ; 0.000        ; 0.000      ; 7.100      ;
; 5.800 ; lpm_counter:count_rtl_0|dffs[4]  ; lpm_counter:count_rtl_0|dffs[11] ; fin                              ; fin         ; 0.000        ; 0.000      ; 7.100      ;
; 5.800 ; lpm_counter:count_rtl_0|dffs[5]  ; lpm_counter:count_rtl_0|dffs[11] ; fin                              ; fin         ; 0.000        ; 0.000      ; 7.100      ;
; 5.800 ; lpm_counter:count_rtl_0|dffs[6]  ; lpm_counter:count_rtl_0|dffs[11] ; fin                              ; fin         ; 0.000        ; 0.000      ; 7.100      ;
; 5.800 ; lpm_counter:count_rtl_0|dffs[7]  ; lpm_counter:count_rtl_0|dffs[11] ; fin                              ; fin         ; 0.000        ; 0.000      ; 7.100      ;
; 5.800 ; lpm_counter:count_rtl_0|dffs[8]  ; lpm_counter:count_rtl_0|dffs[11] ; fin                              ; fin         ; 0.000        ; 0.000      ; 7.100      ;
; 5.800 ; lpm_counter:count_rtl_0|dffs[9]  ; lpm_counter:count_rtl_0|dffs[11] ; fin                              ; fin         ; 0.000        ; 0.000      ; 7.100      ;
; 5.800 ; lpm_counter:count_rtl_0|dffs[10] ; lpm_counter:count_rtl_0|dffs[11] ; fin                              ; fin         ; 0.000        ; 0.000      ; 7.100      ;
; 5.800 ; lpm_counter:count_rtl_0|dffs[12] ; lpm_counter:count_rtl_0|dffs[12] ; fin                              ; fin         ; 0.000        ; 0.000      ; 7.100      ;
; 5.800 ; lpm_counter:count_rtl_0|dffs[1]  ; lpm_counter:count_rtl_0|dffs[12] ; fin                              ; fin         ; 0.000        ; 0.000      ; 7.100      ;
; 5.800 ; lpm_counter:count_rtl_0|dffs[0]  ; lpm_counter:count_rtl_0|dffs[12] ; fin                              ; fin         ; 0.000        ; 0.000      ; 7.100      ;
; 5.800 ; lpm_counter:count_rtl_0|dffs[2]  ; lpm_counter:count_rtl_0|dffs[12] ; fin                              ; fin         ; 0.000        ; 0.000      ; 7.100      ;
; 5.800 ; lpm_counter:count_rtl_0|dffs[3]  ; lpm_counter:count_rtl_0|dffs[12] ; fin                              ; fin         ; 0.000        ; 0.000      ; 7.100      ;
; 5.800 ; lpm_counter:count_rtl_0|dffs[4]  ; lpm_counter:count_rtl_0|dffs[12] ; fin                              ; fin         ; 0.000        ; 0.000      ; 7.100      ;
; 5.800 ; lpm_counter:count_rtl_0|dffs[5]  ; lpm_counter:count_rtl_0|dffs[12] ; fin                              ; fin         ; 0.000        ; 0.000      ; 7.100      ;
; 5.800 ; lpm_counter:count_rtl_0|dffs[6]  ; lpm_counter:count_rtl_0|dffs[12] ; fin                              ; fin         ; 0.000        ; 0.000      ; 7.100      ;
; 5.800 ; lpm_counter:count_rtl_0|dffs[7]  ; lpm_counter:count_rtl_0|dffs[12] ; fin                              ; fin         ; 0.000        ; 0.000      ; 7.100      ;
; 5.800 ; lpm_counter:count_rtl_0|dffs[8]  ; lpm_counter:count_rtl_0|dffs[12] ; fin                              ; fin         ; 0.000        ; 0.000      ; 7.100      ;
; 5.800 ; lpm_counter:count_rtl_0|dffs[9]  ; lpm_counter:count_rtl_0|dffs[12] ; fin                              ; fin         ; 0.000        ; 0.000      ; 7.100      ;
; 5.800 ; lpm_counter:count_rtl_0|dffs[10] ; lpm_counter:count_rtl_0|dffs[12] ; fin                              ; fin         ; 0.000        ; 0.000      ; 7.100      ;
; 5.800 ; lpm_counter:count_rtl_0|dffs[11] ; lpm_counter:count_rtl_0|dffs[12] ; fin                              ; fin         ; 0.000        ; 0.000      ; 7.100      ;
; 5.800 ; lpm_counter:count_rtl_0|dffs[13] ; lpm_counter:count_rtl_0|dffs[13] ; fin                              ; fin         ; 0.000        ; 0.000      ; 7.100      ;
; 5.800 ; lpm_counter:count_rtl_0|dffs[1]  ; lpm_counter:count_rtl_0|dffs[13] ; fin                              ; fin         ; 0.000        ; 0.000      ; 7.100      ;
; 5.800 ; lpm_counter:count_rtl_0|dffs[0]  ; lpm_counter:count_rtl_0|dffs[13] ; fin                              ; fin         ; 0.000        ; 0.000      ; 7.100      ;
; 5.800 ; lpm_counter:count_rtl_0|dffs[2]  ; lpm_counter:count_rtl_0|dffs[13] ; fin                              ; fin         ; 0.000        ; 0.000      ; 7.100      ;
; 5.800 ; lpm_counter:count_rtl_0|dffs[3]  ; lpm_counter:count_rtl_0|dffs[13] ; fin                              ; fin         ; 0.000        ; 0.000      ; 7.100      ;
; 5.800 ; lpm_counter:count_rtl_0|dffs[4]  ; lpm_counter:count_rtl_0|dffs[13] ; fin                              ; fin         ; 0.000        ; 0.000      ; 7.100      ;
; 5.800 ; lpm_counter:count_rtl_0|dffs[5]  ; lpm_counter:count_rtl_0|dffs[13] ; fin                              ; fin         ; 0.000        ; 0.000      ; 7.100      ;
+-------+----------------------------------+----------------------------------+----------------------------------+-------------+--------------+------------+------------+


+------------------------------------------------------------------------------------------------------------------------------------------------------------+
; Hold: 'lpm_counter:count_rtl_0|dffs[15]'                                                                                                                   ;
+-------+------------------+------------------+----------------------------------+----------------------------------+--------------+------------+------------+
; Slack ; From Node        ; To Node          ; Launch Clock                     ; Latch Clock                      ; Relationship ; Clock Skew ; Data Delay ;
+-------+------------------+------------------+----------------------------------+----------------------------------+--------------+------------+------------+
; 5.800 ; scan_key[0]~reg0 ; scan_key[2]~reg0 ; lpm_counter:count_rtl_0|dffs[15] ; lpm_counter:count_rtl_0|dffs[15] ; 0.000        ; 0.000      ; 7.100      ;
; 5.800 ; scan_key[1]~reg0 ; scan_key[2]~reg0 ; lpm_counter:count_rtl_0|dffs[15] ; lpm_counter:count_rtl_0|dffs[15] ; 0.000        ; 0.000      ; 7.100      ;
; 5.800 ; scan_key[2]~reg0 ; scan_key[2]~reg0 ; lpm_counter:count_rtl_0|dffs[15] ; lpm_counter:count_rtl_0|dffs[15] ; 0.000        ; 0.000      ; 7.100      ;
; 5.800 ; scan_key[0]~reg0 ; scan_key[0]~reg0 ; lpm_counter:count_rtl_0|dffs[15] ; lpm_counter:count_rtl_0|dffs[15] ; 0.000        ; 0.000      ; 7.100      ;
; 5.800 ; scan_key[1]~reg0 ; scan_key[0]~reg0 ; lpm_counter:count_rtl_0|dffs[15] ; lpm_counter:count_rtl_0|dffs[15] ; 0.000        ; 0.000      ; 7.100      ;
; 5.800 ; scan_key[2]~reg0 ; scan_key[0]~reg0 ; lpm_counter:count_rtl_0|dffs[15] ; lpm_counter:count_rtl_0|dffs[15] ; 0.000        ; 0.000      ; 7.100      ;
; 5.800 ; scan_key[0]~reg0 ; scan_key[1]~reg0 ; lpm_counter:count_rtl_0|dffs[15] ; lpm_counter:count_rtl_0|dffs[15] ; 0.000        ; 0.000      ; 7.100      ;
; 5.800 ; scan_key[1]~reg0 ; scan_key[1]~reg0 ; lpm_counter:count_rtl_0|dffs[15] ; lpm_counter:count_rtl_0|dffs[15] ; 0.000        ; 0.000      ; 7.100      ;
; 5.800 ; scan_key[2]~reg0 ; scan_key[1]~reg0 ; lpm_counter:count_rtl_0|dffs[15] ; lpm_counter:count_rtl_0|dffs[15] ; 0.000        ; 0.000      ; 7.100      ;
; 5.800 ; keycode[3]       ; keycode[3]       ; lpm_counter:count_rtl_0|dffs[15] ; lpm_counter:count_rtl_0|dffs[15] ; 0.000        ; 0.000      ; 7.100      ;
; 5.800 ; keycode[0]       ; keycode[0]       ; lpm_counter:count_rtl_0|dffs[15] ; lpm_counter:count_rtl_0|dffs[15] ; 0.000        ; 0.000      ; 7.100      ;
; 5.800 ; keycode[2]       ; keycode[2]       ; lpm_counter:count_rtl_0|dffs[15] ; lpm_counter:count_rtl_0|dffs[15] ; 0.000        ; 0.000      ; 7.100      ;
; 5.800 ; keycode[1]       ; keycode[1]       ; lpm_counter:count_rtl_0|dffs[15] ; lpm_counter:count_rtl_0|dffs[15] ; 0.000        ; 0.000      ; 7.100      ;
; 6.300 ; scan_key[2]~reg0 ; keycode[3]       ; lpm_counter:count_rtl_0|dffs[15] ; lpm_counter:count_rtl_0|dffs[15] ; -0.500       ; 0.000      ; 7.100      ;
; 6.300 ; scan_key[0]~reg0 ; keycode[3]       ; lpm_counter:count_rtl_0|dffs[15] ; lpm_counter:count_rtl_0|dffs[15] ; -0.500       ; 0.000      ; 7.100      ;
; 6.300 ; scan_key[1]~reg0 ; keycode[3]       ; lpm_counter:count_rtl_0|dffs[15] ; lpm_counter:count_rtl_0|dffs[15] ; -0.500       ; 0.000      ; 7.100      ;
; 6.300 ; scan_key[1]~reg0 ; keycode[0]       ; lpm_counter:count_rtl_0|dffs[15] ; lpm_counter:count_rtl_0|dffs[15] ; -0.500       ; 0.000      ; 7.100      ;
; 6.300 ; scan_key[2]~reg0 ; keycode[0]       ; lpm_counter:count_rtl_0|dffs[15] ; lpm_counter:count_rtl_0|dffs[15] ; -0.500       ; 0.000      ; 7.100      ;
; 6.300 ; scan_key[0]~reg0 ; keycode[0]       ; lpm_counter:count_rtl_0|dffs[15] ; lpm_counter:count_rtl_0|dffs[15] ; -0.500       ; 0.000      ; 7.100      ;
; 6.300 ; scan_key[0]~reg0 ; keycode[2]       ; lpm_counter:count_rtl_0|dffs[15] ; lpm_counter:count_rtl_0|dffs[15] ; -0.500       ; 0.000      ; 7.100      ;
; 6.300 ; scan_key[1]~reg0 ; keycode[2]       ; lpm_counter:count_rtl_0|dffs[15] ; lpm_counter:count_rtl_0|dffs[15] ; -0.500       ; 0.000      ; 7.100      ;
; 6.300 ; scan_key[2]~reg0 ; keycode[2]       ; lpm_counter:count_rtl_0|dffs[15] ; lpm_counter:count_rtl_0|dffs[15] ; -0.500       ; 0.000      ; 7.100      ;
; 6.300 ; scan_key[2]~reg0 ; keycode[1]       ; lpm_counter:count_rtl_0|dffs[15] ; lpm_counter:count_rtl_0|dffs[15] ; -0.500       ; 0.000      ; 7.100      ;
; 6.300 ; scan_key[0]~reg0 ; keycode[1]       ; lpm_counter:count_rtl_0|dffs[15] ; lpm_counter:count_rtl_0|dffs[15] ; -0.500       ; 0.000      ; 7.100      ;
; 6.300 ; scan_key[1]~reg0 ; keycode[1]       ; lpm_counter:count_rtl_0|dffs[15] ; lpm_counter:count_rtl_0|dffs[15] ; -0.500       ; 0.000      ; 7.100      ;
+-------+------------------+------------------+----------------------------------+----------------------------------+--------------+------------+------------+


+-------------------------------------------------------------------------------------------------------------------+
; Minimum Pulse Width: 'fin'                                                                                        ;
+--------+--------------+----------------+------------------+-------+------------+----------------------------------+
; Slack  ; Actual Width ; Required Width ; Type             ; Clock ; Clock Edge ; Target                           ;
+--------+--------------+----------------+------------------+-------+------------+----------------------------------+
; -3.500 ; 0.500        ; 4.000          ; High Pulse Width ; fin   ; Rise       ; lpm_counter:count_rtl_0|dffs[0]  ;
; -3.500 ; 0.500        ; 4.000          ; Low Pulse Width  ; fin   ; Rise       ; lpm_counter:count_rtl_0|dffs[0]  ;
; -3.500 ; 0.500        ; 4.000          ; High Pulse Width ; fin   ; Rise       ; lpm_counter:count_rtl_0|dffs[10] ;
; -3.500 ; 0.500        ; 4.000          ; Low Pulse Width  ; fin   ; Rise       ; lpm_counter:count_rtl_0|dffs[10] ;
; -3.500 ; 0.500        ; 4.000          ; High Pulse Width ; fin   ; Rise       ; lpm_counter:count_rtl_0|dffs[11] ;
; -3.500 ; 0.500        ; 4.000          ; Low Pulse Width  ; fin   ; Rise       ; lpm_counter:count_rtl_0|dffs[11] ;
; -3.500 ; 0.500        ; 4.000          ; High Pulse Width ; fin   ; Rise       ; lpm_counter:count_rtl_0|dffs[12] ;
; -3.500 ; 0.500        ; 4.000          ; Low Pulse Width  ; fin   ; Rise       ; lpm_counter:count_rtl_0|dffs[12] ;
; -3.500 ; 0.500        ; 4.000          ; High Pulse Width ; fin   ; Rise       ; lpm_counter:count_rtl_0|dffs[13] ;
; -3.500 ; 0.500        ; 4.000          ; Low Pulse Width  ; fin   ; Rise       ; lpm_counter:count_rtl_0|dffs[13] ;
; -3.500 ; 0.500        ; 4.000          ; High Pulse Width ; fin   ; Rise       ; lpm_counter:count_rtl_0|dffs[14] ;
; -3.500 ; 0.500        ; 4.000          ; Low Pulse Width  ; fin   ; Rise       ; lpm_counter:count_rtl_0|dffs[14] ;
; -3.500 ; 0.500        ; 4.000          ; High Pulse Width ; fin   ; Rise       ; lpm_counter:count_rtl_0|dffs[15] ;
; -3.500 ; 0.500        ; 4.000          ; Low Pulse Width  ; fin   ; Rise       ; lpm_counter:count_rtl_0|dffs[15] ;
; -3.500 ; 0.500        ; 4.000          ; High Pulse Width ; fin   ; Rise       ; lpm_counter:count_rtl_0|dffs[1]  ;
; -3.500 ; 0.500        ; 4.000          ; Low Pulse Width  ; fin   ; Rise       ; lpm_counter:count_rtl_0|dffs[1]  ;
; -3.500 ; 0.500        ; 4.000          ; High Pulse Width ; fin   ; Rise       ; lpm_counter:count_rtl_0|dffs[2]  ;
; -3.500 ; 0.500        ; 4.000          ; Low Pulse Width  ; fin   ; Rise       ; lpm_counter:count_rtl_0|dffs[2]  ;
; -3.500 ; 0.500        ; 4.000          ; High Pulse Width ; fin   ; Rise       ; lpm_counter:count_rtl_0|dffs[3]  ;
; -3.500 ; 0.500        ; 4.000          ; Low Pulse Width  ; fin   ; Rise       ; lpm_counter:count_rtl_0|dffs[3]  ;
; -3.500 ; 0.500        ; 4.000          ; High Pulse Width ; fin   ; Rise       ; lpm_counter:count_rtl_0|dffs[4]  ;
; -3.500 ; 0.500        ; 4.000          ; Low Pulse Width  ; fin   ; Rise       ; lpm_counter:count_rtl_0|dffs[4]  ;
; -3.500 ; 0.500        ; 4.000          ; High Pulse Width ; fin   ; Rise       ; lpm_counter:count_rtl_0|dffs[5]  ;
; -3.500 ; 0.500        ; 4.000          ; Low Pulse Width  ; fin   ; Rise       ; lpm_counter:count_rtl_0|dffs[5]  ;
; -3.500 ; 0.500        ; 4.000          ; High Pulse Width ; fin   ; Rise       ; lpm_counter:count_rtl_0|dffs[6]  ;
; -3.500 ; 0.500        ; 4.000          ; Low Pulse Width  ; fin   ; Rise       ; lpm_counter:count_rtl_0|dffs[6]  ;
; -3.500 ; 0.500        ; 4.000          ; High Pulse Width ; fin   ; Rise       ; lpm_counter:count_rtl_0|dffs[7]  ;
; -3.500 ; 0.500        ; 4.000          ; Low Pulse Width  ; fin   ; Rise       ; lpm_counter:count_rtl_0|dffs[7]  ;
; -3.500 ; 0.500        ; 4.000          ; High Pulse Width ; fin   ; Rise       ; lpm_counter:count_rtl_0|dffs[8]  ;
; -3.500 ; 0.500        ; 4.000          ; Low Pulse Width  ; fin   ; Rise       ; lpm_counter:count_rtl_0|dffs[8]  ;
; -3.500 ; 0.500        ; 4.000          ; High Pulse Width ; fin   ; Rise       ; lpm_counter:count_rtl_0|dffs[9]  ;
; -3.500 ; 0.500        ; 4.000          ; Low Pulse Width  ; fin   ; Rise       ; lpm_counter:count_rtl_0|dffs[9]  ;
; 0.500  ; 0.500        ; 0.000          ; High Pulse Width ; fin   ; Rise       ; count_rtl_0|dffs[0]|clk          ;
; 0.500  ; 0.500        ; 0.000          ; Low Pulse Width  ; fin   ; Rise       ; count_rtl_0|dffs[0]|clk          ;
; 0.500  ; 0.500        ; 0.000          ; High Pulse Width ; fin   ; Rise       ; count_rtl_0|dffs[10]|clk         ;
; 0.500  ; 0.500        ; 0.000          ; Low Pulse Width  ; fin   ; Rise       ; count_rtl_0|dffs[10]|clk         ;
; 0.500  ; 0.500        ; 0.000          ; High Pulse Width ; fin   ; Rise       ; count_rtl_0|dffs[11]|clk         ;
; 0.500  ; 0.500        ; 0.000          ; Low Pulse Width  ; fin   ; Rise       ; count_rtl_0|dffs[11]|clk         ;
; 0.500  ; 0.500        ; 0.000          ; High Pulse Width ; fin   ; Rise       ; count_rtl_0|dffs[12]|clk         ;
; 0.500  ; 0.500        ; 0.000          ; Low Pulse Width  ; fin   ; Rise       ; count_rtl_0|dffs[12]|clk         ;
; 0.500  ; 0.500        ; 0.000          ; High Pulse Width ; fin   ; Rise       ; count_rtl_0|dffs[13]|clk         ;
; 0.500  ; 0.500        ; 0.000          ; Low Pulse Width  ; fin   ; Rise       ; count_rtl_0|dffs[13]|clk         ;
; 0.500  ; 0.500        ; 0.000          ; High Pulse Width ; fin   ; Rise       ; count_rtl_0|dffs[14]|clk         ;
; 0.500  ; 0.500        ; 0.000          ; Low Pulse Width  ; fin   ; Rise       ; count_rtl_0|dffs[14]|clk         ;
; 0.500  ; 0.500        ; 0.000          ; High Pulse Width ; fin   ; Rise       ; count_rtl_0|dffs[15]|clk         ;
; 0.500  ; 0.500        ; 0.000          ; Low Pulse Width  ; fin   ; Rise       ; count_rtl_0|dffs[15]|clk         ;
; 0.500  ; 0.500        ; 0.000          ; High Pulse Width ; fin   ; Rise       ; count_rtl_0|dffs[1]|clk          ;
; 0.500  ; 0.500        ; 0.000          ; Low Pulse Width  ; fin   ; Rise       ; count_rtl_0|dffs[1]|clk          ;
; 0.500  ; 0.500        ; 0.000          ; High Pulse Width ; fin   ; Rise       ; count_rtl_0|dffs[2]|clk          ;
; 0.500  ; 0.500        ; 0.000          ; Low Pulse Width  ; fin   ; Rise       ; count_rtl_0|dffs[2]|clk          ;
; 0.500  ; 0.500        ; 0.000          ; High Pulse Width ; fin   ; Rise       ; count_rtl_0|dffs[3]|clk          ;
; 0.500  ; 0.500        ; 0.000          ; Low Pulse Width  ; fin   ; Rise       ; count_rtl_0|dffs[3]|clk          ;
; 0.500  ; 0.500        ; 0.000          ; High Pulse Width ; fin   ; Rise       ; count_rtl_0|dffs[4]|clk          ;
; 0.500  ; 0.500        ; 0.000          ; Low Pulse Width  ; fin   ; Rise       ; count_rtl_0|dffs[4]|clk          ;
; 0.500  ; 0.500        ; 0.000          ; High Pulse Width ; fin   ; Rise       ; count_rtl_0|dffs[5]|clk          ;
; 0.500  ; 0.500        ; 0.000          ; Low Pulse Width  ; fin   ; Rise       ; count_rtl_0|dffs[5]|clk          ;
; 0.500  ; 0.500        ; 0.000          ; High Pulse Width ; fin   ; Rise       ; count_rtl_0|dffs[6]|clk          ;
; 0.500  ; 0.500        ; 0.000          ; Low Pulse Width  ; fin   ; Rise       ; count_rtl_0|dffs[6]|clk          ;
; 0.500  ; 0.500        ; 0.000          ; High Pulse Width ; fin   ; Rise       ; count_rtl_0|dffs[7]|clk          ;
; 0.500  ; 0.500        ; 0.000          ; Low Pulse Width  ; fin   ; Rise       ; count_rtl_0|dffs[7]|clk          ;
; 0.500  ; 0.500        ; 0.000          ; High Pulse Width ; fin   ; Rise       ; count_rtl_0|dffs[8]|clk          ;
; 0.500  ; 0.500        ; 0.000          ; Low Pulse Width  ; fin   ; Rise       ; count_rtl_0|dffs[8]|clk          ;
; 0.500  ; 0.500        ; 0.000          ; High Pulse Width ; fin   ; Rise       ; count_rtl_0|dffs[9]|clk          ;
; 0.500  ; 0.500        ; 0.000          ; Low Pulse Width  ; fin   ; Rise       ; count_rtl_0|dffs[9]|clk          ;
; 0.500  ; 0.500        ; 0.000          ; High Pulse Width ; fin   ; Rise       ; fin|dataout                      ;
; 0.500  ; 0.500        ; 0.000          ; Low Pulse Width  ; fin   ; Rise       ; fin|dataout                      ;
+--------+--------------+----------------+------------------+-------+------------+----------------------------------+


+------------------------------------------------------------------------------------------------------------------------------------------+
; Minimum Pulse Width: 'lpm_counter:count_rtl_0|dffs[15]'                                                                                  ;
+--------+--------------+----------------+------------------+----------------------------------+------------+------------------------------+
; Slack  ; Actual Width ; Required Width ; Type             ; Clock                            ; Clock Edge ; Target                       ;
+--------+--------------+----------------+------------------+----------------------------------+------------+------------------------------+
; -3.500 ; 0.500        ; 4.000          ; High Pulse Width ; lpm_counter:count_rtl_0|dffs[15] ; Fall       ; keycode[0]                   ;
; -3.500 ; 0.500        ; 4.000          ; Low Pulse Width  ; lpm_counter:count_rtl_0|dffs[15] ; Fall       ; keycode[0]                   ;
; -3.500 ; 0.500        ; 4.000          ; High Pulse Width ; lpm_counter:count_rtl_0|dffs[15] ; Fall       ; keycode[1]                   ;
; -3.500 ; 0.500        ; 4.000          ; Low Pulse Width  ; lpm_counter:count_rtl_0|dffs[15] ; Fall       ; keycode[1]                   ;
; -3.500 ; 0.500        ; 4.000          ; High Pulse Width ; lpm_counter:count_rtl_0|dffs[15] ; Fall       ; keycode[2]                   ;
; -3.500 ; 0.500        ; 4.000          ; Low Pulse Width  ; lpm_counter:count_rtl_0|dffs[15] ; Fall       ; keycode[2]                   ;
; -3.500 ; 0.500        ; 4.000          ; High Pulse Width ; lpm_counter:count_rtl_0|dffs[15] ; Fall       ; keycode[3]                   ;
; -3.500 ; 0.500        ; 4.000          ; Low Pulse Width  ; lpm_counter:count_rtl_0|dffs[15] ; Fall       ; keycode[3]                   ;
; -3.500 ; 0.500        ; 4.000          ; High Pulse Width ; lpm_counter:count_rtl_0|dffs[15] ; Rise       ; scan_key[0]~reg0             ;
; -3.500 ; 0.500        ; 4.000          ; Low Pulse Width  ; lpm_counter:count_rtl_0|dffs[15] ; Rise       ; scan_key[0]~reg0             ;
; -3.500 ; 0.500        ; 4.000          ; High Pulse Width ; lpm_counter:count_rtl_0|dffs[15] ; Rise       ; scan_key[1]~reg0             ;
; -3.500 ; 0.500        ; 4.000          ; Low Pulse Width  ; lpm_counter:count_rtl_0|dffs[15] ; Rise       ; scan_key[1]~reg0             ;
; -3.500 ; 0.500        ; 4.000          ; High Pulse Width ; lpm_counter:count_rtl_0|dffs[15] ; Rise       ; scan_key[2]~reg0             ;
; -3.500 ; 0.500        ; 4.000          ; Low Pulse Width  ; lpm_counter:count_rtl_0|dffs[15] ; Rise       ; scan_key[2]~reg0             ;
; 0.500  ; 0.500        ; 0.000          ; High Pulse Width ; lpm_counter:count_rtl_0|dffs[15] ; Rise       ; count_rtl_0|dffs[15]|dataout ;
; 0.500  ; 0.500        ; 0.000          ; Low Pulse Width  ; lpm_counter:count_rtl_0|dffs[15] ; Rise       ; count_rtl_0|dffs[15]|dataout ;
; 0.500  ; 0.500        ; 0.000          ; High Pulse Width ; lpm_counter:count_rtl_0|dffs[15] ; Rise       ; keycode[0]|[8]               ;
; 0.500  ; 0.500        ; 0.000          ; Low Pulse Width  ; lpm_counter:count_rtl_0|dffs[15] ; Rise       ; keycode[0]|[8]               ;
; 0.500  ; 0.500        ; 0.000          ; High Pulse Width ; lpm_counter:count_rtl_0|dffs[15] ; Rise       ; keycode[1]|[8]               ;
; 0.500  ; 0.500        ; 0.000          ; Low Pulse Width  ; lpm_counter:count_rtl_0|dffs[15] ; Rise       ; keycode[1]|[8]               ;
; 0.500  ; 0.500        ; 0.000          ; High Pulse Width ; lpm_counter:count_rtl_0|dffs[15] ; Rise       ; keycode[2]|[8]               ;
; 0.500  ; 0.500        ; 0.000          ; Low Pulse Width  ; lpm_counter:count_rtl_0|dffs[15] ; Rise       ; keycode[2]|[8]               ;
; 0.500  ; 0.500        ; 0.000          ; High Pulse Width ; lpm_counter:count_rtl_0|dffs[15] ; Rise       ; keycode[3]|[8]               ;
; 0.500  ; 0.500        ; 0.000          ; Low Pulse Width  ; lpm_counter:count_rtl_0|dffs[15] ; Rise       ; keycode[3]|[8]               ;
; 0.500  ; 0.500        ; 0.000          ; High Pulse Width ; lpm_counter:count_rtl_0|dffs[15] ; Rise       ; scan_key[0]~reg0|[3]         ;
; 0.500  ; 0.500        ; 0.000          ; Low Pulse Width  ; lpm_counter:count_rtl_0|dffs[15] ; Rise       ; scan_key[0]~reg0|[3]         ;
; 0.500  ; 0.500        ; 0.000          ; High Pulse Width ; lpm_counter:count_rtl_0|dffs[15] ; Rise       ; scan_key[1]~reg0|[3]         ;
; 0.500  ; 0.500        ; 0.000          ; Low Pulse Width  ; lpm_counter:count_rtl_0|dffs[15] ; Rise       ; scan_key[1]~reg0|[3]         ;
; 0.500  ; 0.500        ; 0.000          ; High Pulse Width ; lpm_counter:count_rtl_0|dffs[15] ; Rise       ; scan_key[2]~reg0|[3]         ;
; 0.500  ; 0.500        ; 0.000          ; Low Pulse Width  ; lpm_counter:count_rtl_0|dffs[15] ; Rise       ; scan_key[2]~reg0|[3]         ;
+--------+--------------+----------------+------------------+----------------------------------+------------+------------------------------+


+------------------------------------------------------------------------------------------------------------------+
; Setup Times                                                                                                      ;
+---------------+----------------------------------+-------+-------+------------+----------------------------------+
; Data Port     ; Clock Port                       ; Rise  ; Fall  ; Clock Edge ; Clock Reference                  ;
+---------------+----------------------------------+-------+-------+------------+----------------------------------+
; touch_key[*]  ; lpm_counter:count_rtl_0|dffs[15] ; 6.800 ; 6.800 ; Fall       ; lpm_counter:count_rtl_0|dffs[15] ;
;  touch_key[0] ; lpm_counter:count_rtl_0|dffs[15] ; 6.800 ; 6.800 ; Fall       ; lpm_counter:count_rtl_0|dffs[15] ;
;  touch_key[1] ; lpm_counter:count_rtl_0|dffs[15] ; 6.800 ; 6.800 ; Fall       ; lpm_counter:count_rtl_0|dffs[15] ;
;  touch_key[2] ; lpm_counter:count_rtl_0|dffs[15] ; 6.800 ; 6.800 ; Fall       ; lpm_counter:count_rtl_0|dffs[15] ;
;  touch_key[3] ; lpm_counter:count_rtl_0|dffs[15] ; 6.800 ; 6.800 ; Fall       ; lpm_counter:count_rtl_0|dffs[15] ;
+---------------+----------------------------------+-------+-------+------------+----------------------------------+


+--------------------------------------------------------------------------------------------------------------------+
; Hold Times                                                                                                         ;
+---------------+----------------------------------+--------+--------+------------+----------------------------------+
; Data Port     ; Clock Port                       ; Rise   ; Fall   ; Clock Edge ; Clock Reference                  ;
+---------------+----------------------------------+--------+--------+------------+----------------------------------+
; touch_key[*]  ; lpm_counter:count_rtl_0|dffs[15] ; -0.800 ; -0.800 ; Fall       ; lpm_counter:count_rtl_0|dffs[15] ;
;  touch_key[0] ; lpm_counter:count_rtl_0|dffs[15] ; -0.800 ; -0.800 ; Fall       ; lpm_counter:count_rtl_0|dffs[15] ;
;  touch_key[1] ; lpm_counter:count_rtl_0|dffs[15] ; -0.800 ; -0.800 ; Fall       ; lpm_counter:count_rtl_0|dffs[15] ;
;  touch_key[2] ; lpm_counter:count_rtl_0|dffs[15] ; -0.800 ; -0.800 ; Fall       ; lpm_counter:count_rtl_0|dffs[15] ;
;  touch_key[3] ; lpm_counter:count_rtl_0|dffs[15] ; -0.800 ; -0.800 ; Fall       ; lpm_counter:count_rtl_0|dffs[15] ;
+---------------+----------------------------------+--------+--------+------------+----------------------------------+


+-------------------------------------------------------------------------------------------------------------------+
; Clock to Output Times                                                                                             ;
+--------------+----------------------------------+--------+--------+------------+----------------------------------+
; Data Port    ; Clock Port                       ; Rise   ; Fall   ; Clock Edge ; Clock Reference                  ;
+--------------+----------------------------------+--------+--------+------------+----------------------------------+
; scan_key[*]  ; lpm_counter:count_rtl_0|dffs[15] ; 8.200  ; 8.200  ; Rise       ; lpm_counter:count_rtl_0|dffs[15] ;
;  scan_key[0] ; lpm_counter:count_rtl_0|dffs[15] ; 8.200  ; 8.200  ; Rise       ; lpm_counter:count_rtl_0|dffs[15] ;
;  scan_key[1] ; lpm_counter:count_rtl_0|dffs[15] ; 8.200  ; 8.200  ; Rise       ; lpm_counter:count_rtl_0|dffs[15] ;
;  scan_key[2] ; lpm_counter:count_rtl_0|dffs[15] ; 8.200  ; 8.200  ; Rise       ; lpm_counter:count_rtl_0|dffs[15] ;
; seg_S[*]     ; lpm_counter:count_rtl_0|dffs[15] ; 15.100 ; 15.100 ; Fall       ; lpm_counter:count_rtl_0|dffs[15] ;
;  seg_S[0]    ; lpm_counter:count_rtl_0|dffs[15] ; 15.100 ; 15.100 ; Fall       ; lpm_counter:count_rtl_0|dffs[15] ;
;  seg_S[1]    ; lpm_counter:count_rtl_0|dffs[15] ; 15.100 ; 15.100 ; Fall       ; lpm_counter:count_rtl_0|dffs[15] ;
;  seg_S[2]    ; lpm_counter:count_rtl_0|dffs[15] ; 15.100 ; 15.100 ; Fall       ; lpm_counter:count_rtl_0|dffs[15] ;
;  seg_S[3]    ; lpm_counter:count_rtl_0|dffs[15] ; 15.100 ; 15.100 ; Fall       ; lpm_counter:count_rtl_0|dffs[15] ;
;  seg_S[4]    ; lpm_counter:count_rtl_0|dffs[15] ; 15.100 ; 15.100 ; Fall       ; lpm_counter:count_rtl_0|dffs[15] ;
;  seg_S[5]    ; lpm_counter:count_rtl_0|dffs[15] ; 15.100 ; 15.100 ; Fall       ; lpm_counter:count_rtl_0|dffs[15] ;
;  seg_S[6]    ; lpm_counter:count_rtl_0|dffs[15] ; 15.100 ; 15.100 ; Fall       ; lpm_counter:count_rtl_0|dffs[15] ;
+--------------+----------------------------------+--------+--------+------------+----------------------------------+


+-------------------------------------------------------------------------------------------------------------------+
; Minimum Clock to Output Times                                                                                     ;
+--------------+----------------------------------+--------+--------+------------+----------------------------------+
; Data Port    ; Clock Port                       ; Rise   ; Fall   ; Clock Edge ; Clock Reference                  ;
+--------------+----------------------------------+--------+--------+------------+----------------------------------+
; scan_key[*]  ; lpm_counter:count_rtl_0|dffs[15] ; 8.200  ; 8.200  ; Rise       ; lpm_counter:count_rtl_0|dffs[15] ;
;  scan_key[0] ; lpm_counter:count_rtl_0|dffs[15] ; 8.200  ; 8.200  ; Rise       ; lpm_counter:count_rtl_0|dffs[15] ;
;  scan_key[1] ; lpm_counter:count_rtl_0|dffs[15] ; 8.200  ; 8.200  ; Rise       ; lpm_counter:count_rtl_0|dffs[15] ;
;  scan_key[2] ; lpm_counter:count_rtl_0|dffs[15] ; 8.200  ; 8.200  ; Rise       ; lpm_counter:count_rtl_0|dffs[15] ;
; seg_S[*]     ; lpm_counter:count_rtl_0|dffs[15] ; 15.100 ; 15.100 ; Fall       ; lpm_counter:count_rtl_0|dffs[15] ;
;  seg_S[0]    ; lpm_counter:count_rtl_0|dffs[15] ; 15.100 ; 15.100 ; Fall       ; lpm_counter:count_rtl_0|dffs[15] ;
;  seg_S[1]    ; lpm_counter:count_rtl_0|dffs[15] ; 15.100 ; 15.100 ; Fall       ; lpm_counter:count_rtl_0|dffs[15] ;
;  seg_S[2]    ; lpm_counter:count_rtl_0|dffs[15] ; 15.100 ; 15.100 ; Fall       ; lpm_counter:count_rtl_0|dffs[15] ;
;  seg_S[3]    ; lpm_counter:count_rtl_0|dffs[15] ; 15.100 ; 15.100 ; Fall       ; lpm_counter:count_rtl_0|dffs[15] ;
;  seg_S[4]    ; lpm_counter:count_rtl_0|dffs[15] ; 15.100 ; 15.100 ; Fall       ; lpm_counter:count_rtl_0|dffs[15] ;
;  seg_S[5]    ; lpm_counter:count_rtl_0|dffs[15] ; 15.100 ; 15.100 ; Fall       ; lpm_counter:count_rtl_0|dffs[15] ;
;  seg_S[6]    ; lpm_counter:count_rtl_0|dffs[15] ; 15.100 ; 15.100 ; Fall       ; lpm_counter:count_rtl_0|dffs[15] ;
+--------------+----------------------------------+--------+--------+------------+----------------------------------+


+-----------------------------------------------------------------------------------------------------------------+
; Setup Transfers                                                                                                 ;
+----------------------------------+----------------------------------+----------+----------+----------+----------+
; From Clock                       ; To Clock                         ; RR Paths ; FR Paths ; RF Paths ; FF Paths ;
+----------------------------------+----------------------------------+----------+----------+----------+----------+
; fin                              ; fin                              ; 136      ; 0        ; 0        ; 0        ;
; lpm_counter:count_rtl_0|dffs[15] ; fin                              ; 1        ; 1        ; 0        ; 0        ;
; lpm_counter:count_rtl_0|dffs[15] ; lpm_counter:count_rtl_0|dffs[15] ; 12       ; 0        ; 144      ; 52       ;
+----------------------------------+----------------------------------+----------+----------+----------+----------+
Entries labeled "false path" only account for clock-to-clock false paths and not path-based false paths. As a result, actual path counts may be lower than reported.


+-----------------------------------------------------------------------------------------------------------------+
; Hold Transfers                                                                                                  ;
+----------------------------------+----------------------------------+----------+----------+----------+----------+
; From Clock                       ; To Clock                         ; RR Paths ; FR Paths ; RF Paths ; FF Paths ;
+----------------------------------+----------------------------------+----------+----------+----------+----------+
; fin                              ; fin                              ; 136      ; 0        ; 0        ; 0        ;
; lpm_counter:count_rtl_0|dffs[15] ; fin                              ; 1        ; 1        ; 0        ; 0        ;
; lpm_counter:count_rtl_0|dffs[15] ; lpm_counter:count_rtl_0|dffs[15] ; 12       ; 0        ; 144      ; 52       ;
+----------------------------------+----------------------------------+----------+----------+----------+----------+
Entries labeled "false path" only account for clock-to-clock false paths and not path-based false paths. As a result, actual path counts may be lower than reported.


---------------
; Report TCCS ;
---------------
No dedicated SERDES Transmitter circuitry present in device or used in design


---------------
; Report RSKM ;
---------------
No dedicated SERDES Receiver circuitry present in device or used in design


+------------------------------------------------+
; Unconstrained Paths                            ;
+---------------------------------+-------+------+
; Property                        ; Setup ; Hold ;
+---------------------------------+-------+------+
; Illegal Clocks                  ; 0     ; 0    ;
; Unconstrained Clocks            ; 0     ; 0    ;
; Unconstrained Input Ports       ; 4     ; 4    ;
; Unconstrained Input Port Paths  ; 16    ; 16   ;
; Unconstrained Output Ports      ; 10    ; 10   ;
; Unconstrained Output Port Paths ; 31    ; 31   ;
+---------------------------------+-------+------+


+------------------------------------+
; TimeQuest Timing Analyzer Messages ;
+------------------------------------+
Info: *******************************************************************
Info: Running Quartus II 64-Bit TimeQuest Timing Analyzer
    Info: Version 13.0.1 Build 232 06/12/2013 Service Pack 1 SJ Web Edition
    Info: Processing started: Mon Dec 05 22:52:58 2022
Info: Command: quartus_sta ww -c ww
Info: qsta_default_script.tcl version: #1
Warning (20028): Parallel compilation is not licensed and has been disabled
Info (306004): Started post-fitting delay annotation
Info (306005): Delay annotation completed successfully
Warning (335095): TimeQuest Timing Analyzer does not support the analysis of latches as synchronous elements for the currently selected device family.
Critical Warning (332012): Synopsys Design Constraints File file not found: 'ww.sdc'. A Synopsys Design Constraints File is required by the TimeQuest Timing Analyzer to get proper timing constraints. Without it, the Compiler will not properly optimize the design.
Info (332142): No user constrained base clocks found in the design. Calling "derive_clocks -period 1.0"
Info (332105): Deriving Clocks
    Info (332105): create_clock -period 1.000 -name fin fin
    Info (332105): create_clock -period 1.000 -name lpm_counter:count_rtl_0|dffs[15] lpm_counter:count_rtl_0|dffs[15]
Info: Found TIMEQUEST_REPORT_SCRIPT_INCLUDE_DEFAULT_ANALYSIS = ON
Critical Warning (332148): Timing requirements not met
Info (332146): Worst-case setup slack is -11.300
    Info (332119):     Slack End Point TNS Clock 
    Info (332119): ========= ============= =====================
    Info (332119):   -11.300       -72.200 lpm_counter:count_rtl_0|dffs[15] 
    Info (332119):    -9.000      -144.000 fin 
Info (332146): Worst-case hold slack is 0.600
    Info (332119):     Slack End Point TNS Clock 
    Info (332119): ========= ============= =====================
    Info (332119):     0.600         0.000 fin 
    Info (332119):     5.800         0.000 lpm_counter:count_rtl_0|dffs[15] 
Info (332140): No Recovery paths to report
Info (332140): No Removal paths to report
Info (332146): Worst-case minimum pulse width slack is -3.500
    Info (332119):     Slack End Point TNS Clock 
    Info (332119): ========= ============= =====================
    Info (332119):    -3.500      -112.000 fin 
    Info (332119):    -3.500       -49.000 lpm_counter:count_rtl_0|dffs[15] 
Info (332001): The selected device family is not supported by the report_metastability command.
Info (332102): Design is not fully constrained for setup requirements
Info (332102): Design is not fully constrained for hold requirements
Info: Quartus II 64-Bit TimeQuest Timing Analyzer was successful. 0 errors, 4 warnings
    Info: Peak virtual memory: 4525 megabytes
    Info: Processing ended: Mon Dec 05 22:53:00 2022
    Info: Elapsed time: 00:00:02
    Info: Total CPU time (on all processors): 00:00:02


